<?xml version="1.0" encoding="UTF-8"?>
<coverage generated="1768213297465" clover="3.2.0">
  <project timestamp="1768213297467" name="All files">
    <metrics statements="341" coveredstatements="252" conditionals="249" coveredconditionals="155" methods="90" coveredmethods="66" elements="680" coveredelements="473" complexity="0" loc="341" ncloc="341" packages="4" files="6" classes="6"/>
    <package name="components">
      <metrics statements="13" coveredstatements="12" conditionals="8" coveredconditionals="8" methods="6" coveredmethods="5"/>
      <file name="ErrorBoundary.tsx" path="/home/davidm/Projects/Mindmap-web/src/components/ErrorBoundary.tsx">
        <metrics statements="13" coveredstatements="12" conditionals="8" coveredconditionals="8" methods="6" coveredmethods="5"/>
        <line num="21" count="15" type="stmt"/>
        <line num="22" count="15" type="stmt"/>
        <line num="31" count="14" type="stmt"/>
        <line num="36" count="7" type="stmt"/>
        <line num="38" count="7" type="stmt"/>
        <line num="44" count="1" type="stmt"/>
        <line num="45" count="1" type="stmt"/>
        <line num="53" count="37" type="cond" truecount="2" falsecount="0"/>
        <line num="55" count="21" type="cond" truecount="2" falsecount="0"/>
        <line num="56" count="3" type="stmt"/>
        <line num="60" count="18" type="stmt"/>
        <line num="150" count="0" type="stmt"/>
        <line num="168" count="16" type="stmt"/>
      </file>
    </package>
    <package name="hooks">
      <metrics statements="117" coveredstatements="73" conditionals="56" coveredconditionals="21" methods="26" coveredmethods="16"/>
      <file name="useUndoRedo.ts" path="/home/davidm/Projects/Mindmap-web/src/hooks/useUndoRedo.ts">
        <metrics statements="117" coveredstatements="73" conditionals="56" coveredconditionals="21" methods="26" coveredmethods="16"/>
        <line num="25" count="1" type="stmt"/>
        <line num="26" count="1" type="stmt"/>
        <line num="27" count="1" type="stmt"/>
        <line num="28" count="1" type="stmt"/>
        <line num="31" count="1" type="cond" truecount="1" falsecount="1"/>
        <line num="32" count="0" type="stmt"/>
        <line num="33" count="0" type="cond" truecount="0" falsecount="2"/>
        <line num="35" count="0" type="stmt"/>
        <line num="36" count="0" type="cond" truecount="0" falsecount="2"/>
        <line num="37" count="0" type="stmt"/>
        <line num="38" count="0" type="stmt"/>
        <line num="39" count="0" type="cond" truecount="0" falsecount="2"/>
        <line num="40" count="0" type="stmt"/>
        <line num="42" count="0" type="stmt"/>
        <line num="45" count="0" type="stmt"/>
        <line num="49" count="1" type="cond" truecount="1" falsecount="1"/>
        <line num="50" count="0" type="stmt"/>
        <line num="51" count="0" type="cond" truecount="0" falsecount="2"/>
        <line num="52" count="0" type="stmt"/>
        <line num="54" count="0" type="stmt"/>
        <line num="58" count="1" type="cond" truecount="1" falsecount="1"/>
        <line num="59" count="0" type="stmt"/>
        <line num="60" count="0" type="cond" truecount="0" falsecount="2"/>
        <line num="61" count="0" type="stmt"/>
        <line num="63" count="0" type="stmt"/>
        <line num="67" count="1" type="cond" truecount="1" falsecount="1"/>
        <line num="68" count="0" type="stmt"/>
        <line num="72" count="1" type="stmt"/>
        <line num="73" count="1" type="stmt"/>
        <line num="74" count="1" type="cond" truecount="2" falsecount="0"/>
        <line num="76" count="1" type="cond" truecount="1" falsecount="1"/>
        <line num="77" count="1" type="cond" truecount="1" falsecount="1"/>
        <line num="81" count="0" type="stmt"/>
        <line num="82" count="0" type="stmt"/>
        <line num="83" count="0" type="cond" truecount="0" falsecount="2"/>
        <line num="85" count="0" type="cond" truecount="0" falsecount="2"/>
        <line num="86" count="0" type="stmt"/>
        <line num="90" count="0" type="stmt"/>
        <line num="91" count="0" type="stmt"/>
        <line num="92" count="0" type="cond" truecount="0" falsecount="2"/>
        <line num="94" count="0" type="cond" truecount="0" falsecount="2"/>
        <line num="95" count="0" type="stmt"/>
        <line num="99" count="0" type="stmt"/>
        <line num="100" count="0" type="stmt"/>
        <line num="101" count="0" type="cond" truecount="0" falsecount="2"/>
        <line num="103" count="0" type="cond" truecount="0" falsecount="2"/>
        <line num="104" count="0" type="stmt"/>
        <line num="107" count="0" type="stmt"/>
        <line num="114" count="30" type="stmt"/>
        <line num="115" count="30" type="stmt"/>
        <line num="116" count="30" type="stmt"/>
        <line num="118" count="30" type="stmt"/>
        <line num="119" count="30" type="stmt"/>
        <line num="122" count="30" type="stmt"/>
        <line num="123" count="73" type="stmt"/>
        <line num="124" count="73" type="stmt"/>
        <line num="125" count="73" type="stmt"/>
        <line num="128" count="73" type="cond" truecount="2" falsecount="0"/>
        <line num="129" count="1" type="stmt"/>
        <line num="132" count="73" type="stmt"/>
        <line num="139" count="73" type="stmt"/>
        <line num="141" count="73" type="stmt"/>
        <line num="144" count="73" type="stmt"/>
        <line num="145" count="73" type="stmt"/>
        <line num="149" count="30" type="stmt"/>
        <line num="150" count="4" type="stmt"/>
        <line num="151" count="4" type="stmt"/>
        <line num="152" count="4" type="cond" truecount="2" falsecount="0"/>
        <line num="154" count="3" type="stmt"/>
        <line num="155" count="3" type="stmt"/>
        <line num="156" count="3" type="stmt"/>
        <line num="159" count="3" type="stmt"/>
        <line num="162" count="3" type="stmt"/>
        <line num="167" count="3" type="stmt"/>
        <line num="169" count="4" type="stmt"/>
        <line num="173" count="30" type="stmt"/>
        <line num="174" count="2" type="stmt"/>
        <line num="175" count="2" type="stmt"/>
        <line num="176" count="2" type="cond" truecount="2" falsecount="0"/>
        <line num="178" count="1" type="stmt"/>
        <line num="179" count="1" type="stmt"/>
        <line num="180" count="1" type="stmt"/>
        <line num="183" count="1" type="stmt"/>
        <line num="186" count="1" type="stmt"/>
        <line num="191" count="1" type="stmt"/>
        <line num="193" count="2" type="stmt"/>
        <line num="197" count="30" type="stmt"/>
        <line num="198" count="1" type="cond" truecount="1" falsecount="1"/>
        <line num="200" count="1" type="cond" truecount="3" falsecount="1"/>
        <line num="202" count="1" type="stmt"/>
        <line num="203" count="1" type="stmt"/>
        <line num="204" count="1" type="stmt"/>
        <line num="206" count="1" type="stmt"/>
        <line num="207" count="1" type="stmt"/>
        <line num="208" count="1" type="stmt"/>
        <line num="210" count="1" type="stmt"/>
        <line num="213" count="0" type="cond" truecount="0" falsecount="4"/>
        <line num="215" count="0" type="stmt"/>
        <line num="216" count="0" type="stmt"/>
        <line num="217" count="0" type="stmt"/>
        <line num="219" count="0" type="stmt"/>
        <line num="220" count="0" type="stmt"/>
        <line num="221" count="0" type="stmt"/>
        <line num="223" count="0" type="stmt"/>
        <line num="228" count="30" type="stmt"/>
        <line num="229" count="1" type="stmt"/>
        <line num="230" count="1" type="stmt"/>
        <line num="234" count="1" type="cond" truecount="1" falsecount="1"/>
        <line num="235" count="1" type="stmt"/>
        <line num="245" count="1" type="stmt"/>
        <line num="246" count="0" type="stmt"/>
        <line num="249" count="1" type="stmt"/>
        <line num="253" count="30" type="stmt"/>
        <line num="254" count="1" type="stmt"/>
        <line num="255" count="1" type="stmt"/>
        <line num="256" count="1" type="stmt"/>
        <line num="259" count="30" type="stmt"/>
      </file>
    </package>
    <package name="utils">
      <metrics statements="161" coveredstatements="120" conditionals="100" coveredconditionals="63" methods="52" coveredmethods="39"/>
      <file name="mindmapConverter.ts" path="/home/davidm/Projects/Mindmap-web/src/utils/mindmapConverter.ts">
        <metrics statements="83" coveredstatements="75" conditionals="58" coveredconditionals="45" methods="28" coveredmethods="26"/>
        <line num="12" count="5" type="stmt"/>
        <line num="13" count="5" type="stmt"/>
        <line num="15" count="5" type="stmt"/>
        <line num="16" count="7" type="cond" truecount="2" falsecount="0"/>
        <line num="17" count="7" type="stmt"/>
        <line num="18" count="7" type="stmt"/>
        <line num="21" count="5" type="stmt"/>
        <line num="22" count="11" type="stmt"/>
        <line num="26" count="7" type="stmt"/>
        <line num="27" count="6" type="stmt"/>
        <line num="29" count="5" type="cond" truecount="2" falsecount="0"/>
        <line num="32" count="4" type="stmt"/>
        <line num="33" count="4" type="stmt"/>
        <line num="34" count="4" type="stmt"/>
        <line num="35" count="4" type="stmt"/>
        <line num="37" count="4" type="stmt"/>
        <line num="41" count="10" type="cond" truecount="2" falsecount="0"/>
        <line num="42" count="10" type="cond" truecount="1" falsecount="1"/>
        <line num="44" count="0" type="stmt"/>
        <line num="45" count="0" type="stmt"/>
        <line num="46" count="0" type="stmt"/>
        <line num="49" count="0" type="stmt"/>
        <line num="60" count="9" type="stmt"/>
        <line num="63" count="9" type="cond" truecount="2" falsecount="0"/>
        <line num="64" count="9" type="cond" truecount="2" falsecount="0"/>
        <line num="67" count="5" type="stmt"/>
        <line num="70" count="3" type="cond" truecount="1" falsecount="1"/>
        <line num="71" count="5" type="stmt"/>
        <line num="73" count="9" type="cond" truecount="1" falsecount="1"/>
        <line num="74" count="5" type="stmt"/>
        <line num="76" count="9" type="cond" truecount="1" falsecount="1"/>
        <line num="78" count="9" type="stmt"/>
        <line num="81" count="9" type="cond" truecount="2" falsecount="0"/>
        <line num="82" count="3" type="stmt"/>
        <line num="83" count="3" type="stmt"/>
        <line num="85" count="3" type="stmt"/>
        <line num="86" count="3" type="stmt"/>
        <line num="92" count="3" type="stmt"/>
        <line num="97" count="3" type="cond" truecount="2" falsecount="0"/>
        <line num="98" count="2" type="stmt"/>
        <line num="99" count="2" type="stmt"/>
        <line num="101" count="2" type="stmt"/>
        <line num="102" count="2" type="stmt"/>
        <line num="108" count="2" type="stmt"/>
        <line num="113" count="3" type="cond" truecount="1" falsecount="1"/>
        <line num="114" count="0" type="cond" truecount="0" falsecount="2"/>
        <line num="115" count="0" type="stmt"/>
        <line num="116" count="0" type="stmt"/>
        <line num="122" count="0" type="stmt"/>
        <line num="126" count="3" type="stmt"/>
        <line num="130" count="4" type="stmt"/>
        <line num="133" count="4" type="stmt"/>
        <line num="134" count="9" type="stmt"/>
        <line num="135" count="9" type="stmt"/>
        <line num="146" count="11" type="stmt"/>
        <line num="147" count="11" type="stmt"/>
        <line num="151" count="22" type="stmt"/>
        <line num="173" count="22" type="cond" truecount="2" falsecount="0"/>
        <line num="174" count="11" type="stmt"/>
        <line num="191" count="22" type="cond" truecount="4" falsecount="0"/>
        <line num="192" count="21" type="stmt"/>
        <line num="196" count="11" type="stmt"/>
        <line num="199" count="11" type="cond" truecount="2" falsecount="0"/>
        <line num="200" count="1" type="stmt"/>
        <line num="203" count="10" type="stmt"/>
        <line num="210" count="5" type="cond" truecount="2" falsecount="0"/>
        <line num="213" count="4" type="stmt"/>
        <line num="214" count="4" type="stmt"/>
        <line num="216" count="4" type="stmt"/>
        <line num="217" count="2" type="cond" truecount="2" falsecount="0"/>
        <line num="218" count="2" type="stmt"/>
        <line num="219" count="2" type="stmt"/>
        <line num="222" count="4" type="stmt"/>
        <line num="223" count="6" type="stmt"/>
        <line num="227" count="4" type="stmt"/>
        <line num="228" count="5" type="stmt"/>
        <line num="230" count="4" type="cond" truecount="1" falsecount="1"/>
        <line num="233" count="6" type="stmt"/>
        <line num="234" count="6" type="cond" truecount="2" falsecount="0"/>
        <line num="237" count="6" type="stmt"/>
        <line num="239" count="6" type="stmt"/>
        <line num="266" count="4" type="stmt"/>
        <line num="273" count="26" type="stmt"/>
      </file>
      <file name="sanitize.ts" path="/home/davidm/Projects/Mindmap-web/src/utils/sanitize.ts">
        <metrics statements="8" coveredstatements="6" conditionals="8" coveredconditionals="5" methods="3" coveredmethods="2"/>
        <line num="4" count="1" type="stmt"/>
        <line num="18" count="8" type="cond" truecount="2" falsecount="0"/>
        <line num="20" count="6" type="stmt"/>
        <line num="27" count="0" type="cond" truecount="0" falsecount="2"/>
        <line num="29" count="0" type="stmt"/>
        <line num="40" count="5" type="cond" truecount="2" falsecount="0"/>
        <line num="42" count="4" type="stmt"/>
        <line num="43" count="4" type="cond" truecount="1" falsecount="1"/>
      </file>
      <file name="theme.ts" path="/home/davidm/Projects/Mindmap-web/src/utils/theme.ts">
        <metrics statements="70" coveredstatements="39" conditionals="34" coveredconditionals="13" methods="21" coveredmethods="11"/>
        <line num="30" count="1" type="stmt"/>
        <line num="217" count="14" type="stmt"/>
        <line num="218" count="14" type="cond" truecount="2" falsecount="0"/>
        <line num="225" count="14" type="stmt"/>
        <line num="226" count="14" type="stmt"/>
        <line num="233" count="3" type="stmt"/>
        <line num="234" count="3" type="cond" truecount="2" falsecount="0"/>
        <line num="235" count="3" type="stmt"/>
        <line num="242" count="3" type="stmt"/>
        <line num="243" count="3" type="cond" truecount="2" falsecount="0"/>
        <line num="244" count="1" type="cond" truecount="1" falsecount="1"/>
        <line num="246" count="2" type="stmt"/>
        <line num="253" count="5" type="stmt"/>
        <line num="254" count="34" type="cond" truecount="2" falsecount="0"/>
        <line num="261" count="5" type="stmt"/>
        <line num="262" count="2" type="cond" truecount="1" falsecount="1"/>
        <line num="263" count="2" type="stmt"/>
        <line num="264" count="2" type="stmt"/>
        <line num="272" count="19" type="stmt"/>
        <line num="274" count="19" type="cond" truecount="2" falsecount="0"/>
        <line num="275" count="4" type="stmt"/>
        <line num="276" count="4" type="cond" truecount="1" falsecount="1"/>
        <line num="278" count="15" type="stmt"/>
        <line num="286" count="5" type="stmt"/>
        <line num="287" count="5" type="stmt"/>
        <line num="289" count="5" type="stmt"/>
        <line num="290" count="5" type="stmt"/>
        <line num="291" count="5" type="stmt"/>
        <line num="292" count="5" type="stmt"/>
        <line num="293" count="5" type="stmt"/>
        <line num="294" count="5" type="stmt"/>
        <line num="295" count="5" type="stmt"/>
        <line num="296" count="5" type="stmt"/>
        <line num="297" count="5" type="stmt"/>
        <line num="298" count="5" type="stmt"/>
        <line num="305" count="2" type="stmt"/>
        <line num="306" count="2" type="stmt"/>
        <line num="308" count="2" type="stmt"/>
        <line num="309" count="2" type="stmt"/>
        <line num="316" count="0" type="stmt"/>
        <line num="318" count="0" type="stmt"/>
        <line num="319" count="0" type="cond" truecount="0" falsecount="2"/>
        <line num="320" count="0" type="cond" truecount="0" falsecount="2"/>
        <line num="324" count="0" type="stmt"/>
        <line num="326" count="0" type="stmt"/>
        <line num="327" count="0" type="stmt"/>
        <line num="338" count="0" type="stmt"/>
        <line num="340" count="0" type="stmt"/>
        <line num="356" count="0" type="stmt"/>
        <line num="357" count="0" type="stmt"/>
        <line num="358" count="0" type="stmt"/>
        <line num="365" count="0" type="stmt"/>
        <line num="366" count="0" type="stmt"/>
        <line num="367" count="0" type="cond" truecount="0" falsecount="2"/>
        <line num="369" count="0" type="stmt"/>
        <line num="377" count="0" type="stmt"/>
        <line num="378" count="0" type="stmt"/>
        <line num="379" count="0" type="stmt"/>
        <line num="386" count="0" type="stmt"/>
        <line num="392" count="0" type="stmt"/>
        <line num="399" count="0" type="stmt"/>
        <line num="400" count="0" type="stmt"/>
        <line num="402" count="0" type="cond" truecount="0" falsecount="2"/>
        <line num="403" count="0" type="stmt"/>
        <line num="406" count="0" type="cond" truecount="0" falsecount="2"/>
        <line num="407" count="0" type="stmt"/>
        <line num="410" count="0" type="cond" truecount="0" falsecount="4"/>
        <line num="411" count="0" type="stmt"/>
        <line num="414" count="0" type="stmt"/>
        <line num="416" count="0" type="stmt"/>
      </file>
    </package>
    <package name="utils.formats">
      <metrics statements="50" coveredstatements="47" conditionals="85" coveredconditionals="63" methods="6" coveredmethods="6"/>
      <file name="freemindFormat.ts" path="/home/davidm/Projects/Mindmap-web/src/utils/formats/freemindFormat.ts">
        <metrics statements="50" coveredstatements="47" conditionals="85" coveredconditionals="63" methods="6" coveredmethods="6"/>
        <line num="9" count="13" type="stmt"/>
        <line num="10" count="13" type="stmt"/>
        <line num="12" count="13" type="stmt"/>
        <line num="13" count="13" type="cond" truecount="2" falsecount="0"/>
        <line num="14" count="1" type="stmt"/>
        <line num="17" count="12" type="stmt"/>
        <line num="21" count="23" type="stmt"/>
        <line num="22" count="23" type="stmt"/>
        <line num="24" count="23" type="stmt"/>
        <line num="25" count="14" type="stmt"/>
        <line num="26" count="14" type="cond" truecount="2" falsecount="0"/>
        <line num="27" count="11" type="stmt"/>
        <line num="40" count="23" type="stmt"/>
        <line num="41" count="14" type="stmt"/>
        <line num="42" count="14" type="cond" truecount="2" falsecount="0"/>
        <line num="43" count="1" type="cond" truecount="1" falsecount="1"/>
        <line num="44" count="13" type="cond" truecount="2" falsecount="0"/>
        <line num="45" count="1" type="stmt"/>
        <line num="50" count="12" type="cond" truecount="2" falsecount="0"/>
        <line num="51" count="1" type="cond" truecount="1" falsecount="1"/>
        <line num="52" count="1" type="cond" truecount="1" falsecount="1"/>
        <line num="53" count="1" type="stmt"/>
        <line num="54" count="1" type="stmt"/>
        <line num="55" count="11" type="cond" truecount="1" falsecount="1"/>
        <line num="56" count="0" type="stmt"/>
        <line num="62" count="23" type="stmt"/>
        <line num="89" count="18" type="stmt"/>
        <line num="92" count="18" type="stmt"/>
        <line num="102" count="18" type="stmt"/>
        <line num="105" count="18" type="cond" truecount="2" falsecount="0"/>
        <line num="106" count="1" type="stmt"/>
        <line num="110" count="18" type="cond" truecount="2" falsecount="0"/>
        <line num="111" count="1" type="stmt"/>
        <line num="116" count="1" type="cond" truecount="1" falsecount="1"/>
        <line num="117" count="1" type="stmt"/>
        <line num="122" count="18" type="cond" truecount="6" falsecount="0"/>
        <line num="123" count="1" type="stmt"/>
        <line num="129" count="1" type="cond" truecount="1" falsecount="1"/>
        <line num="130" count="1" type="stmt"/>
        <line num="135" count="18" type="cond" truecount="1" falsecount="1"/>
        <line num="136" count="0" type="stmt"/>
        <line num="139" count="0" type="stmt"/>
        <line num="143" count="18" type="cond" truecount="2" falsecount="0"/>
        <line num="144" count="5" type="stmt"/>
        <line num="145" count="7" type="stmt"/>
        <line num="149" count="18" type="stmt"/>
        <line num="150" count="18" type="stmt"/>
        <line num="153" count="11" type="stmt"/>
        <line num="154" count="11" type="stmt"/>
        <line num="160" count="21" type="stmt"/>
      </file>
    </package>
  </project>
</coverage>
