<?xml version="1.0" encoding="UTF-8"?>
<coverage generated="1770019476102" clover="3.2.0">
  <project timestamp="1770019476102" name="All files">
    <metrics statements="2919" coveredstatements="2092" conditionals="2159" coveredconditionals="1497" methods="851" coveredmethods="503" elements="5929" coveredelements="4092" complexity="0" loc="2919" ncloc="2919" packages="9" files="54" classes="54"/>
    <package name="components">
      <metrics statements="1192" coveredstatements="738" conditionals="1079" coveredconditionals="736" methods="461" coveredmethods="236"/>
      <file name="AIAssistantPanel.tsx" path="/home/davidm/Projects/mindmap-web/src/components/AIAssistantPanel.tsx">
        <metrics statements="70" coveredstatements="63" conditionals="112" coveredconditionals="91" methods="15" coveredmethods="15"/>
        <line num="24" count="271" type="cond" truecount="2" falsecount="0"/>
        <line num="25" count="271" type="stmt"/>
        <line num="26" count="53" type="cond" truecount="2" falsecount="0"/>
        <line num="28" count="271" type="stmt"/>
        <line num="29" count="271" type="stmt"/>
        <line num="30" count="271" type="stmt"/>
        <line num="31" count="271" type="stmt"/>
        <line num="34" count="271" type="stmt"/>
        <line num="42" count="271" type="stmt"/>
        <line num="43" count="56" type="stmt"/>
        <line num="46" count="271" type="stmt"/>
        <line num="47" count="61" type="stmt"/>
        <line num="50" count="271" type="stmt"/>
        <line num="51" count="74" type="stmt"/>
        <line num="54" count="271" type="stmt"/>
        <line num="55" count="18" type="cond" truecount="3" falsecount="1"/>
        <line num="57" count="18" type="stmt"/>
        <line num="58" count="18" type="stmt"/>
        <line num="59" count="18" type="stmt"/>
        <line num="60" count="14" type="stmt"/>
        <line num="63" count="14" type="stmt"/>
        <line num="64" count="14" type="cond" truecount="1" falsecount="1"/>
        <line num="65" count="14" type="stmt"/>
        <line num="68" count="4" type="stmt"/>
        <line num="72" count="4" type="cond" truecount="1" falsecount="1"/>
        <line num="74" count="18" type="stmt"/>
        <line num="78" count="271" type="stmt"/>
        <line num="79" count="2" type="cond" truecount="3" falsecount="1"/>
        <line num="81" count="2" type="stmt"/>
        <line num="83" count="2" type="stmt"/>
        <line num="84" count="2" type="stmt"/>
        <line num="90" count="2" type="stmt"/>
        <line num="91" count="2" type="stmt"/>
        <line num="93" count="0" type="stmt"/>
        <line num="97" count="0" type="cond" truecount="0" falsecount="2"/>
        <line num="99" count="2" type="stmt"/>
        <line num="103" count="271" type="stmt"/>
        <line num="104" count="2" type="cond" truecount="3" falsecount="1"/>
        <line num="106" count="2" type="stmt"/>
        <line num="108" count="2" type="stmt"/>
        <line num="109" count="2" type="stmt"/>
        <line num="115" count="2" type="stmt"/>
        <line num="116" count="2" type="stmt"/>
        <line num="118" count="0" type="stmt"/>
        <line num="122" count="0" type="cond" truecount="0" falsecount="2"/>
        <line num="124" count="2" type="stmt"/>
        <line num="128" count="271" type="cond" truecount="2" falsecount="0"/>
        <line num="130" count="269" type="stmt"/>
        <line num="205" count="9" type="stmt"/>
        <line num="238" count="3" type="stmt"/>
        <line num="347" count="163" type="stmt"/>
        <line num="433" count="22" type="stmt"/>
        <line num="447" count="22" type="cond" truecount="1" falsecount="1"/>
        <line num="449" count="22" type="cond" truecount="2" falsecount="0"/>
        <line num="450" count="21" type="stmt"/>
        <line num="466" count="19" type="cond" truecount="2" falsecount="0"/>
        <line num="467" count="2" type="stmt"/>
        <line num="468" count="2" type="cond" truecount="1" falsecount="1"/>
        <line num="471" count="17" type="stmt"/>
        <line num="472" count="17" type="cond" truecount="2" falsecount="0"/>
        <line num="473" count="1" type="cond" truecount="1" falsecount="1"/>
        <line num="474" count="1" type="stmt"/>
        <line num="489" count="1" type="cond" truecount="1" falsecount="1"/>
        <line num="490" count="0" type="stmt"/>
        <line num="491" count="0" type="cond" truecount="0" falsecount="2"/>
        <line num="494" count="1" type="stmt"/>
        <line num="495" count="1" type="cond" truecount="1" falsecount="1"/>
        <line num="498" count="0" type="stmt"/>
        <line num="503" count="23" type="stmt"/>
        <line num="504" count="14" type="stmt"/>
      </file>
      <file name="BulkOperationsPanel.tsx" path="/home/davidm/Projects/mindmap-web/src/components/BulkOperationsPanel.tsx">
        <metrics statements="39" coveredstatements="39" conditionals="28" coveredconditionals="27" methods="16" coveredmethods="16"/>
        <line num="14" count="2" type="stmt"/>
        <line num="27" count="2" type="stmt"/>
        <line num="38" count="2" type="stmt"/>
        <line num="57" count="67" type="stmt"/>
        <line num="58" count="67" type="stmt"/>
        <line num="59" count="67" type="stmt"/>
        <line num="60" count="67" type="stmt"/>
        <line num="63" count="67" type="stmt"/>
        <line num="64" count="26" type="stmt"/>
        <line num="65" count="28" type="stmt"/>
        <line num="68" count="26" type="stmt"/>
        <line num="69" count="26" type="stmt"/>
        <line num="70" count="26" type="stmt"/>
        <line num="73" count="67" type="stmt"/>
        <line num="148" count="10" type="stmt"/>
        <line num="149" count="10" type="stmt"/>
        <line num="150" count="10" type="stmt"/>
        <line num="192" count="1" type="stmt"/>
        <line num="193" count="1" type="stmt"/>
        <line num="208" count="180" type="stmt"/>
        <line num="209" count="180" type="stmt"/>
        <line num="214" count="1" type="stmt"/>
        <line num="215" count="1" type="stmt"/>
        <line num="240" count="5" type="stmt"/>
        <line num="241" count="5" type="stmt"/>
        <line num="242" count="5" type="stmt"/>
        <line num="284" count="1" type="stmt"/>
        <line num="285" count="1" type="stmt"/>
        <line num="299" count="64" type="stmt"/>
        <line num="303" count="1" type="stmt"/>
        <line num="304" count="1" type="stmt"/>
        <line num="328" count="3" type="stmt"/>
        <line num="329" count="3" type="stmt"/>
        <line num="330" count="3" type="stmt"/>
        <line num="370" count="30" type="stmt"/>
        <line num="374" count="1" type="stmt"/>
        <line num="375" count="1" type="stmt"/>
        <line num="434" count="180" type="stmt"/>
        <line num="446" count="180" type="cond" truecount="1" falsecount="1"/>
      </file>
      <file name="CloudBackground.tsx" path="/home/davidm/Projects/mindmap-web/src/components/CloudBackground.tsx">
        <metrics statements="9" coveredstatements="9" conditionals="6" coveredconditionals="6" methods="3" coveredmethods="3"/>
        <line num="13" count="2" type="stmt"/>
        <line num="15" count="102" type="stmt"/>
        <line num="17" count="38" type="cond" truecount="2" falsecount="0"/>
        <line num="19" count="5" type="stmt"/>
        <line num="34" count="8" type="cond" truecount="2" falsecount="0"/>
        <line num="35" count="8" type="stmt"/>
        <line num="36" count="8" type="stmt"/>
        <line num="38" count="8" type="stmt"/>
        <line num="60" count="2" type="stmt"/>
      </file>
      <file name="CommentsPanel.tsx" path="/home/davidm/Projects/mindmap-web/src/components/CommentsPanel.tsx">
        <metrics statements="17" coveredstatements="17" conditionals="38" coveredconditionals="36" methods="9" coveredmethods="9"/>
        <line num="34" count="73" type="stmt"/>
        <line num="35" count="73" type="stmt"/>
        <line num="37" count="73" type="stmt"/>
        <line num="38" count="24" type="stmt"/>
        <line num="41" count="73" type="cond" truecount="2" falsecount="0"/>
        <line num="43" count="213" type="stmt"/>
        <line num="44" count="138" type="stmt"/>
        <line num="46" count="72" type="stmt"/>
        <line num="47" count="2" type="stmt"/>
        <line num="48" count="2" type="cond" truecount="1" falsecount="1"/>
        <line num="49" count="2" type="stmt"/>
        <line num="50" count="2" type="stmt"/>
        <line num="53" count="72" type="stmt"/>
        <line num="175" count="138" type="stmt"/>
        <line num="244" count="1" type="stmt"/>
        <line num="260" count="1" type="stmt"/>
        <line num="299" count="47" type="stmt"/>
      </file>
      <file name="ConflictResolutionModal.tsx" path="/home/davidm/Projects/mindmap-web/src/components/ConflictResolutionModal.tsx">
        <metrics statements="2" coveredstatements="2" conditionals="2" coveredconditionals="2" methods="1" coveredmethods="1"/>
        <line num="14" count="10" type="cond" truecount="2" falsecount="0"/>
        <line num="16" count="9" type="stmt"/>
      </file>
      <file name="CrossLinkEdge.tsx" path="/home/davidm/Projects/mindmap-web/src/components/CrossLinkEdge.tsx">
        <metrics statements="4" coveredstatements="2" conditionals="3" coveredconditionals="0" methods="1" coveredmethods="0"/>
        <line num="5" count="1" type="stmt"/>
        <line num="16" count="0" type="stmt"/>
        <line num="25" count="0" type="stmt"/>
        <line num="66" count="1" type="stmt"/>
      </file>
      <file name="ErrorBoundary.tsx" path="/home/davidm/Projects/mindmap-web/src/components/ErrorBoundary.tsx">
        <metrics statements="13" coveredstatements="12" conditionals="8" coveredconditionals="8" methods="6" coveredmethods="5"/>
        <line num="21" count="15" type="stmt"/>
        <line num="22" count="15" type="stmt"/>
        <line num="31" count="14" type="stmt"/>
        <line num="36" count="7" type="stmt"/>
        <line num="38" count="7" type="stmt"/>
        <line num="44" count="1" type="stmt"/>
        <line num="45" count="1" type="stmt"/>
        <line num="53" count="37" type="cond" truecount="2" falsecount="0"/>
        <line num="55" count="21" type="cond" truecount="2" falsecount="0"/>
        <line num="56" count="3" type="stmt"/>
        <line num="60" count="18" type="stmt"/>
        <line num="150" count="0" type="stmt"/>
        <line num="168" count="16" type="stmt"/>
      </file>
      <file name="FeatureErrorBoundary.tsx" path="/home/davidm/Projects/mindmap-web/src/components/FeatureErrorBoundary.tsx">
        <metrics statements="16" coveredstatements="16" conditionals="11" coveredconditionals="10" methods="5" coveredmethods="5"/>
        <line num="34" count="356" type="stmt"/>
        <line num="35" count="356" type="stmt"/>
        <line num="39" count="16" type="stmt"/>
        <line num="44" count="8" type="cond" truecount="1" falsecount="1"/>
        <line num="45" count="8" type="stmt"/>
        <line num="46" count="8" type="stmt"/>
        <line num="50" count="8" type="stmt"/>
        <line num="56" count="1" type="stmt"/>
        <line num="57" count="1" type="stmt"/>
        <line num="61" count="645" type="stmt"/>
        <line num="62" count="645" type="stmt"/>
        <line num="64" count="645" type="cond" truecount="2" falsecount="0"/>
        <line num="66" count="16" type="cond" truecount="2" falsecount="0"/>
        <line num="67" count="2" type="stmt"/>
        <line num="71" count="14" type="stmt"/>
        <line num="140" count="629" type="stmt"/>
      </file>
      <file name="HistoryPanel.tsx" path="/home/davidm/Projects/mindmap-web/src/components/HistoryPanel.tsx">
        <metrics statements="22" coveredstatements="14" conditionals="58" coveredconditionals="45" methods="7" coveredmethods="5"/>
        <line num="17" count="102" type="stmt"/>
        <line num="18" count="102" type="stmt"/>
        <line num="19" count="102" type="stmt"/>
        <line num="20" count="102" type="stmt"/>
        <line num="21" count="102" type="stmt"/>
        <line num="23" count="102" type="cond" truecount="2" falsecount="0"/>
        <line num="24" count="68" type="cond" truecount="1" falsecount="1"/>
        <line num="25" count="0" type="cond" truecount="0" falsecount="2"/>
        <line num="26" count="0" type="stmt"/>
        <line num="38" count="34" type="stmt"/>
        <line num="40" count="19" type="stmt"/>
        <line num="168" count="51" type="stmt"/>
        <line num="204" count="1" type="cond" truecount="1" falsecount="1"/>
        <line num="207" count="1" type="cond" truecount="1" falsecount="1"/>
        <line num="208" count="1" type="cond" truecount="1" falsecount="1"/>
        <line num="211" count="1" type="stmt"/>
        <line num="215" count="0" type="cond" truecount="0" falsecount="2"/>
        <line num="216" count="0" type="stmt"/>
        <line num="217" count="0" type="stmt"/>
        <line num="221" count="0" type="cond" truecount="0" falsecount="2"/>
        <line num="222" count="0" type="stmt"/>
        <line num="223" count="0" type="stmt"/>
      </file>
      <file name="IconPicker.tsx" path="/home/davidm/Projects/mindmap-web/src/components/IconPicker.tsx">
        <metrics statements="17" coveredstatements="15" conditionals="32" coveredconditionals="29" methods="11" coveredmethods="10"/>
        <line num="11" count="25" type="stmt"/>
        <line num="12" count="25" type="stmt"/>
        <line num="14" count="25" type="cond" truecount="2" falsecount="0"/>
        <line num="17" count="265" type="cond" truecount="2" falsecount="0"/>
        <line num="21" count="3" type="cond" truecount="1" falsecount="1"/>
        <line num="24" count="25" type="stmt"/>
        <line num="44" count="7" type="stmt"/>
        <line num="85" count="5" type="stmt"/>
        <line num="86" count="5" type="stmt"/>
        <line num="107" count="0" type="stmt"/>
        <line num="108" count="0" type="stmt"/>
        <line num="125" count="150" type="stmt"/>
        <line num="128" count="3" type="stmt"/>
        <line num="129" count="3" type="stmt"/>
        <line num="168" count="1" type="stmt"/>
        <line num="191" count="941" type="stmt"/>
        <line num="193" count="1" type="stmt"/>
      </file>
      <file name="KeyboardShortcutsModal.tsx" path="/home/davidm/Projects/mindmap-web/src/components/KeyboardShortcutsModal.tsx">
        <metrics statements="27" coveredstatements="23" conditionals="25" coveredconditionals="14" methods="16" coveredmethods="12"/>
        <line num="11" count="1" type="stmt"/>
        <line num="52" count="25" type="stmt"/>
        <line num="59" count="1" type="stmt"/>
        <line num="60" count="1" type="stmt"/>
        <line num="61" count="1" type="stmt"/>
        <line num="64" count="1" type="stmt"/>
        <line num="73" count="1" type="stmt"/>
        <line num="74" count="1" type="stmt"/>
        <line num="75" count="1" type="stmt"/>
        <line num="78" count="1" type="stmt"/>
        <line num="79" count="1" type="stmt"/>
        <line num="80" count="1" type="stmt"/>
        <line num="83" count="1" type="stmt"/>
        <line num="85" count="25" type="cond" truecount="1" falsecount="2"/>
        <line num="87" count="0" type="stmt"/>
        <line num="89" count="25" type="cond" truecount="1" falsecount="1"/>
        <line num="91" count="25" type="cond" truecount="2" falsecount="0"/>
        <line num="94" count="1" type="stmt"/>
        <line num="157" count="0" type="stmt"/>
        <line num="176" count="0" type="stmt"/>
        <line num="192" count="5" type="stmt"/>
        <line num="194" count="0" type="stmt"/>
        <line num="235" count="5" type="cond" truecount="1" falsecount="1"/>
        <line num="237" count="5" type="stmt"/>
        <line num="259" count="125" type="stmt"/>
        <line num="261" count="25" type="stmt"/>
        <line num="278" count="49" type="stmt"/>
      </file>
      <file name="MetadataPanel.tsx" path="/home/davidm/Projects/mindmap-web/src/components/MetadataPanel.tsx">
        <metrics statements="77" coveredstatements="42" conditionals="50" coveredconditionals="35" methods="32" coveredmethods="12"/>
        <line num="29" count="107" type="cond" truecount="2" falsecount="0"/>
        <line num="30" count="107" type="cond" truecount="2" falsecount="0"/>
        <line num="31" count="107" type="cond" truecount="2" falsecount="0"/>
        <line num="32" count="107" type="cond" truecount="2" falsecount="0"/>
        <line num="33" count="107" type="cond" truecount="2" falsecount="0"/>
        <line num="34" count="107" type="stmt"/>
        <line num="35" count="107" type="stmt"/>
        <line num="36" count="107" type="stmt"/>
        <line num="37" count="107" type="stmt"/>
        <line num="38" count="107" type="cond" truecount="2" falsecount="0"/>
        <line num="39" count="107" type="stmt"/>
        <line num="41" count="107" type="stmt"/>
        <line num="42" count="1" type="stmt"/>
        <line num="44" count="1" type="cond" truecount="1" falsecount="1"/>
        <line num="45" count="1" type="cond" truecount="1" falsecount="1"/>
        <line num="46" count="1" type="cond" truecount="1" falsecount="1"/>
        <line num="47" count="1" type="cond" truecount="1" falsecount="1"/>
        <line num="48" count="1" type="stmt"/>
        <line num="50" count="2" type="stmt"/>
        <line num="53" count="1" type="cond" truecount="1" falsecount="1"/>
        <line num="55" count="1" type="stmt"/>
        <line num="58" count="107" type="stmt"/>
        <line num="59" count="1" type="stmt"/>
        <line num="60" count="1" type="stmt"/>
        <line num="61" count="1" type="stmt"/>
        <line num="62" count="1" type="stmt"/>
        <line num="63" count="1" type="stmt"/>
        <line num="64" count="1" type="stmt"/>
        <line num="67" count="107" type="stmt"/>
        <line num="68" count="0" type="stmt"/>
        <line num="69" count="0" type="cond" truecount="0" falsecount="2"/>
        <line num="72" count="0" type="cond" truecount="0" falsecount="2"/>
        <line num="73" count="0" type="stmt"/>
        <line num="74" count="0" type="stmt"/>
        <line num="75" count="0" type="stmt"/>
        <line num="76" count="0" type="stmt"/>
        <line num="84" count="0" type="stmt"/>
        <line num="86" count="0" type="stmt"/>
        <line num="89" count="0" type="stmt"/>
        <line num="90" count="0" type="stmt"/>
        <line num="91" count="0" type="stmt"/>
        <line num="92" count="0" type="stmt"/>
        <line num="99" count="0" type="stmt"/>
        <line num="101" count="0" type="stmt"/>
        <line num="105" count="0" type="cond" truecount="0" falsecount="2"/>
        <line num="106" count="0" type="stmt"/>
        <line num="110" count="107" type="stmt"/>
        <line num="111" count="0" type="cond" truecount="0" falsecount="2"/>
        <line num="113" count="0" type="stmt"/>
        <line num="120" count="0" type="stmt"/>
        <line num="121" count="0" type="stmt"/>
        <line num="122" count="0" type="stmt"/>
        <line num="125" count="107" type="stmt"/>
        <line num="126" count="0" type="stmt"/>
        <line num="129" count="107" type="cond" truecount="2" falsecount="0"/>
        <line num="130" count="74" type="stmt"/>
        <line num="148" count="33" type="stmt"/>
        <line num="185" count="1" type="stmt"/>
        <line num="208" count="0" type="stmt"/>
        <line num="230" count="0" type="stmt"/>
        <line num="256" count="1" type="stmt"/>
        <line num="283" count="1" type="stmt"/>
        <line num="327" count="1" type="stmt"/>
        <line num="337" count="1" type="stmt"/>
        <line num="352" count="1" type="stmt"/>
        <line num="386" count="0" type="stmt"/>
        <line num="401" count="1" type="stmt"/>
        <line num="422" count="0" type="stmt"/>
        <line num="456" count="0" type="stmt"/>
        <line num="489" count="0" type="stmt"/>
        <line num="490" count="0" type="stmt"/>
        <line num="513" count="26" type="stmt"/>
        <line num="566" count="0" type="stmt"/>
        <line num="628" count="0" type="stmt"/>
        <line num="642" count="0" type="stmt"/>
        <line num="643" count="0" type="stmt"/>
        <line num="645" count="0" type="stmt"/>
      </file>
      <file name="MindMapCanvas.tsx" path="/home/davidm/Projects/mindmap-web/src/components/MindMapCanvas.tsx">
        <metrics statements="487" coveredstatements="137" conditionals="301" coveredconditionals="93" methods="199" coveredmethods="32"/>
        <line num="33" count="1" type="stmt"/>
        <line num="34" count="1" type="stmt"/>
        <line num="35" count="1" type="stmt"/>
        <line num="36" count="1" type="stmt"/>
        <line num="37" count="1" type="stmt"/>
        <line num="38" count="1" type="stmt"/>
        <line num="39" count="1" type="stmt"/>
        <line num="40" count="1" type="stmt"/>
        <line num="41" count="1" type="stmt"/>
        <line num="54" count="1" type="stmt"/>
        <line num="58" count="1" type="stmt"/>
        <line num="68" count="79" type="cond" truecount="2" falsecount="0"/>
        <line num="72" count="79" type="stmt"/>
        <line num="73" count="79" type="stmt"/>
        <line num="74" count="79" type="stmt"/>
        <line num="75" count="79" type="stmt"/>
        <line num="76" count="79" type="stmt"/>
        <line num="77" count="79" type="stmt"/>
        <line num="78" count="79" type="stmt"/>
        <line num="79" count="79" type="stmt"/>
        <line num="80" count="79" type="stmt"/>
        <line num="81" count="79" type="stmt"/>
        <line num="82" count="79" type="stmt"/>
        <line num="83" count="79" type="stmt"/>
        <line num="84" count="79" type="stmt"/>
        <line num="85" count="79" type="stmt"/>
        <line num="86" count="79" type="stmt"/>
        <line num="93" count="79" type="stmt"/>
        <line num="94" count="79" type="stmt"/>
        <line num="95" count="79" type="stmt"/>
        <line num="96" count="79" type="stmt"/>
        <line num="97" count="79" type="stmt"/>
        <line num="98" count="79" type="stmt"/>
        <line num="99" count="79" type="stmt"/>
        <line num="100" count="79" type="stmt"/>
        <line num="101" count="79" type="stmt"/>
        <line num="102" count="79" type="stmt"/>
        <line num="103" count="79" type="stmt"/>
        <line num="104" count="79" type="stmt"/>
        <line num="105" count="79" type="stmt"/>
        <line num="106" count="79" type="stmt"/>
        <line num="107" count="79" type="stmt"/>
        <line num="108" count="79" type="stmt"/>
        <line num="109" count="31" type="cond" truecount="2" falsecount="0"/>
        <line num="110" count="31" type="cond" truecount="2" falsecount="0"/>
        <line num="111" count="31" type="stmt"/>
        <line num="113" count="79" type="stmt"/>
        <line num="115" count="79" type="cond" truecount="2" falsecount="0"/>
        <line num="116" count="79" type="stmt"/>
        <line num="119" count="79" type="stmt"/>
        <line num="121" count="0" type="stmt"/>
        <line num="123" count="0" type="stmt"/>
        <line num="124" count="0" type="stmt"/>
        <line num="126" count="0" type="stmt"/>
        <line num="127" count="0" type="stmt"/>
        <line num="129" count="0" type="stmt"/>
        <line num="130" count="0" type="stmt"/>
        <line num="131" count="0" type="stmt"/>
        <line num="132" count="0" type="stmt"/>
        <line num="137" count="0" type="stmt"/>
        <line num="138" count="0" type="cond" truecount="0" falsecount="2"/>
        <line num="139" count="0" type="stmt"/>
        <line num="147" count="0" type="stmt"/>
        <line num="154" count="79" type="stmt"/>
        <line num="156" count="0" type="stmt"/>
        <line num="158" count="0" type="stmt"/>
        <line num="159" count="0" type="stmt"/>
        <line num="161" count="0" type="stmt"/>
        <line num="162" count="0" type="stmt"/>
        <line num="164" count="0" type="stmt"/>
        <line num="165" count="0" type="stmt"/>
        <line num="166" count="0" type="stmt"/>
        <line num="167" count="0" type="stmt"/>
        <line num="172" count="0" type="stmt"/>
        <line num="173" count="0" type="cond" truecount="0" falsecount="2"/>
        <line num="174" count="0" type="stmt"/>
        <line num="182" count="0" type="stmt"/>
        <line num="190" count="79" type="stmt"/>
        <line num="191" count="102" type="stmt"/>
        <line num="198" count="79" type="stmt"/>
        <line num="202" count="0" type="stmt"/>
        <line num="206" count="79" type="stmt"/>
        <line num="215" count="79" type="stmt"/>
        <line num="218" count="79" type="stmt"/>
        <line num="221" count="0" type="stmt"/>
        <line num="225" count="0" type="stmt"/>
        <line num="230" count="79" type="stmt"/>
        <line num="235" count="79" type="stmt"/>
        <line num="236" count="31" type="stmt"/>
        <line num="240" count="79" type="stmt"/>
        <line num="241" count="31" type="stmt"/>
        <line num="242" count="0" type="stmt"/>
        <line num="243" count="0" type="stmt"/>
        <line num="244" count="0" type="stmt"/>
        <line num="245" count="0" type="cond" truecount="0" falsecount="2"/>
        <line num="246" count="0" type="stmt"/>
        <line num="255" count="0" type="stmt"/>
        <line num="260" count="31" type="stmt"/>
        <line num="261" count="0" type="stmt"/>
        <line num="262" count="0" type="stmt"/>
        <line num="263" count="0" type="stmt"/>
        <line num="264" count="0" type="cond" truecount="0" falsecount="2"/>
        <line num="265" count="0" type="stmt"/>
        <line num="274" count="0" type="stmt"/>
        <line num="279" count="31" type="stmt"/>
        <line num="280" count="0" type="stmt"/>
        <line num="281" count="0" type="stmt"/>
        <line num="284" count="31" type="stmt"/>
        <line num="285" count="0" type="stmt"/>
        <line num="286" count="0" type="stmt"/>
        <line num="289" count="31" type="stmt"/>
        <line num="290" count="31" type="stmt"/>
        <line num="291" count="31" type="stmt"/>
        <line num="292" count="31" type="stmt"/>
        <line num="293" count="31" type="stmt"/>
        <line num="294" count="31" type="stmt"/>
        <line num="295" count="31" type="stmt"/>
        <line num="296" count="31" type="stmt"/>
        <line num="297" count="31" type="stmt"/>
        <line num="302" count="79" type="stmt"/>
        <line num="304" count="0" type="stmt"/>
        <line num="305" count="0" type="cond" truecount="0" falsecount="2"/>
        <line num="307" count="0" type="stmt"/>
        <line num="317" count="0" type="stmt"/>
        <line num="318" count="0" type="stmt"/>
        <line num="327" count="0" type="stmt"/>
        <line num="330" count="0" type="stmt"/>
        <line num="331" count="0" type="stmt"/>
        <line num="334" count="0" type="stmt"/>
        <line num="340" count="79" type="stmt"/>
        <line num="342" count="0" type="stmt"/>
        <line num="343" count="0" type="cond" truecount="0" falsecount="2"/>
        <line num="346" count="0" type="stmt"/>
        <line num="347" count="0" type="cond" truecount="0" falsecount="2"/>
        <line num="349" count="0" type="stmt"/>
        <line num="359" count="0" type="stmt"/>
        <line num="360" count="0" type="stmt"/>
        <line num="362" count="0" type="stmt"/>
        <line num="363" count="0" type="stmt"/>
        <line num="366" count="0" type="stmt"/>
        <line num="369" count="0" type="stmt"/>
        <line num="372" count="0" type="stmt"/>
        <line num="373" count="0" type="stmt"/>
        <line num="383" count="0" type="stmt"/>
        <line num="384" count="0" type="stmt"/>
        <line num="393" count="0" type="stmt"/>
        <line num="395" count="0" type="stmt"/>
        <line num="396" count="0" type="stmt"/>
        <line num="399" count="0" type="stmt"/>
        <line num="405" count="79" type="stmt"/>
        <line num="408" count="0" type="cond" truecount="0" falsecount="2"/>
        <line num="411" count="0" type="stmt"/>
        <line num="412" count="0" type="stmt"/>
        <line num="414" count="0" type="stmt"/>
        <line num="415" count="0" type="stmt"/>
        <line num="416" count="0" type="stmt"/>
        <line num="417" count="0" type="stmt"/>
        <line num="418" count="0" type="stmt"/>
        <line num="419" count="0" type="stmt"/>
        <line num="424" count="0" type="stmt"/>
        <line num="425" count="0" type="cond" truecount="0" falsecount="2"/>
        <line num="428" count="0" type="cond" truecount="0" falsecount="6"/>
        <line num="429" count="0" type="stmt"/>
        <line num="435" count="79" type="stmt"/>
        <line num="436" count="0" type="stmt"/>
        <line num="439" count="0" type="cond" truecount="0" falsecount="2"/>
        <line num="440" count="0" type="stmt"/>
        <line num="442" count="0" type="stmt"/>
        <line num="443" count="0" type="stmt"/>
        <line num="444" count="0" type="stmt"/>
        <line num="445" count="0" type="stmt"/>
        <line num="446" count="0" type="stmt"/>
        <line num="450" count="79" type="stmt"/>
        <line num="452" count="0" type="stmt"/>
        <line num="453" count="0" type="stmt"/>
        <line num="454" count="0" type="cond" truecount="0" falsecount="2"/>
        <line num="455" count="0" type="stmt"/>
        <line num="463" count="0" type="stmt"/>
        <line num="471" count="79" type="stmt"/>
        <line num="472" count="31" type="stmt"/>
        <line num="473" count="32" type="stmt"/>
        <line num="476" count="31" type="stmt"/>
        <line num="477" count="31" type="stmt"/>
        <line num="478" count="31" type="stmt"/>
        <line num="482" count="79" type="stmt"/>
        <line num="483" count="31" type="stmt"/>
        <line num="484" count="0" type="stmt"/>
        <line num="488" count="31" type="stmt"/>
        <line num="491" count="31" type="stmt"/>
        <line num="493" count="31" type="stmt"/>
        <line num="494" count="31" type="stmt"/>
        <line num="495" count="31" type="stmt"/>
        <line num="499" count="79" type="stmt"/>
        <line num="500" count="0" type="cond" truecount="0" falsecount="2"/>
        <line num="502" count="0" type="stmt"/>
        <line num="503" count="0" type="cond" truecount="0" falsecount="2"/>
        <line num="504" count="0" type="stmt"/>
        <line num="505" count="0" type="stmt"/>
        <line num="509" count="79" type="stmt"/>
        <line num="510" count="0" type="cond" truecount="0" falsecount="2"/>
        <line num="512" count="0" type="stmt"/>
        <line num="513" count="0" type="cond" truecount="0" falsecount="2"/>
        <line num="514" count="0" type="stmt"/>
        <line num="515" count="0" type="stmt"/>
        <line num="520" count="79" type="stmt"/>
        <line num="521" count="0" type="stmt"/>
        <line num="522" count="0" type="stmt"/>
        <line num="523" count="0" type="stmt"/>
        <line num="524" count="0" type="stmt"/>
        <line num="528" count="79" type="stmt"/>
        <line num="530" count="0" type="cond" truecount="0" falsecount="6"/>
        <line num="531" count="0" type="stmt"/>
        <line num="532" count="0" type="stmt"/>
        <line num="533" count="0" type="stmt"/>
        <line num="534" count="0" type="stmt"/>
        <line num="537" count="0" type="stmt"/>
        <line num="538" count="0" type="stmt"/>
        <line num="545" count="0" type="stmt"/>
        <line num="548" count="0" type="cond" truecount="0" falsecount="2"/>
        <line num="549" count="0" type="cond" truecount="0" falsecount="2"/>
        <line num="550" count="0" type="cond" truecount="0" falsecount="2"/>
        <line num="551" count="0" type="cond" truecount="0" falsecount="2"/>
        <line num="553" count="0" type="stmt"/>
        <line num="554" count="0" type="stmt"/>
        <line num="557" count="0" type="cond" truecount="0" falsecount="2"/>
        <line num="558" count="0" type="stmt"/>
        <line num="559" count="0" type="stmt"/>
        <line num="563" count="0" type="cond" truecount="0" falsecount="2"/>
        <line num="564" count="0" type="stmt"/>
        <line num="565" count="0" type="cond" truecount="0" falsecount="2"/>
        <line num="566" count="0" type="cond" truecount="0" falsecount="2"/>
        <line num="569" count="0" type="cond" truecount="0" falsecount="2"/>
        <line num="571" count="0" type="cond" truecount="0" falsecount="2"/>
        <line num="573" count="0" type="stmt"/>
        <line num="574" count="0" type="cond" truecount="0" falsecount="2"/>
        <line num="577" count="0" type="cond" truecount="0" falsecount="2"/>
        <line num="582" count="0" type="cond" truecount="0" falsecount="4"/>
        <line num="583" count="0" type="stmt"/>
        <line num="587" count="0" type="cond" truecount="0" falsecount="4"/>
        <line num="588" count="0" type="stmt"/>
        <line num="592" count="0" type="cond" truecount="0" falsecount="2"/>
        <line num="593" count="0" type="cond" truecount="0" falsecount="2"/>
        <line num="594" count="0" type="stmt"/>
        <line num="595" count="0" type="cond" truecount="0" falsecount="2"/>
        <line num="596" count="0" type="stmt"/>
        <line num="600" count="0" type="stmt"/>
        <line num="602" count="0" type="stmt"/>
        <line num="604" count="0" type="stmt"/>
        <line num="605" count="0" type="stmt"/>
        <line num="606" count="0" type="stmt"/>
        <line num="608" count="0" type="cond" truecount="0" falsecount="2"/>
        <line num="609" count="0" type="stmt"/>
        <line num="613" count="79" type="stmt"/>
        <line num="614" count="0" type="cond" truecount="0" falsecount="2"/>
        <line num="616" count="0" type="stmt"/>
        <line num="617" count="0" type="stmt"/>
        <line num="618" count="0" type="stmt"/>
        <line num="621" count="79" type="stmt"/>
        <line num="622" count="0" type="cond" truecount="0" falsecount="2"/>
        <line num="624" count="0" type="stmt"/>
        <line num="625" count="0" type="stmt"/>
        <line num="626" count="0" type="stmt"/>
        <line num="629" count="79" type="stmt"/>
        <line num="630" count="0" type="cond" truecount="0" falsecount="2"/>
        <line num="632" count="0" type="stmt"/>
        <line num="633" count="0" type="stmt"/>
        <line num="634" count="0" type="cond" truecount="0" falsecount="2"/>
        <line num="635" count="0" type="stmt"/>
        <line num="644" count="0" type="stmt"/>
        <line num="649" count="79" type="stmt"/>
        <line num="650" count="0" type="cond" truecount="0" falsecount="2"/>
        <line num="652" count="0" type="stmt"/>
        <line num="653" count="0" type="stmt"/>
        <line num="654" count="0" type="cond" truecount="0" falsecount="2"/>
        <line num="655" count="0" type="stmt"/>
        <line num="664" count="0" type="stmt"/>
        <line num="669" count="79" type="stmt"/>
        <line num="670" count="0" type="cond" truecount="0" falsecount="2"/>
        <line num="672" count="0" type="stmt"/>
        <line num="673" count="0" type="stmt"/>
        <line num="674" count="0" type="cond" truecount="0" falsecount="2"/>
        <line num="675" count="0" type="stmt"/>
        <line num="684" count="0" type="stmt"/>
        <line num="690" count="79" type="stmt"/>
        <line num="691" count="0" type="cond" truecount="0" falsecount="2"/>
        <line num="692" count="0" type="stmt"/>
        <line num="693" count="0" type="stmt"/>
        <line num="694" count="0" type="cond" truecount="0" falsecount="2"/>
        <line num="695" count="0" type="stmt"/>
        <line num="697" count="0" type="stmt"/>
        <line num="700" count="0" type="stmt"/>
        <line num="701" count="0" type="stmt"/>
        <line num="704" count="0" type="stmt"/>
        <line num="705" count="0" type="stmt"/>
        <line num="709" count="79" type="stmt"/>
        <line num="710" count="0" type="stmt"/>
        <line num="711" count="0" type="stmt"/>
        <line num="712" count="0" type="stmt"/>
        <line num="715" count="79" type="stmt"/>
        <line num="716" count="0" type="stmt"/>
        <line num="717" count="0" type="stmt"/>
        <line num="720" count="79" type="stmt"/>
        <line num="721" count="0" type="cond" truecount="0" falsecount="2"/>
        <line num="724" count="0" type="cond" truecount="0" falsecount="2"/>
        <line num="725" count="0" type="stmt"/>
        <line num="726" count="0" type="stmt"/>
        <line num="730" count="0" type="stmt"/>
        <line num="731" count="0" type="stmt"/>
        <line num="733" count="0" type="stmt"/>
        <line num="734" count="0" type="stmt"/>
        <line num="735" count="0" type="stmt"/>
        <line num="736" count="0" type="cond" truecount="0" falsecount="4"/>
        <line num="737" count="0" type="stmt"/>
        <line num="738" count="0" type="stmt"/>
        <line num="743" count="0" type="stmt"/>
        <line num="744" count="0" type="cond" truecount="0" falsecount="2"/>
        <line num="745" count="0" type="stmt"/>
        <line num="748" count="79" type="stmt"/>
        <line num="749" count="0" type="cond" truecount="0" falsecount="2"/>
        <line num="751" count="0" type="stmt"/>
        <line num="752" count="0" type="stmt"/>
        <line num="753" count="0" type="cond" truecount="0" falsecount="2"/>
        <line num="754" count="0" type="stmt"/>
        <line num="763" count="0" type="stmt"/>
        <line num="768" count="79" type="stmt"/>
        <line num="769" count="0" type="cond" truecount="0" falsecount="2"/>
        <line num="771" count="0" type="stmt"/>
        <line num="772" count="0" type="stmt"/>
        <line num="773" count="0" type="cond" truecount="0" falsecount="2"/>
        <line num="774" count="0" type="stmt"/>
        <line num="783" count="0" type="stmt"/>
        <line num="788" count="79" type="stmt"/>
        <line num="789" count="0" type="cond" truecount="0" falsecount="2"/>
        <line num="791" count="0" type="stmt"/>
        <line num="792" count="0" type="stmt"/>
        <line num="793" count="0" type="cond" truecount="0" falsecount="2"/>
        <line num="794" count="0" type="stmt"/>
        <line num="803" count="0" type="stmt"/>
        <line num="809" count="79" type="stmt"/>
        <line num="810" count="0" type="stmt"/>
        <line num="811" count="0" type="stmt"/>
        <line num="812" count="0" type="stmt"/>
        <line num="813" count="0" type="stmt"/>
        <line num="814" count="0" type="stmt"/>
        <line num="816" count="0" type="stmt"/>
        <line num="822" count="79" type="stmt"/>
        <line num="825" count="0" type="stmt"/>
        <line num="833" count="0" type="stmt"/>
        <line num="834" count="0" type="cond" truecount="0" falsecount="2"/>
        <line num="837" count="0" type="stmt"/>
        <line num="847" count="0" type="stmt"/>
        <line num="854" count="0" type="stmt"/>
        <line num="855" count="0" type="stmt"/>
        <line num="858" count="79" type="stmt"/>
        <line num="859" count="0" type="stmt"/>
        <line num="860" count="0" type="cond" truecount="0" falsecount="2"/>
        <line num="863" count="0" type="stmt"/>
        <line num="864" count="0" type="stmt"/>
        <line num="865" count="0" type="stmt"/>
        <line num="866" count="0" type="stmt"/>
        <line num="867" count="0" type="stmt"/>
        <line num="868" count="0" type="cond" truecount="0" falsecount="4"/>
        <line num="869" count="0" type="stmt"/>
        <line num="870" count="0" type="stmt"/>
        <line num="875" count="0" type="stmt"/>
        <line num="876" count="0" type="stmt"/>
        <line num="879" count="0" type="stmt"/>
        <line num="883" count="79" type="stmt"/>
        <line num="884" count="0" type="cond" truecount="0" falsecount="2"/>
        <line num="886" count="0" type="stmt"/>
        <line num="896" count="0" type="stmt"/>
        <line num="899" count="79" type="stmt"/>
        <line num="900" count="0" type="stmt"/>
        <line num="901" count="0" type="stmt"/>
        <line num="902" count="0" type="cond" truecount="0" falsecount="2"/>
        <line num="907" count="79" type="stmt"/>
        <line num="908" count="0" type="stmt"/>
        <line num="911" count="79" type="stmt"/>
        <line num="913" count="0" type="stmt"/>
        <line num="921" count="0" type="stmt"/>
        <line num="922" count="0" type="cond" truecount="0" falsecount="2"/>
        <line num="923" count="0" type="stmt"/>
        <line num="924" count="0" type="stmt"/>
        <line num="931" count="79" type="stmt"/>
        <line num="932" count="0" type="cond" truecount="0" falsecount="2"/>
        <line num="933" count="0" type="cond" truecount="0" falsecount="2"/>
        <line num="935" count="0" type="stmt"/>
        <line num="936" count="0" type="cond" truecount="0" falsecount="2"/>
        <line num="938" count="0" type="cond" truecount="0" falsecount="2"/>
        <line num="940" count="0" type="cond" truecount="0" falsecount="2"/>
        <line num="941" count="0" type="stmt"/>
        <line num="949" count="0" type="stmt"/>
        <line num="953" count="0" type="stmt"/>
        <line num="954" count="0" type="stmt"/>
        <line num="960" count="79" type="stmt"/>
        <line num="1028" count="79" type="stmt"/>
        <line num="1029" count="0" type="stmt"/>
        <line num="1030" count="0" type="cond" truecount="0" falsecount="2"/>
        <line num="1031" count="0" type="stmt"/>
        <line num="1032" count="0" type="stmt"/>
        <line num="1033" count="0" type="stmt"/>
        <line num="1037" count="79" type="stmt"/>
        <line num="1038" count="0" type="cond" truecount="0" falsecount="2"/>
        <line num="1039" count="0" type="stmt"/>
        <line num="1040" count="0" type="stmt"/>
        <line num="1041" count="0" type="stmt"/>
        <line num="1045" count="79" type="stmt"/>
        <line num="1046" count="0" type="stmt"/>
        <line num="1047" count="0" type="cond" truecount="0" falsecount="2"/>
        <line num="1048" count="0" type="stmt"/>
        <line num="1049" count="0" type="stmt"/>
        <line num="1053" count="79" type="stmt"/>
        <line num="1064" count="4" type="cond" truecount="1" falsecount="1"/>
        <line num="1065" count="0" type="stmt"/>
        <line num="1066" count="4" type="cond" truecount="1" falsecount="1"/>
        <line num="1068" count="0" type="stmt"/>
        <line num="1071" count="4" type="cond" truecount="1" falsecount="1"/>
        <line num="1072" count="0" type="stmt"/>
        <line num="1074" count="4" type="stmt"/>
        <line num="1078" count="0" type="stmt"/>
        <line num="1079" count="0" type="stmt"/>
        <line num="1080" count="0" type="cond" truecount="0" falsecount="2"/>
        <line num="1081" count="0" type="stmt"/>
        <line num="1082" count="0" type="stmt"/>
        <line num="1145" count="1" type="stmt"/>
        <line num="1174" count="0" type="stmt"/>
        <line num="1177" count="0" type="stmt"/>
        <line num="1227" count="1" type="stmt"/>
        <line num="1246" count="0" type="stmt"/>
        <line num="1265" count="0" type="stmt"/>
        <line num="1284" count="0" type="stmt"/>
        <line num="1308" count="1" type="stmt"/>
        <line num="1309" count="1" type="stmt"/>
        <line num="1333" count="0" type="cond" truecount="0" falsecount="2"/>
        <line num="1342" count="0" type="stmt"/>
        <line num="1345" count="0" type="stmt"/>
        <line num="1348" count="0" type="stmt"/>
        <line num="1351" count="0" type="stmt"/>
        <line num="1354" count="0" type="stmt"/>
        <line num="1357" count="0" type="stmt"/>
        <line num="1360" count="0" type="stmt"/>
        <line num="1367" count="0" type="stmt"/>
        <line num="1370" count="0" type="stmt"/>
        <line num="1373" count="0" type="stmt"/>
        <line num="1377" count="0" type="stmt"/>
        <line num="1396" count="0" type="stmt"/>
        <line num="1399" count="0" type="stmt"/>
        <line num="1402" count="0" type="stmt"/>
        <line num="1405" count="0" type="stmt"/>
        <line num="1408" count="0" type="stmt"/>
        <line num="1416" count="1" type="stmt"/>
        <line num="1463" count="1" type="stmt"/>
        <line num="1480" count="1" type="stmt"/>
        <line num="1496" count="1" type="stmt"/>
        <line num="1512" count="3" type="stmt"/>
        <line num="1528" count="0" type="stmt"/>
        <line num="1545" count="0" type="stmt"/>
        <line num="1562" count="0" type="stmt"/>
        <line num="1579" count="0" type="stmt"/>
        <line num="1596" count="0" type="stmt"/>
        <line num="1613" count="1" type="stmt"/>
        <line num="1630" count="1" type="stmt"/>
        <line num="1667" count="0" type="stmt"/>
        <line num="1670" count="0" type="cond" truecount="0" falsecount="2"/>
        <line num="1671" count="0" type="stmt"/>
        <line num="1685" count="0" type="stmt"/>
        <line num="1694" count="0" type="stmt"/>
        <line num="1707" count="0" type="stmt"/>
        <line num="1717" count="0" type="stmt"/>
        <line num="1722" count="0" type="cond" truecount="2" falsecount="0"/>
        <line num="1733" count="0" type="stmt"/>
        <line num="1736" count="0" type="stmt"/>
        <line num="1746" count="0" type="cond" truecount="0" falsecount="2"/>
        <line num="1749" count="0" type="stmt"/>
        <line num="1750" count="0" type="stmt"/>
        <line num="1766" count="0" type="stmt"/>
        <line num="1782" count="0" type="stmt"/>
        <line num="1805" count="0" type="stmt"/>
        <line num="1808" count="0" type="cond" truecount="0" falsecount="2"/>
        <line num="1809" count="0" type="stmt"/>
        <line num="1825" count="0" type="stmt"/>
        <line num="1840" count="0" type="stmt"/>
        <line num="1856" count="0" type="stmt"/>
        <line num="1871" count="0" type="stmt"/>
        <line num="1885" count="0" type="stmt"/>
        <line num="1900" count="0" type="stmt"/>
        <line num="1912" count="31" type="stmt"/>
      </file>
      <file name="MindMapNode.tsx" path="/home/davidm/Projects/mindmap-web/src/components/MindMapNode.tsx">
        <metrics statements="61" coveredstatements="61" conditionals="125" coveredconditionals="120" methods="16" coveredmethods="15"/>
        <line num="9" count="2" type="stmt"/>
        <line num="10" count="157" type="stmt"/>
        <line num="11" count="157" type="cond" truecount="2" falsecount="0"/>
        <line num="12" count="157" type="stmt"/>
        <line num="14" count="157" type="cond" truecount="2" falsecount="0"/>
        <line num="16" count="157" type="stmt"/>
        <line num="25" count="157" type="cond" truecount="8" falsecount="0"/>
        <line num="32" count="157" type="cond" truecount="2" falsecount="0"/>
        <line num="33" count="157" type="cond" truecount="2" falsecount="0"/>
        <line num="36" count="157" type="cond" truecount="1" falsecount="1"/>
        <line num="39" count="157" type="stmt"/>
        <line num="40" count="157" type="stmt"/>
        <line num="42" count="157" type="stmt"/>
        <line num="43" count="3" type="stmt"/>
        <line num="46" count="157" type="stmt"/>
        <line num="48" count="1" type="stmt"/>
        <line num="51" count="1" type="stmt"/>
        <line num="52" count="1" type="stmt"/>
        <line num="55" count="157" type="stmt"/>
        <line num="56" count="1" type="stmt"/>
        <line num="59" count="157" type="stmt"/>
        <line num="60" count="1" type="stmt"/>
        <line num="61" count="1" type="stmt"/>
        <line num="62" count="1" type="stmt"/>
        <line num="65" count="1" type="stmt"/>
        <line num="68" count="157" type="stmt"/>
        <line num="69" count="1" type="stmt"/>
        <line num="70" count="1" type="stmt"/>
        <line num="73" count="1" type="stmt"/>
        <line num="76" count="157" type="stmt"/>
        <line num="77" count="1" type="stmt"/>
        <line num="78" count="1" type="stmt"/>
        <line num="81" count="1" type="stmt"/>
        <line num="85" count="157" type="stmt"/>
        <line num="86" count="149" type="stmt"/>
        <line num="88" count="13" type="cond" truecount="7" falsecount="0"/>
        <line num="89" count="1" type="stmt"/>
        <line num="90" count="1" type="stmt"/>
        <line num="94" count="149" type="stmt"/>
        <line num="95" count="2" type="stmt"/>
        <line num="96" count="2" type="cond" truecount="2" falsecount="0"/>
        <line num="97" count="1" type="stmt"/>
        <line num="101" count="149" type="stmt"/>
        <line num="102" count="149" type="stmt"/>
        <line num="103" count="149" type="stmt"/>
        <line num="104" count="149" type="stmt"/>
        <line num="105" count="149" type="stmt"/>
        <line num="109" count="157" type="stmt"/>
        <line num="182" count="1" type="stmt"/>
        <line num="199" count="1" type="cond" truecount="1" falsecount="1"/>
        <line num="200" count="1" type="stmt"/>
        <line num="202" count="1" type="cond" truecount="1" falsecount="1"/>
        <line num="203" count="1" type="stmt"/>
        <line num="206" count="1" type="stmt"/>
        <line num="391" count="1" type="stmt"/>
        <line num="392" count="1" type="stmt"/>
        <line num="393" count="1" type="stmt"/>
        <line num="419" count="1" type="stmt"/>
        <line num="420" count="1" type="stmt"/>
        <line num="421" count="1" type="stmt"/>
        <line num="478" count="2" type="stmt"/>
      </file>
      <file name="MobileToolbar.tsx" path="/home/davidm/Projects/mindmap-web/src/components/MobileToolbar.tsx">
        <metrics statements="2" coveredstatements="2" conditionals="12" coveredconditionals="8" methods="1" coveredmethods="1"/>
        <line num="28" count="15" type="stmt"/>
        <line num="129" count="1" type="stmt"/>
      </file>
      <file name="NotesPanel.tsx" path="/home/davidm/Projects/mindmap-web/src/components/NotesPanel.tsx">
        <metrics statements="8" coveredstatements="5" conditionals="2" coveredconditionals="2" methods="4" coveredmethods="2"/>
        <line num="11" count="78" type="stmt"/>
        <line num="13" count="78" type="stmt"/>
        <line num="14" count="31" type="stmt"/>
        <line num="17" count="78" type="cond" truecount="2" falsecount="0"/>
        <line num="19" count="1" type="stmt"/>
        <line num="73" count="0" type="stmt"/>
        <line num="102" count="0" type="stmt"/>
        <line num="103" count="0" type="stmt"/>
      </file>
      <file name="PresenceIndicator.tsx" path="/home/davidm/Projects/mindmap-web/src/components/PresenceIndicator.tsx">
        <metrics statements="5" coveredstatements="2" conditionals="8" coveredconditionals="1" methods="4" coveredmethods="2"/>
        <line num="15" count="78" type="stmt"/>
        <line num="17" count="78" type="cond" truecount="1" falsecount="1"/>
        <line num="19" count="0" type="stmt"/>
        <line num="24" count="0" type="cond" truecount="0" falsecount="2"/>
        <line num="103" count="0" type="stmt"/>
      </file>
      <file name="PresentationMode.tsx" path="/home/davidm/Projects/mindmap-web/src/components/PresentationMode.tsx">
        <metrics statements="86" coveredstatements="77" conditionals="92" coveredconditionals="75" methods="25" coveredmethods="21"/>
        <line num="23" count="90" type="stmt"/>
        <line num="24" count="90" type="stmt"/>
        <line num="25" count="90" type="stmt"/>
        <line num="26" count="90" type="stmt"/>
        <line num="27" count="90" type="stmt"/>
        <line num="31" count="90" type="stmt"/>
        <line num="32" count="28" type="cond" truecount="2" falsecount="0"/>
        <line num="33" count="27" type="stmt"/>
        <line num="34" count="27" type="stmt"/>
        <line num="35" count="27" type="stmt"/>
        <line num="41" count="90" type="stmt"/>
        <line num="42" count="16" type="cond" truecount="4" falsecount="0"/>
        <line num="43" count="14" type="stmt"/>
        <line num="44" count="14" type="stmt"/>
        <line num="45" count="14" type="stmt"/>
        <line num="46" count="13" type="stmt"/>
        <line num="47" count="13" type="stmt"/>
        <line num="51" count="90" type="stmt"/>
        <line num="52" count="1" type="cond" truecount="3" falsecount="1"/>
        <line num="53" count="1" type="stmt"/>
        <line num="54" count="1" type="stmt"/>
        <line num="55" count="1" type="stmt"/>
        <line num="56" count="1" type="stmt"/>
        <line num="57" count="1" type="stmt"/>
        <line num="62" count="90" type="stmt"/>
        <line num="63" count="90" type="cond" truecount="2" falsecount="0"/>
        <line num="65" count="88" type="stmt"/>
        <line num="66" count="20" type="cond" truecount="6" falsecount="0"/>
        <line num="70" count="16" type="stmt"/>
        <line num="71" count="16" type="stmt"/>
        <line num="72" count="16" type="stmt"/>
        <line num="74" count="1" type="stmt"/>
        <line num="75" count="1" type="stmt"/>
        <line num="76" count="1" type="stmt"/>
        <line num="78" count="1" type="stmt"/>
        <line num="79" count="1" type="stmt"/>
        <line num="80" count="1" type="stmt"/>
        <line num="82" count="2" type="cond" truecount="2" falsecount="2"/>
        <line num="83" count="2" type="stmt"/>
        <line num="84" count="2" type="stmt"/>
        <line num="86" count="2" type="stmt"/>
        <line num="90" count="88" type="stmt"/>
        <line num="91" count="88" type="stmt"/>
        <line num="94" count="90" type="stmt"/>
        <line num="95" count="1" type="cond" truecount="3" falsecount="1"/>
        <line num="96" count="1" type="stmt"/>
        <line num="97" count="1" type="cond" truecount="1" falsecount="1"/>
        <line num="98" count="1" type="stmt"/>
        <line num="99" count="1" type="stmt"/>
        <line num="100" count="1" type="stmt"/>
        <line num="104" count="90" type="cond" truecount="5" falsecount="0"/>
        <line num="106" count="61" type="stmt"/>
        <line num="107" count="61" type="stmt"/>
        <line num="109" count="61" type="stmt"/>
        <line num="145" count="2" type="stmt"/>
        <line num="235" count="0" type="stmt"/>
        <line num="309" count="128" type="stmt"/>
        <line num="354" count="301" type="stmt"/>
        <line num="359" count="1" type="stmt"/>
        <line num="361" count="0" type="cond" truecount="0" falsecount="4"/>
        <line num="362" count="0" type="stmt"/>
        <line num="363" count="0" type="stmt"/>
        <line num="382" count="0" type="cond" truecount="0" falsecount="2"/>
        <line num="383" count="0" type="stmt"/>
        <line num="387" count="0" type="cond" truecount="0" falsecount="2"/>
        <line num="388" count="0" type="stmt"/>
        <line num="498" count="27" type="stmt"/>
        <line num="500" count="27" type="cond" truecount="1" falsecount="0"/>
        <line num="501" count="261" type="stmt"/>
        <line num="508" count="261" type="cond" truecount="4" falsecount="0"/>
        <line num="509" count="130" type="stmt"/>
        <line num="512" count="261" type="stmt"/>
        <line num="516" count="27" type="stmt"/>
        <line num="519" count="27" type="cond" truecount="1" falsecount="1"/>
        <line num="520" count="27" type="stmt"/>
        <line num="521" count="104" type="stmt"/>
        <line num="522" count="104" type="stmt"/>
        <line num="524" count="104" type="cond" truecount="1" falsecount="1"/>
        <line num="525" count="104" type="stmt"/>
        <line num="529" count="27" type="stmt"/>
        <line num="536" count="61" type="cond" truecount="2" falsecount="0"/>
        <line num="538" count="17" type="cond" truecount="2" falsecount="0"/>
        <line num="539" count="16" type="stmt"/>
        <line num="540" count="1" type="cond" truecount="1" falsecount="1"/>
        <line num="541" count="1" type="stmt"/>
        <line num="544" count="0" type="stmt"/>
      </file>
      <file name="RichTextEditor.tsx" path="/home/davidm/Projects/mindmap-web/src/components/RichTextEditor.tsx">
        <metrics statements="59" coveredstatements="49" conditionals="24" coveredconditionals="18" methods="17" coveredmethods="12"/>
        <line num="19" count="33" type="stmt"/>
        <line num="20" count="33" type="stmt"/>
        <line num="21" count="33" type="stmt"/>
        <line num="22" count="33" type="stmt"/>
        <line num="23" count="33" type="stmt"/>
        <line num="27" count="33" type="stmt"/>
        <line num="29" count="19" type="stmt"/>
        <line num="31" count="19" type="cond" truecount="1" falsecount="1"/>
        <line num="33" count="19" type="cond" truecount="2" falsecount="2"/>
        <line num="34" count="19" type="stmt"/>
        <line num="35" count="19" type="stmt"/>
        <line num="37" count="19" type="stmt"/>
        <line num="42" count="33" type="cond" truecount="1" falsecount="0"/>
        <line num="43" count="5" type="stmt"/>
        <line num="44" count="5" type="stmt"/>
        <line num="47" count="33" type="stmt"/>
        <line num="48" count="2" type="cond" truecount="2" falsecount="0"/>
        <line num="49" count="1" type="stmt"/>
        <line num="50" count="1" type="stmt"/>
        <line num="51" count="1" type="stmt"/>
        <line num="52" count="1" type="stmt"/>
        <line num="56" count="33" type="stmt"/>
        <line num="57" count="1" type="cond" truecount="1" falsecount="1"/>
        <line num="58" count="1" type="stmt"/>
        <line num="59" count="1" type="stmt"/>
        <line num="60" count="1" type="stmt"/>
        <line num="62" count="1" type="stmt"/>
        <line num="66" count="33" type="stmt"/>
        <line num="67" count="2" type="cond" truecount="4" falsecount="0"/>
        <line num="68" count="1" type="stmt"/>
        <line num="69" count="1" type="stmt"/>
        <line num="70" count="1" type="cond" truecount="1" falsecount="1"/>
        <line num="71" count="1" type="stmt"/>
        <line num="72" count="1" type="stmt"/>
        <line num="76" count="33" type="stmt"/>
        <line num="108" count="2" type="stmt"/>
        <line num="109" count="2" type="stmt"/>
        <line num="128" count="0" type="stmt"/>
        <line num="129" count="0" type="stmt"/>
        <line num="148" count="0" type="stmt"/>
        <line num="149" count="0" type="stmt"/>
        <line num="173" count="1" type="stmt"/>
        <line num="174" count="1" type="stmt"/>
        <line num="194" count="0" type="stmt"/>
        <line num="195" count="0" type="stmt"/>
        <line num="215" count="0" type="stmt"/>
        <line num="216" count="0" type="stmt"/>
        <line num="236" count="0" type="stmt"/>
        <line num="237" count="0" type="stmt"/>
        <line num="257" count="1" type="stmt"/>
        <line num="258" count="1" type="stmt"/>
        <line num="280" count="4" type="stmt"/>
        <line num="346" count="1" type="stmt"/>
        <line num="350" count="2" type="cond" truecount="2" falsecount="0"/>
        <line num="351" count="1" type="stmt"/>
        <line num="352" count="1" type="stmt"/>
        <line num="353" count="1" type="cond" truecount="1" falsecount="1"/>
        <line num="354" count="1" type="stmt"/>
        <line num="355" count="1" type="stmt"/>
      </file>
      <file name="SaveHistoryPanel.tsx" path="/home/davidm/Projects/mindmap-web/src/components/SaveHistoryPanel.tsx">
        <metrics statements="4" coveredstatements="4" conditionals="4" coveredconditionals="4" methods="4" coveredmethods="4"/>
        <line num="16" count="14" type="stmt"/>
        <line num="84" count="34" type="stmt"/>
        <line num="107" count="3" type="stmt"/>
        <line num="123" count="3" type="stmt"/>
      </file>
      <file name="SearchPanel.tsx" path="/home/davidm/Projects/mindmap-web/src/components/SearchPanel.tsx">
        <metrics statements="27" coveredstatements="22" conditionals="31" coveredconditionals="29" methods="17" coveredmethods="12"/>
        <line num="33" count="48" type="stmt"/>
        <line num="34" count="48" type="stmt"/>
        <line num="40" count="48" type="stmt"/>
        <line num="42" count="48" type="stmt"/>
        <line num="43" count="6" type="stmt"/>
        <line num="44" count="6" type="stmt"/>
        <line num="47" count="48" type="stmt"/>
        <line num="48" count="3" type="stmt"/>
        <line num="49" count="3" type="stmt"/>
        <line num="51" count="3" type="cond" truecount="2" falsecount="0"/>
        <line num="52" count="2" type="stmt"/>
        <line num="56" count="48" type="stmt"/>
        <line num="60" count="3" type="cond" truecount="1" falsecount="1"/>
        <line num="62" count="3" type="cond" truecount="1" falsecount="1"/>
        <line num="65" count="48" type="stmt"/>
        <line num="69" count="48" type="stmt"/>
        <line num="89" count="7" type="stmt"/>
        <line num="119" count="11" type="stmt"/>
        <line num="192" count="3" type="stmt"/>
        <line num="204" count="0" type="stmt"/>
        <line num="216" count="0" type="stmt"/>
        <line num="228" count="0" type="stmt"/>
        <line num="264" count="3" type="stmt"/>
        <line num="276" count="54" type="stmt"/>
        <line num="288" count="0" type="stmt"/>
        <line num="300" count="36" type="stmt"/>
        <line num="312" count="0" type="stmt"/>
      </file>
      <file name="StatisticsPanel.tsx" path="/home/davidm/Projects/mindmap-web/src/components/StatisticsPanel.tsx">
        <metrics statements="50" coveredstatements="44" conditionals="38" coveredconditionals="22" methods="18" coveredmethods="14"/>
        <line num="16" count="2" type="stmt"/>
        <line num="17" count="3" type="stmt"/>
        <line num="19" count="1" type="cond" truecount="1" falsecount="1"/>
        <line num="20" count="0" type="stmt"/>
        <line num="23" count="1" type="stmt"/>
        <line num="24" count="1" type="stmt"/>
        <line num="27" count="1" type="stmt"/>
        <line num="29" count="1" type="stmt"/>
        <line num="30" count="1" type="stmt"/>
        <line num="31" count="1" type="cond" truecount="2" falsecount="0"/>
        <line num="34" count="1" type="stmt"/>
        <line num="35" count="1" type="stmt"/>
        <line num="36" count="2" type="stmt"/>
        <line num="37" count="2" type="stmt"/>
        <line num="38" count="4" type="stmt"/>
        <line num="39" count="4" type="cond" truecount="4" falsecount="0"/>
        <line num="40" count="2" type="stmt"/>
        <line num="41" count="2" type="stmt"/>
        <line num="42" count="2" type="cond" truecount="2" falsecount="0"/>
        <line num="43" count="2" type="stmt"/>
        <line num="44" count="2" type="stmt"/>
        <line num="49" count="1" type="stmt"/>
        <line num="56" count="1" type="stmt"/>
        <line num="57" count="1" type="stmt"/>
        <line num="58" count="3" type="cond" truecount="1" falsecount="1"/>
        <line num="59" count="0" type="cond" truecount="0" falsecount="2"/>
        <line num="62" count="1" type="stmt"/>
        <line num="69" count="1" type="stmt"/>
        <line num="70" count="1" type="stmt"/>
        <line num="71" count="3" type="cond" truecount="1" falsecount="1"/>
        <line num="72" count="0" type="cond" truecount="0" falsecount="2"/>
        <line num="75" count="1" type="stmt"/>
        <line num="82" count="5" type="stmt"/>
        <line num="91" count="1" type="stmt"/>
        <line num="92" count="1" type="stmt"/>
        <line num="93" count="1" type="stmt"/>
        <line num="96" count="3" type="stmt"/>
        <line num="97" count="1" type="stmt"/>
        <line num="98" count="6" type="stmt"/>
        <line num="101" count="1" type="cond" truecount="1" falsecount="1"/>
        <line num="103" count="1" type="cond" truecount="2" falsecount="0"/>
        <line num="104" count="1" type="cond" truecount="1" falsecount="1"/>
        <line num="105" count="0" type="stmt"/>
        <line num="109" count="2" type="stmt"/>
        <line num="110" count="2" type="stmt"/>
        <line num="112" count="1" type="stmt"/>
        <line num="362" count="1" type="stmt"/>
        <line num="364" count="2" type="stmt"/>
        <line num="411" count="0" type="stmt"/>
        <line num="458" count="0" type="stmt"/>
      </file>
      <file name="ThreeDView.tsx" path="/home/davidm/Projects/mindmap-web/src/components/ThreeDView.tsx">
        <metrics statements="90" coveredstatements="81" conditionals="69" coveredconditionals="61" methods="34" coveredmethods="28"/>
        <line num="21" count="52" type="stmt"/>
        <line num="22" count="52" type="stmt"/>
        <line num="23" count="52" type="stmt"/>
        <line num="24" count="52" type="stmt"/>
        <line num="25" count="52" type="stmt"/>
        <line num="26" count="52" type="stmt"/>
        <line num="27" count="52" type="stmt"/>
        <line num="28" count="52" type="stmt"/>
        <line num="29" count="52" type="stmt"/>
        <line num="31" count="52" type="stmt"/>
        <line num="32" count="19" type="cond" truecount="2" falsecount="0"/>
        <line num="33" count="18" type="stmt"/>
        <line num="34" count="18" type="stmt"/>
        <line num="39" count="52" type="stmt"/>
        <line num="40" count="22" type="cond" truecount="4" falsecount="0"/>
        <line num="42" count="18" type="stmt"/>
        <line num="43" count="0" type="stmt"/>
        <line num="49" count="18" type="stmt"/>
        <line num="53" count="52" type="stmt"/>
        <line num="54" count="1" type="stmt"/>
        <line num="55" count="1" type="stmt"/>
        <line num="56" count="1" type="stmt"/>
        <line num="57" count="1" type="stmt"/>
        <line num="60" count="52" type="stmt"/>
        <line num="61" count="1" type="cond" truecount="1" falsecount="1"/>
        <line num="63" count="1" type="stmt"/>
        <line num="64" count="1" type="stmt"/>
        <line num="66" count="1" type="stmt"/>
        <line num="71" count="1" type="stmt"/>
        <line num="74" count="52" type="stmt"/>
        <line num="75" count="1" type="stmt"/>
        <line num="76" count="1" type="stmt"/>
        <line num="80" count="52" type="stmt"/>
        <line num="81" count="1" type="stmt"/>
        <line num="82" count="1" type="stmt"/>
        <line num="86" count="52" type="stmt"/>
        <line num="87" count="22" type="cond" truecount="2" falsecount="0"/>
        <line num="89" count="21" type="stmt"/>
        <line num="90" count="8" type="cond" truecount="9" falsecount="1"/>
        <line num="92" count="1" type="stmt"/>
        <line num="93" count="1" type="stmt"/>
        <line num="95" count="1" type="stmt"/>
        <line num="96" count="1" type="stmt"/>
        <line num="98" count="1" type="stmt"/>
        <line num="99" count="1" type="stmt"/>
        <line num="101" count="1" type="stmt"/>
        <line num="102" count="1" type="stmt"/>
        <line num="104" count="1" type="stmt"/>
        <line num="105" count="1" type="stmt"/>
        <line num="108" count="1" type="stmt"/>
        <line num="109" count="1" type="stmt"/>
        <line num="111" count="0" type="stmt"/>
        <line num="112" count="0" type="stmt"/>
        <line num="115" count="1" type="stmt"/>
        <line num="116" count="1" type="stmt"/>
        <line num="120" count="21" type="stmt"/>
        <line num="121" count="21" type="stmt"/>
        <line num="125" count="52" type="cond" truecount="4" falsecount="0"/>
        <line num="127" count="49" type="stmt"/>
        <line num="182" count="1" type="stmt"/>
        <line num="284" count="96" type="stmt"/>
        <line num="289" count="3" type="cond" truecount="2" falsecount="0"/>
        <line num="291" count="1" type="cond" truecount="2" falsecount="2"/>
        <line num="292" count="1" type="stmt"/>
        <line num="293" count="1" type="cond" truecount="1" falsecount="1"/>
        <line num="307" count="0" type="stmt"/>
        <line num="354" count="0" type="stmt"/>
        <line num="355" count="0" type="stmt"/>
        <line num="358" count="0" type="stmt"/>
        <line num="359" count="0" type="cond" truecount="0" falsecount="2"/>
        <line num="360" count="0" type="stmt"/>
        <line num="409" count="3" type="stmt"/>
        <line num="412" count="3" type="stmt"/>
        <line num="439" count="96" type="stmt"/>
        <line num="452" count="18" type="stmt"/>
        <line num="454" count="18" type="stmt"/>
        <line num="463" count="54" type="stmt"/>
        <line num="464" count="54" type="cond" truecount="2" falsecount="0"/>
        <line num="465" count="54" type="cond" truecount="2" falsecount="0"/>
        <line num="466" count="54" type="cond" truecount="2" falsecount="0"/>
        <line num="468" count="54" type="stmt"/>
        <line num="477" count="54" type="stmt"/>
        <line num="480" count="54" type="cond" truecount="4" falsecount="0"/>
        <line num="481" count="18" type="stmt"/>
        <line num="483" count="18" type="stmt"/>
        <line num="484" count="36" type="stmt"/>
        <line num="485" count="36" type="stmt"/>
        <line num="496" count="54" type="stmt"/>
        <line num="499" count="18" type="stmt"/>
        <line num="500" count="18" type="stmt"/>
      </file>
    </package>
    <package name="hooks">
      <metrics statements="846" coveredstatements="669" conditionals="561" coveredconditionals="411" methods="126" coveredmethods="103"/>
      <file name="useAsyncOperation.ts" path="/home/davidm/Projects/mindmap-web/src/hooks/useAsyncOperation.ts">
        <metrics statements="23" coveredstatements="23" conditionals="4" coveredconditionals="3" methods="3" coveredmethods="3"/>
        <line num="37" count="24" type="stmt"/>
        <line num="43" count="24" type="stmt"/>
        <line num="45" count="24" type="stmt"/>
        <line num="48" count="11" type="cond" truecount="2" falsecount="0"/>
        <line num="49" count="1" type="stmt"/>
        <line num="50" count="1" type="stmt"/>
        <line num="51" count="1" type="stmt"/>
        <line num="54" count="10" type="stmt"/>
        <line num="55" count="10" type="stmt"/>
        <line num="57" count="10" type="stmt"/>
        <line num="58" count="10" type="stmt"/>
        <line num="59" count="10" type="stmt"/>
        <line num="60" count="6" type="stmt"/>
        <line num="62" count="6" type="stmt"/>
        <line num="63" count="6" type="stmt"/>
        <line num="65" count="3" type="stmt"/>
        <line num="66" count="3" type="cond" truecount="1" falsecount="1"/>
        <line num="68" count="3" type="stmt"/>
        <line num="69" count="3" type="stmt"/>
        <line num="71" count="9" type="stmt"/>
        <line num="77" count="24" type="stmt"/>
        <line num="78" count="1" type="stmt"/>
        <line num="81" count="24" type="stmt"/>
      </file>
      <file name="useAutoSave.ts" path="/home/davidm/Projects/mindmap-web/src/hooks/useAutoSave.ts">
        <metrics statements="109" coveredstatements="101" conditionals="39" coveredconditionals="28" methods="18" coveredmethods="18"/>
        <line num="6" count="3" type="stmt"/>
        <line num="7" count="3" type="stmt"/>
        <line num="8" count="3" type="stmt"/>
        <line num="9" count="3" type="stmt"/>
        <line num="30" count="24" type="stmt"/>
        <line num="31" count="24" type="stmt"/>
        <line num="32" count="24" type="stmt"/>
        <line num="34" count="24" type="stmt"/>
        <line num="36" count="24" type="stmt"/>
        <line num="38" count="24" type="cond" truecount="1" falsecount="1"/>
        <line num="39" count="24" type="stmt"/>
        <line num="40" count="0" type="cond" truecount="0" falsecount="2"/>
        <line num="41" count="0" type="stmt"/>
        <line num="43" count="0" type="stmt"/>
        <line num="56" count="47" type="stmt"/>
        <line num="57" count="47" type="stmt"/>
        <line num="58" count="47" type="stmt"/>
        <line num="59" count="47" type="stmt"/>
        <line num="62" count="47" type="stmt"/>
        <line num="63" count="21" type="stmt"/>
        <line num="64" count="21" type="stmt"/>
        <line num="65" count="21" type="stmt"/>
        <line num="66" count="21" type="cond" truecount="2" falsecount="0"/>
        <line num="67" count="4" type="stmt"/>
        <line num="68" count="4" type="stmt"/>
        <line num="69" count="4" type="stmt"/>
        <line num="72" count="2" type="stmt"/>
        <line num="74" count="19" type="stmt"/>
        <line num="77" count="21" type="stmt"/>
        <line num="80" count="21" type="stmt"/>
        <line num="81" count="21" type="cond" truecount="4" falsecount="0"/>
        <line num="82" count="3" type="stmt"/>
        <line num="83" count="3" type="stmt"/>
        <line num="84" count="3" type="cond" truecount="5" falsecount="0"/>
        <line num="85" count="2" type="stmt"/>
        <line num="86" count="2" type="stmt"/>
        <line num="87" count="2" type="stmt"/>
        <line num="89" count="2" type="stmt"/>
        <line num="90" count="2" type="cond" truecount="1" falsecount="1"/>
        <line num="91" count="0" type="cond" truecount="0" falsecount="2"/>
        <line num="92" count="2" type="cond" truecount="2" falsecount="0"/>
        <line num="93" count="1" type="cond" truecount="1" falsecount="1"/>
        <line num="95" count="1" type="stmt"/>
        <line num="99" count="2" type="cond" truecount="2" falsecount="0"/>
        <line num="100" count="1" type="stmt"/>
        <line num="107" count="1" type="stmt"/>
        <line num="109" count="1" type="stmt"/>
        <line num="113" count="1" type="stmt"/>
        <line num="117" count="21" type="stmt"/>
        <line num="121" count="47" type="stmt"/>
        <line num="122" count="24" type="stmt"/>
        <line num="123" count="21" type="stmt"/>
        <line num="124" count="21" type="stmt"/>
        <line num="125" count="21" type="stmt"/>
        <line num="127" count="0" type="stmt"/>
        <line num="129" count="21" type="stmt"/>
        <line num="134" count="47" type="stmt"/>
        <line num="136" count="43" type="stmt"/>
        <line num="137" count="43" type="cond" truecount="2" falsecount="0"/>
        <line num="138" count="19" type="stmt"/>
        <line num="141" count="24" type="stmt"/>
        <line num="143" count="43" type="stmt"/>
        <line num="144" count="43" type="stmt"/>
        <line num="145" count="43" type="cond" truecount="1" falsecount="1"/>
        <line num="147" count="24" type="stmt"/>
        <line num="154" count="24" type="stmt"/>
        <line num="155" count="24" type="stmt"/>
        <line num="158" count="24" type="stmt"/>
        <line num="165" count="24" type="stmt"/>
        <line num="167" count="24" type="stmt"/>
        <line num="169" count="0" type="stmt"/>
        <line num="170" count="0" type="stmt"/>
        <line num="175" count="47" type="stmt"/>
        <line num="176" count="23" type="stmt"/>
        <line num="179" count="23" type="cond" truecount="1" falsecount="1"/>
        <line num="180" count="23" type="stmt"/>
        <line num="183" count="23" type="cond" truecount="2" falsecount="0"/>
        <line num="184" count="2" type="stmt"/>
        <line num="188" count="23" type="stmt"/>
        <line num="189" count="16" type="stmt"/>
        <line num="193" count="23" type="stmt"/>
        <line num="194" count="23" type="cond" truecount="1" falsecount="1"/>
        <line num="195" count="23" type="stmt"/>
        <line num="201" count="47" type="stmt"/>
        <line num="202" count="23" type="stmt"/>
        <line num="203" count="23" type="stmt"/>
        <line num="208" count="47" type="stmt"/>
        <line num="209" count="4" type="cond" truecount="1" falsecount="1"/>
        <line num="210" count="4" type="stmt"/>
        <line num="212" count="4" type="stmt"/>
        <line num="216" count="47" type="stmt"/>
        <line num="217" count="1" type="stmt"/>
        <line num="218" count="1" type="stmt"/>
        <line num="219" count="1" type="stmt"/>
        <line num="220" count="1" type="stmt"/>
        <line num="224" count="47" type="stmt"/>
        <line num="226" count="2" type="stmt"/>
        <line num="227" count="2" type="cond" truecount="2" falsecount="0"/>
        <line num="228" count="1" type="stmt"/>
        <line num="229" count="1" type="stmt"/>
        <line num="231" count="1" type="stmt"/>
        <line num="237" count="47" type="stmt"/>
        <line num="238" count="1" type="stmt"/>
        <line num="239" count="3" type="stmt"/>
        <line num="240" count="1" type="stmt"/>
        <line num="241" count="1" type="stmt"/>
        <line num="243" count="0" type="stmt"/>
        <line num="245" count="1" type="stmt"/>
        <line num="249" count="47" type="stmt"/>
      </file>
      <file name="useFileOperations.ts" path="/home/davidm/Projects/mindmap-web/src/hooks/useFileOperations.ts">
        <metrics statements="111" coveredstatements="68" conditionals="39" coveredconditionals="24" methods="8" coveredmethods="5"/>
        <line num="58" count="11" type="stmt"/>
        <line num="60" count="13" type="stmt"/>
        <line num="61" count="13" type="cond" truecount="2" falsecount="0"/>
        <line num="64" count="12" type="cond" truecount="2" falsecount="0"/>
        <line num="65" count="1" type="stmt"/>
        <line num="66" count="1" type="stmt"/>
        <line num="69" count="11" type="cond" truecount="2" falsecount="0"/>
        <line num="70" count="1" type="stmt"/>
        <line num="71" count="1" type="stmt"/>
        <line num="74" count="10" type="cond" truecount="2" falsecount="0"/>
        <line num="75" count="1" type="stmt"/>
        <line num="76" count="1" type="stmt"/>
        <line num="83" count="9" type="cond" truecount="6" falsecount="2"/>
        <line num="85" count="4" type="stmt"/>
        <line num="86" count="4" type="stmt"/>
        <line num="87" count="4" type="stmt"/>
        <line num="88" count="4" type="stmt"/>
        <line num="90" count="1" type="stmt"/>
        <line num="91" count="1" type="stmt"/>
        <line num="92" count="1" type="stmt"/>
        <line num="93" count="1" type="stmt"/>
        <line num="95" count="1" type="stmt"/>
        <line num="96" count="1" type="stmt"/>
        <line num="97" count="1" type="stmt"/>
        <line num="98" count="1" type="stmt"/>
        <line num="100" count="1" type="stmt"/>
        <line num="101" count="1" type="stmt"/>
        <line num="102" count="1" type="stmt"/>
        <line num="103" count="1" type="stmt"/>
        <line num="105" count="1" type="stmt"/>
        <line num="106" count="1" type="stmt"/>
        <line num="107" count="1" type="stmt"/>
        <line num="108" count="1" type="stmt"/>
        <line num="110" count="1" type="stmt"/>
        <line num="111" count="1" type="stmt"/>
        <line num="112" count="1" type="stmt"/>
        <line num="113" count="1" type="stmt"/>
        <line num="115" count="0" type="stmt"/>
        <line num="116" count="0" type="stmt"/>
        <line num="117" count="0" type="stmt"/>
        <line num="118" count="0" type="stmt"/>
[...]
        <line num="264" count="27" type="stmt"/>
        <line num="265" count="5" type="cond" truecount="2" falsecount="0"/>
        <line num="266" count="3" type="stmt"/>
        <line num="267" count="3" type="stmt"/>
        <line num="275" count="47" type="stmt"/>
        <line num="277" count="47" type="cond" truecount="2" falsecount="0"/>
        <line num="278" count="35" type="stmt"/>
        <line num="279" count="35" type="cond" truecount="2" falsecount="0"/>
        <line num="281" count="12" type="stmt"/>
        <line num="289" count="37" type="stmt"/>
        <line num="290" count="37" type="stmt"/>
        <line num="292" count="37" type="stmt"/>
        <line num="293" count="37" type="stmt"/>
        <line num="294" count="37" type="stmt"/>
        <line num="295" count="37" type="stmt"/>
        <line num="296" count="37" type="stmt"/>
        <line num="297" count="37" type="stmt"/>
        <line num="298" count="37" type="stmt"/>
        <line num="299" count="37" type="stmt"/>
        <line num="300" count="37" type="stmt"/>
        <line num="301" count="37" type="stmt"/>
        <line num="308" count="33" type="stmt"/>
        <line num="309" count="33" type="stmt"/>
        <line num="311" count="33" type="stmt"/>
        <line num="312" count="33" type="stmt"/>
        <line num="319" count="1" type="stmt"/>
        <line num="321" count="1" type="stmt"/>
        <line num="322" count="0" type="cond" truecount="0" falsecount="2"/>
        <line num="323" count="0" type="cond" truecount="0" falsecount="2"/>
        <line num="327" count="1" type="stmt"/>
        <line num="329" count="1" type="stmt"/>
        <line num="330" count="1" type="stmt"/>
        <line num="341" count="9" type="stmt"/>
        <line num="343" count="9" type="stmt"/>
        <line num="362" count="6" type="stmt"/>
        <line num="363" count="6" type="stmt"/>
        <line num="364" count="6" type="stmt"/>
        <line num="371" count="16" type="stmt"/>
        <line num="372" count="16" type="stmt"/>
        <line num="373" count="16" type="cond" truecount="2" falsecount="0"/>
        <line num="375" count="1" type="stmt"/>
        <line num="383" count="2" type="stmt"/>
        <line num="384" count="3" type="stmt"/>
        <line num="385" count="2" type="stmt"/>
        <line num="392" count="2" type="stmt"/>
        <line num="398" count="2" type="stmt"/>
        <line num="405" count="4" type="stmt"/>
        <line num="406" count="4" type="stmt"/>
        <line num="408" count="4" type="cond" truecount="2" falsecount="0"/>
        <line num="409" count="2" type="stmt"/>
        <line num="412" count="3" type="cond" truecount="2" falsecount="0"/>
        <line num="413" count="2" type="stmt"/>
        <line num="416" count="3" type="cond" truecount="4" falsecount="0"/>
        <line num="417" count="1" type="stmt"/>
        <line num="420" count="3" type="stmt"/>
        <line num="422" count="1" type="stmt"/>
      </file>
    </package>
    <package name="utils.formats">
      <metrics statements="270" coveredstatements="266" conditionals="206" coveredconditionals="180" methods="38" coveredmethods="38"/>
      <file name="d2Format.ts" path="/home/davidm/Projects/mindmap-web/src/utils/formats/d2Format.ts">
        <metrics statements="45" coveredstatements="44" conditionals="28" coveredconditionals="27" methods="6" coveredmethods="6"/>
        <line num="8" count="25" type="stmt"/>
        <line num="11" count="25" type="stmt"/>
        <line num="12" count="25" type="stmt"/>
        <line num="16" count="48" type="stmt"/>
        <line num="17" count="48" type="stmt"/>
        <line num="20" count="48" type="cond" truecount="2" falsecount="0"/>
        <line num="21" count="14" type="stmt"/>
        <line num="22" count="14" type="stmt"/>
        <line num="25" count="14" type="stmt"/>
        <line num="26" count="14" type="cond" truecount="2" falsecount="0"/>
        <line num="27" count="1" type="stmt"/>
        <line num="29" count="14" type="cond" truecount="1" falsecount="1"/>
        <line num="30" count="0" type="stmt"/>
        <line num="32" count="14" type="cond" truecount="2" falsecount="0"/>
        <line num="33" count="2" type="stmt"/>
        <line num="35" count="14" type="cond" truecount="2" falsecount="0"/>
        <line num="36" count="2" type="stmt"/>
        <line num="38" count="14" type="cond" truecount="2" falsecount="0"/>
        <line num="39" count="4" type="stmt"/>
        <line num="40" count="5" type="stmt"/>
        <line num="41" count="4" type="cond" truecount="2" falsecount="0"/>
        <line num="42" count="2" type="stmt"/>
        <line num="44" count="4" type="stmt"/>
        <line num="48" count="34" type="stmt"/>
        <line num="49" count="34" type="cond" truecount="2" falsecount="0"/>
        <line num="50" count="4" type="stmt"/>
        <line num="52" count="34" type="cond" truecount="2" falsecount="0"/>
        <line num="53" count="4" type="stmt"/>
        <line num="55" count="34" type="cond" truecount="2" falsecount="0"/>
        <line num="56" count="3" type="stmt"/>
        <line num="59" count="34" type="cond" truecount="2" falsecount="0"/>
        <line num="60" count="7" type="stmt"/>
        <line num="61" count="11" type="stmt"/>
        <line num="62" count="7" type="stmt"/>
        <line num="64" count="27" type="stmt"/>
        <line num="69" count="48" type="cond" truecount="4" falsecount="0"/>
        <line num="70" count="18" type="cond" truecount="2" falsecount="0"/>
        <line num="72" count="14" type="stmt"/>
        <line num="75" count="4" type="stmt"/>
        <line num="76" count="4" type="stmt"/>
        <line num="77" count="9" type="stmt"/>
        <line num="79" count="4" type="stmt"/>
        <line num="84" count="25" type="stmt"/>
        <line num="86" count="25" type="stmt"/>
        <line num="99" count="5" type="stmt"/>
      </file>
      <file name="freemindFormat.ts" path="/home/davidm/Projects/mindmap-web/src/utils/formats/freemindFormat.ts">
        <metrics statements="50" coveredstatements="47" conditionals="85" coveredconditionals="63" methods="6" coveredmethods="6"/>
        <line num="9" count="13" type="stmt"/>
        <line num="10" count="13" type="stmt"/>
        <line num="12" count="13" type="stmt"/>
        <line num="13" count="13" type="cond" truecount="2" falsecount="0"/>
        <line num="14" count="1" type="stmt"/>
        <line num="17" count="12" type="stmt"/>
        <line num="21" count="23" type="stmt"/>
        <line num="22" count="23" type="stmt"/>
        <line num="24" count="23" type="stmt"/>
        <line num="25" count="14" type="stmt"/>
        <line num="26" count="14" type="cond" truecount="2" falsecount="0"/>
        <line num="27" count="11" type="stmt"/>
        <line num="40" count="23" type="stmt"/>
        <line num="41" count="14" type="stmt"/>
        <line num="42" count="14" type="cond" truecount="2" falsecount="0"/>
        <line num="43" count="1" type="cond" truecount="1" falsecount="1"/>
        <line num="44" count="13" type="cond" truecount="2" falsecount="0"/>
        <line num="45" count="1" type="stmt"/>
        <line num="50" count="12" type="cond" truecount="2" falsecount="0"/>
        <line num="51" count="1" type="cond" truecount="1" falsecount="1"/>
        <line num="52" count="1" type="cond" truecount="1" falsecount="1"/>
        <line num="53" count="1" type="stmt"/>
        <line num="54" count="1" type="stmt"/>
        <line num="55" count="11" type="cond" truecount="1" falsecount="1"/>
        <line num="56" count="0" type="stmt"/>
        <line num="62" count="23" type="stmt"/>
        <line num="89" count="20" type="stmt"/>
        <line num="92" count="20" type="stmt"/>
        <line num="102" count="20" type="stmt"/>
        <line num="105" count="20" type="cond" truecount="2" falsecount="0"/>
        <line num="106" count="1" type="stmt"/>
        <line num="110" count="20" type="cond" truecount="2" falsecount="0"/>
        <line num="111" count="1" type="stmt"/>
        <line num="116" count="1" type="cond" truecount="1" falsecount="1"/>
        <line num="117" count="1" type="stmt"/>
        <line num="122" count="20" type="cond" truecount="6" falsecount="0"/>
        <line num="123" count="1" type="stmt"/>
        <line num="129" count="1" type="cond" truecount="1" falsecount="1"/>
        <line num="130" count="1" type="stmt"/>
        <line num="135" count="20" type="cond" truecount="1" falsecount="1"/>
        <line num="136" count="0" type="stmt"/>
        <line num="139" count="0" type="stmt"/>
        <line num="143" count="20" type="cond" truecount="2" falsecount="0"/>
        <line num="144" count="6" type="stmt"/>
        <line num="145" count="8" type="stmt"/>
        <line num="149" count="20" type="stmt"/>
        <line num="150" count="20" type="stmt"/>
        <line num="153" count="12" type="stmt"/>
        <line num="154" count="12" type="stmt"/>
        <line num="160" count="23" type="stmt"/>
      </file>
      <file name="index.ts" path="/home/davidm/Projects/mindmap-web/src/utils/formats/index.ts">
        <metrics statements="0" coveredstatements="0" conditionals="0" coveredconditionals="0" methods="0" coveredmethods="0"/>
      </file>
      <file name="jsonFormat.ts" path="/home/davidm/Projects/mindmap-web/src/utils/formats/jsonFormat.ts">
        <metrics statements="5" coveredstatements="5" conditionals="0" coveredconditionals="0" methods="2" coveredmethods="2"/>
        <line num="7" count="10" type="stmt"/>
        <line num="8" count="10" type="stmt"/>
        <line num="9" count="10" type="stmt"/>
        <line num="11" count="1" type="stmt"/>
        <line num="19" count="14" type="stmt"/>
      </file>
      <file name="markdownFormat.ts" path="/home/davidm/Projects/mindmap-web/src/utils/formats/markdownFormat.ts">
        <metrics statements="26" coveredstatements="26" conditionals="8" coveredconditionals="8" methods="6" coveredmethods="6"/>
        <line num="9" count="85" type="stmt"/>
        <line num="11" count="20" type="cond" truecount="2" falsecount="0"/>
        <line num="12" count="2" type="stmt"/>
        <line num="20" count="18" type="stmt"/>
        <line num="26" count="18" type="stmt"/>
        <line num="30" count="18" type="stmt"/>
        <line num="31" count="60" type="stmt"/>
        <line num="32" count="60" type="stmt"/>
        <line num="33" count="60" type="stmt"/>
        <line num="35" count="60" type="stmt"/>
        <line num="42" count="60" type="cond" truecount="2" falsecount="0"/>
        <line num="43" count="32" type="stmt"/>
        <line num="46" count="60" type="stmt"/>
        <line num="47" count="60" type="stmt"/>
        <line num="48" count="60" type="stmt"/>
        <line num="51" count="18" type="stmt"/>
        <line num="55" count="60" type="stmt"/>
        <line num="56" count="60" type="cond" truecount="3" falsecount="0"/>
        <line num="57" count="190" type="stmt"/>
        <line num="60" count="60" type="stmt"/>
        <line num="68" count="62" type="stmt"/>
        <line num="69" count="62" type="stmt"/>
        <line num="71" count="62" type="stmt"/>
        <line num="72" count="46" type="stmt"/>
        <line num="75" count="62" type="stmt"/>
        <line num="78" count="16" type="stmt"/>
      </file>
      <file name="opmlFormat.ts" path="/home/davidm/Projects/mindmap-web/src/utils/formats/opmlFormat.ts">
        <metrics statements="26" coveredstatements="26" conditionals="11" coveredconditionals="11" methods="7" coveredmethods="7"/>
        <line num="9" count="12" type="stmt"/>
        <line num="10" count="12" type="stmt"/>
        <line num="12" count="12" type="stmt"/>
        <line num="13" count="12" type="cond" truecount="2" falsecount="0"/>
        <line num="14" count="1" type="stmt"/>
        <line num="17" count="11" type="stmt"/>
        <line num="18" count="11" type="cond" truecount="2" falsecount="0"/>
        <line num="20" count="1" type="stmt"/>
        <line num="27" count="10" type="stmt"/>
        <line num="31" count="17" type="stmt"/>
        <line num="32" count="17" type="stmt"/>
        <line num="34" count="17" type="stmt"/>
        <line num="35" count="7" type="stmt"/>
        <line num="38" count="17" type="stmt"/>
        <line num="53" count="12" type="stmt"/>
        <line num="54" count="12" type="stmt"/>
        <line num="55" count="12" type="stmt"/>
        <line num="57" count="12" type="cond" truecount="2" falsecount="0"/>
        <line num="58" count="2" type="stmt"/>
        <line num="59" count="2" type="stmt"/>
        <line num="60" count="2" type="stmt"/>
        <line num="62" count="2" type="stmt"/>
        <line num="64" count="10" type="stmt"/>
        <line num="67" count="12" type="stmt"/>
        <line num="70" count="10" type="stmt"/>
        <line num="72" count="10" type="stmt"/>
      </file>
      <file name="svgFormat.ts" path="/home/davidm/Projects/mindmap-web/src/utils/formats/svgFormat.ts">
        <metrics statements="83" coveredstatements="83" conditionals="37" coveredconditionals="35" methods="7" coveredmethods="7"/>
        <line num="37" count="19" type="stmt"/>
        <line num="40" count="19" type="stmt"/>
        <line num="46" count="2" type="stmt"/>
        <line num="67" count="38" type="stmt"/>
        <line num="70" count="38" type="stmt"/>
        <line num="71" count="38" type="stmt"/>
        <line num="74" count="38" type="stmt"/>
        <line num="91" count="38" type="cond" truecount="5" falsecount="0"/>
        <line num="92" count="12" type="stmt"/>
        <line num="94" count="12" type="stmt"/>
        <line num="95" count="19" type="stmt"/>
        <line num="96" count="19" type="stmt"/>
        <line num="97" count="19" type="stmt"/>
        <line num="101" count="38" type="stmt"/>
        <line num="108" count="19" type="stmt"/>
        <line num="111" count="19" type="stmt"/>
        <line num="112" count="19" type="stmt"/>
        <line num="113" count="19" type="stmt"/>
        <line num="115" count="19" type="stmt"/>
        <line num="118" count="19" type="stmt"/>
        <line num="119" count="19" type="stmt"/>
        <line num="124" count="19" type="stmt"/>
        <line num="125" count="19" type="stmt"/>
        <line num="126" count="19" type="stmt"/>
        <line num="127" count="19" type="stmt"/>
        <line num="128" count="19" type="stmt"/>
        <line num="129" count="19" type="stmt"/>
        <line num="130" count="19" type="stmt"/>
        <line num="131" count="19" type="stmt"/>
        <line num="132" count="19" type="stmt"/>
        <line num="133" count="19" type="stmt"/>
        <line num="134" count="19" type="stmt"/>
        <line num="135" count="19" type="stmt"/>
        <line num="136" count="19" type="stmt"/>
        <line num="137" count="19" type="stmt"/>
        <line num="142" count="38" type="stmt"/>
        <line num="143" count="38" type="stmt"/>
        <line num="146" count="38" type="cond" truecount="4" falsecount="0"/>
        <line num="147" count="19" type="cond" truecount="2" falsecount="0"/>
        <line num="148" count="19" type="cond" truecount="2" falsecount="0"/>
        <line num="150" count="19" type="stmt"/>
        <line num="156" count="38" type="cond" truecount="2" falsecount="0"/>
        <line num="157" count="1" type="cond" truecount="1" falsecount="1"/>
        <line num="158" count="1" type="stmt"/>
        <line num="159" count="1" type="stmt"/>
        <line num="160" count="1" type="stmt"/>
        <line num="161" count="1" type="stmt"/>
        <line num="163" count="1" type="stmt"/>
        <line num="169" count="38" type="cond" truecount="2" falsecount="0"/>
        <line num="170" count="38" type="cond" truecount="2" falsecount="0"/>
        <line num="172" count="38" type="stmt"/>
        <line num="177" count="38" type="cond" truecount="2" falsecount="0"/>
        <line num="178" count="1" type="stmt"/>
        <line num="179" count="1" type="stmt"/>
        <line num="180" count="1" type="stmt"/>
        <line num="186" count="38" type="stmt"/>
        <line num="187" count="38" type="stmt"/>
        <line num="188" count="38" type="cond" truecount="2" falsecount="0"/>
        <line num="189" count="38" type="cond" truecount="1" falsecount="1"/>
        <line num="190" count="38" type="cond" truecount="2" falsecount="0"/>
        <line num="191" count="38" type="cond" truecount="2" falsecount="0"/>
        <line num="193" count="38" type="stmt"/>
        <line num="196" count="38" type="cond" truecount="2" falsecount="0"/>
        <line num="197" count="1" type="stmt"/>
        <line num="200" count="38" type="stmt"/>
        <line num="203" count="38" type="stmt"/>
        <line num="204" count="19" type="stmt"/>
        <line num="209" count="19" type="stmt"/>
        <line num="212" count="19" type="stmt"/>
        <line num="214" count="19" type="stmt"/>
        <line num="226" count="38" type="stmt"/>
        <line num="227" count="38" type="stmt"/>
        <line num="228" count="38" type="stmt"/>
        <line num="229" count="38" type="stmt"/>
        <line num="231" count="38" type="stmt"/>
        <line num="232" count="19" type="stmt"/>
        <line num="233" count="19" type="stmt"/>
        <line num="234" count="19" type="stmt"/>
        <line num="235" count="19" type="stmt"/>
        <line num="236" count="19" type="stmt"/>
        <line num="239" count="38" type="stmt"/>
        <line num="246" count="40" type="stmt"/>
        <line num="260" count="2" type="stmt"/>
      </file>
      <file name="yamlFormat.ts" path="/home/davidm/Projects/mindmap-web/src/utils/formats/yamlFormat.ts">
        <metrics statements="35" coveredstatements="35" conditionals="37" coveredconditionals="36" methods="4" coveredmethods="4"/>
        <line num="19" count="15" type="stmt"/>
        <line num="20" count="32" type="stmt"/>
        <line num="24" count="32" type="cond" truecount="4" falsecount="0"/>
        <line num="25" count="11" type="stmt"/>
        <line num="28" count="32" type="cond" truecount="2" falsecount="0"/>
        <line num="29" count="4" type="cond" truecount="2" falsecount="0"/>
        <line num="30" count="3" type="stmt"/>
        <line num="32" count="4" type="cond" truecount="2" falsecount="0"/>
        <line num="33" count="2" type="stmt"/>
        <line num="37" count="32" type="cond" truecount="2" falsecount="0"/>
        <line num="38" count="2" type="stmt"/>
        <line num="41" count="32" type="cond" truecount="2" falsecount="0"/>
        <line num="42" count="2" type="stmt"/>
        <line num="45" count="32" type="stmt"/>
        <line num="48" count="15" type="stmt"/>
        <line num="49" count="15" type="stmt"/>
        <line num="60" count="19" type="stmt"/>
        <line num="62" count="19" type="cond" truecount="4" falsecount="0"/>
        <line num="63" count="2" type="stmt"/>
        <line num="67" count="17" type="stmt"/>
        <line num="68" count="40" type="stmt"/>
        <line num="74" count="40" type="cond" truecount="4" falsecount="0"/>
        <line num="75" count="14" type="stmt"/>
        <line num="78" count="40" type="cond" truecount="4" falsecount="0"/>
        <line num="79" count="8" type="stmt"/>
        <line num="80" count="8" type="cond" truecount="2" falsecount="0"/>
        <line num="81" count="6" type="stmt"/>
        <line num="83" count="8" type="cond" truecount="2" falsecount="0"/>
        <line num="84" count="5" type="stmt"/>
        <line num="88" count="40" type="cond" truecount="2" falsecount="0"/>
        <line num="89" count="4" type="stmt"/>
        <line num="92" count="40" type="cond" truecount="2" falsecount="0"/>
        <line num="93" count="4" type="stmt"/>
        <line num="96" count="40" type="stmt"/>
        <line num="99" count="17" type="stmt"/>
      </file>
    </package>
  </project>
</coverage>
