{"/home/davidm/Projects/Mindmap-web/src/components/ErrorBoundary.tsx": {"path":"/home/davidm/Projects/Mindmap-web/src/components/ErrorBoundary.tsx","statementMap":{"0":{"start":{"line":44,"column":16},"end":{"line":50,"column":null}},"1":{"start":{"line":21,"column":4},"end":{"line":21,"column":null}},"2":{"start":{"line":22,"column":4},"end":{"line":26,"column":null}},"3":{"start":{"line":31,"column":4},"end":{"line":31,"column":null}},"4":{"start":{"line":36,"column":4},"end":{"line":36,"column":null}},"5":{"start":{"line":38,"column":4},"end":{"line":41,"column":null}},"6":{"start":{"line":45,"column":4},"end":{"line":49,"column":null}},"7":{"start":{"line":53,"column":4},"end":{"line":166,"column":null}},"8":{"start":{"line":55,"column":6},"end":{"line":57,"column":null}},"9":{"start":{"line":56,"column":8},"end":{"line":56,"column":null}},"10":{"start":{"line":60,"column":6},"end":{"line":164,"column":null}},"11":{"start":{"line":150,"column":29},"end":{"line":150,"column":null}},"12":{"start":{"line":168,"column":4},"end":{"line":168,"column":null}}},"fnMap":{"0":{"name":"(anonymous_0)","decl":{"start":{"line":20,"column":2},"end":{"line":20,"column":14}},"loc":{"start":{"line":20,"column":28},"end":{"line":27,"column":null}},"line":20},"1":{"name":"(anonymous_1)","decl":{"start":{"line":29,"column":9},"end":{"line":29,"column":52}},"loc":{"start":{"line":29,"column":52},"end":{"line":32,"column":null}},"line":29},"2":{"name":"(anonymous_2)","decl":{"start":{"line":34,"column":2},"end":{"line":34,"column":20}},"loc":{"start":{"line":34,"column":62},"end":{"line":42,"column":null}},"line":34},"3":{"name":"(anonymous_3)","decl":{"start":{"line":44,"column":16},"end":{"line":44,"column":22}},"loc":{"start":{"line":44,"column":22},"end":{"line":50,"column":null}},"line":44},"4":{"name":"(anonymous_4)","decl":{"start":{"line":52,"column":2},"end":{"line":52,"column":22}},"loc":{"start":{"line":52,"column":22},"end":{"line":169,"column":null}},"line":52},"5":{"name":"(anonymous_5)","decl":{"start":{"line":150,"column":23},"end":{"line":150,"column":29}},"loc":{"start":{"line":150,"column":29},"end":{"line":150,"column":null}},"line":150}},"branchMap":{"0":{"loc":{"start":{"line":53,"column":4},"end":{"line":166,"column":null}},"type":"if","locations":[{"start":{"line":53,"column":4},"end":{"line":166,"column":null}},{"start":{},"end":{}}],"line":53},"1":{"loc":{"start":{"line":55,"column":6},"end":{"line":57,"column":null}},"type":"if","locations":[{"start":{"line":55,"column":6},"end":{"line":57,"column":null}},{"start":{},"end":{}}],"line":55},"2":{"loc":{"start":{"line":122,"column":15},"end":{"line":122,"column":null}},"type":"binary-expr","locations":[{"start":{"line":122,"column":15},"end":{"line":122,"column":35}},{"start":{"line":122,"column":35},"end":{"line":122,"column":null}}],"line":122},"3":{"loc":{"start":{"line":124,"column":15},"end":{"line":124,"column":null}},"type":"binary-expr","locations":[{"start":{"line":124,"column":15},"end":{"line":124,"column":39}},{"start":{"line":124,"column":39},"end":{"line":124,"column":null}}],"line":124}},"s":{"0":1,"1":15,"2":15,"3":14,"4":7,"5":7,"6":1,"7":37,"8":21,"9":3,"10":18,"11":0,"12":16},"f":{"0":15,"1":14,"2":7,"3":1,"4":37,"5":0},"b":{"0":[21,16],"1":[3,18],"2":[18,6],"3":[21,6]},"meta":{"lastBranch":4,"lastFunction":6,"lastStatement":13,"seen":{"s:44:16:50:Infinity":0,"f:20:2:20:14":0,"s:21:4:21:Infinity":1,"s:22:4:26:Infinity":2,"f:29:9:29:52":1,"s:31:4:31:Infinity":3,"f:34:2:34:20":2,"s:36:4:36:Infinity":4,"s:38:4:41:Infinity":5,"f:44:16:44:22":3,"s:45:4:49:Infinity":6,"f:52:2:52:22":4,"b:53:4:166:Infinity:undefined:undefined:undefined:undefined":0,"s:53:4:166:Infinity":7,"b:55:6:57:Infinity:undefined:undefined:undefined:undefined":1,"s:55:6:57:Infinity":8,"s:56:8:56:Infinity":9,"s:60:6:164:Infinity":10,"b:122:15:122:35:122:35:122:Infinity":2,"b:124:15:124:39:124:39:124:Infinity":3,"f:150:23:150:29":5,"s:150:29:150:Infinity":11,"s:168:4:168:Infinity":12}}}
,"/home/davidm/Projects/Mindmap-web/src/hooks/useUndoRedo.ts": {"path":"/home/davidm/Projects/Mindmap-web/src/hooks/useUndoRedo.ts","statementMap":{"0":{"start":{"line":25,"column":24},"end":{"line":25,"column":null}},"1":{"start":{"line":26,"column":24},"end":{"line":26,"column":null}},"2":{"start":{"line":27,"column":24},"end":{"line":27,"column":null}},"3":{"start":{"line":28,"column":24},"end":{"line":28,"column":null}},"4":{"start":{"line":31,"column":2},"end":{"line":46,"column":null}},"5":{"start":{"line":32,"column":18},"end":{"line":32,"column":null}},"6":{"start":{"line":33,"column":4},"end":{"line":44,"column":null}},"7":{"start":{"line":35,"column":23},"end":{"line":35,"column":null}},"8":{"start":{"line":35,"column":45},"end":{"line":35,"column":82}},"9":{"start":{"line":35,"column":67},"end":{"line":35,"column":81}},"10":{"start":{"line":36,"column":6},"end":{"line":43,"column":null}},"11":{"start":{"line":37,"column":24},"end":{"line":37,"column":null}},"12":{"start":{"line":38,"column":27},"end":{"line":38,"column":null}},"13":{"start":{"line":38,"column":47},"end":{"line":38,"column":70}},"14":{"start":{"line":39,"column":8},"end":{"line":41,"column":null}},"15":{"start":{"line":40,"column":10},"end":{"line":40,"column":null}},"16":{"start":{"line":42,"column":8},"end":{"line":42,"column":null}},"17":{"start":{"line":45,"column":4},"end":{"line":45,"column":null}},"18":{"start":{"line":49,"column":2},"end":{"line":55,"column":null}},"19":{"start":{"line":50,"column":20},"end":{"line":50,"column":null}},"20":{"start":{"line":51,"column":4},"end":{"line":53,"column":null}},"21":{"start":{"line":52,"column":6},"end":{"line":52,"column":null}},"22":{"start":{"line":54,"column":4},"end":{"line":54,"column":null}},"23":{"start":{"line":58,"column":2},"end":{"line":64,"column":null}},"24":{"start":{"line":59,"column":18},"end":{"line":59,"column":null}},"25":{"start":{"line":60,"column":4},"end":{"line":62,"column":null}},"26":{"start":{"line":61,"column":6},"end":{"line":61,"column":null}},"27":{"start":{"line":63,"column":4},"end":{"line":63,"column":null}},"28":{"start":{"line":67,"column":2},"end":{"line":69,"column":null}},"29":{"start":{"line":68,"column":4},"end":{"line":68,"column":null}},"30":{"start":{"line":72,"column":21},"end":{"line":75,"column":null}},"31":{"start":{"line":73,"column":21},"end":{"line":73,"column":null}},"32":{"start":{"line":73,"column":42},"end":{"line":73,"column":59}},"33":{"start":{"line":74,"column":4},"end":{"line":74,"column":null}},"34":{"start":{"line":76,"column":2},"end":{"line":78,"column":null}},"35":{"start":{"line":77,"column":4},"end":{"line":77,"column":null}},"36":{"start":{"line":81,"column":23},"end":{"line":84,"column":null}},"37":{"start":{"line":82,"column":21},"end":{"line":82,"column":null}},"38":{"start":{"line":82,"column":42},"end":{"line":82,"column":59}},"39":{"start":{"line":83,"column":4},"end":{"line":83,"column":null}},"40":{"start":{"line":85,"column":2},"end":{"line":87,"column":null}},"41":{"start":{"line":86,"column":4},"end":{"line":86,"column":null}},"42":{"start":{"line":90,"column":19},"end":{"line":93,"column":null}},"43":{"start":{"line":91,"column":21},"end":{"line":91,"column":null}},"44":{"start":{"line":91,"column":42},"end":{"line":91,"column":59}},"45":{"start":{"line":92,"column":4},"end":{"line":92,"column":null}},"46":{"start":{"line":94,"column":2},"end":{"line":96,"column":null}},"47":{"start":{"line":95,"column":4},"end":{"line":95,"column":null}},"48":{"start":{"line":99,"column":20},"end":{"line":102,"column":null}},"49":{"start":{"line":100,"column":21},"end":{"line":100,"column":null}},"50":{"start":{"line":100,"column":42},"end":{"line":100,"column":59}},"51":{"start":{"line":101,"column":4},"end":{"line":101,"column":null}},"52":{"start":{"line":103,"column":2},"end":{"line":105,"column":null}},"53":{"start":{"line":104,"column":4},"end":{"line":104,"column":null}},"54":{"start":{"line":107,"column":2},"end":{"line":107,"column":null}},"55":{"start":{"line":114,"column":22},"end":{"line":114,"column":null}},"56":{"start":{"line":115,"column":26},"end":{"line":115,"column":null}},"57":{"start":{"line":116,"column":32},"end":{"line":116,"column":null}},"58":{"start":{"line":118,"column":18},"end":{"line":118,"column":null}},"59":{"start":{"line":119,"column":18},"end":{"line":119,"column":null}},"60":{"start":{"line":122,"column":8},"end":{"line":146,"column":null}},"61":{"start":{"line":123,"column":4},"end":{"line":142,"column":null}},"62":{"start":{"line":124,"column":18},"end":{"line":124,"column":null}},"63":{"start":{"line":125,"column":24},"end":{"line":125,"column":null}},"64":{"start":{"line":128,"column":6},"end":{"line":130,"column":null}},"65":{"start":{"line":129,"column":8},"end":{"line":129,"column":null}},"66":{"start":{"line":132,"column":43},"end":{"line":137,"column":null}},"67":{"start":{"line":139,"column":22},"end":{"line":139,"column":null}},"68":{"start":{"line":141,"column":6},"end":{"line":141,"column":null}},"69":{"start":{"line":144,"column":4},"end":{"line":144,"column":null}},"70":{"start":{"line":145,"column":4},"end":{"line":145,"column":null}},"71":{"start":{"line":149,"column":8},"end":{"line":170,"column":null}},"72":{"start":{"line":150,"column":38},"end":{"line":150,"column":null}},"73":{"start":{"line":151,"column":4},"end":{"line":168,"column":null}},"74":{"start":{"line":152,"column":6},"end":{"line":152,"column":null}},"75":{"start":{"line":152,"column":33},"end":{"line":152,"column":null}},"76":{"start":{"line":154,"column":28},"end":{"line":154,"column":null}},"77":{"start":{"line":155,"column":22},"end":{"line":155,"column":null}},"78":{"start":{"line":156,"column":6},"end":{"line":156,"column":null}},"79":{"start":{"line":159,"column":6},"end":{"line":159,"column":null}},"80":{"start":{"line":162,"column":6},"end":{"line":165,"column":null}},"81":{"start":{"line":162,"column":32},"end":{"line":165,"column":7}},"82":{"start":{"line":167,"column":6},"end":{"line":167,"column":null}},"83":{"start":{"line":169,"column":4},"end":{"line":169,"column":null}},"84":{"start":{"line":173,"column":8},"end":{"line":194,"column":null}},"85":{"start":{"line":174,"column":38},"end":{"line":174,"column":null}},"86":{"start":{"line":175,"column":4},"end":{"line":192,"column":null}},"87":{"start":{"line":176,"column":6},"end":{"line":176,"column":null}},"88":{"start":{"line":176,"column":35},"end":{"line":176,"column":null}},"89":{"start":{"line":178,"column":24},"end":{"line":178,"column":null}},"90":{"start":{"line":179,"column":24},"end":{"line":179,"column":null}},"91":{"start":{"line":180,"column":6},"end":{"line":180,"column":null}},"92":{"start":{"line":183,"column":6},"end":{"line":183,"column":null}},"93":{"start":{"line":186,"column":6},"end":{"line":189,"column":null}},"94":{"start":{"line":186,"column":28},"end":{"line":189,"column":7}},"95":{"start":{"line":191,"column":6},"end":{"line":191,"column":null}},"96":{"start":{"line":193,"column":4},"end":{"line":193,"column":null}},"97":{"start":{"line":197,"column":8},"end":{"line":225,"column":null}},"98":{"start":{"line":198,"column":4},"end":{"line":224,"column":null}},"99":{"start":{"line":200,"column":6},"end":{"line":200,"column":null}},"100":{"start":{"line":200,"column":45},"end":{"line":200,"column":null}},"101":{"start":{"line":202,"column":26},"end":{"line":202,"column":null}},"102":{"start":{"line":203,"column":27},"end":{"line":203,"column":null}},"103":{"start":{"line":204,"column":35},"end":{"line":204,"column":null}},"104":{"start":{"line":206,"column":6},"end":{"line":206,"column":null}},"105":{"start":{"line":207,"column":6},"end":{"line":207,"column":null}},"106":{"start":{"line":208,"column":6},"end":{"line":208,"column":null}},"107":{"start":{"line":210,"column":6},"end":{"line":210,"column":null}},"108":{"start":{"line":213,"column":6},"end":{"line":213,"column":null}},"109":{"start":{"line":213,"column":47},"end":{"line":213,"column":null}},"110":{"start":{"line":215,"column":26},"end":{"line":215,"column":null}},"111":{"start":{"line":216,"column":27},"end":{"line":216,"column":null}},"112":{"start":{"line":217,"column":33},"end":{"line":217,"column":null}},"113":{"start":{"line":219,"column":6},"end":{"line":219,"column":null}},"114":{"start":{"line":220,"column":6},"end":{"line":220,"column":null}},"115":{"start":{"line":221,"column":6},"end":{"line":221,"column":null}},"116":{"start":{"line":223,"column":6},"end":{"line":223,"column":null}},"117":{"start":{"line":228,"column":8},"end":{"line":250,"column":null}},"118":{"start":{"line":229,"column":70},"end":{"line":231,"column":null}},"119":{"start":{"line":230,"column":27},"end":{"line":230,"column":57}},"120":{"start":{"line":234,"column":4},"end":{"line":242,"column":null}},"121":{"start":{"line":235,"column":6},"end":{"line":241,"column":null}},"122":{"start":{"line":245,"column":4},"end":{"line":247,"column":null}},"123":{"start":{"line":246,"column":6},"end":{"line":246,"column":null}},"124":{"start":{"line":249,"column":4},"end":{"line":249,"column":null}},"125":{"start":{"line":253,"column":8},"end":{"line":257,"column":null}},"126":{"start":{"line":254,"column":4},"end":{"line":254,"column":null}},"127":{"start":{"line":255,"column":4},"end":{"line":255,"column":null}},"128":{"start":{"line":256,"column":4},"end":{"line":256,"column":null}},"129":{"start":{"line":259,"column":2},"end":{"line":270,"column":null}}},"fnMap":{"0":{"name":"getActionLabel","decl":{"start":{"line":19,"column":9},"end":{"line":19,"column":null}},"loc":{"start":{"line":24,"column":10},"end":{"line":108,"column":null}},"line":24},"1":{"name":"(anonymous_1)","decl":{"start":{"line":35,"column":40},"end":{"line":35,"column":45}},"loc":{"start":{"line":35,"column":45},"end":{"line":35,"column":82}},"line":35},"2":{"name":"(anonymous_2)","decl":{"start":{"line":35,"column":61},"end":{"line":35,"column":67}},"loc":{"start":{"line":35,"column":67},"end":{"line":35,"column":81}},"line":35},"3":{"name":"(anonymous_3)","decl":{"start":{"line":38,"column":42},"end":{"line":38,"column":47}},"loc":{"start":{"line":38,"column":47},"end":{"line":38,"column":70}},"line":38},"4":{"name":"(anonymous_4)","decl":{"start":{"line":72,"column":36},"end":{"line":72,"column":44}},"loc":{"start":{"line":72,"column":44},"end":{"line":75,"column":3}},"line":72},"5":{"name":"(anonymous_5)","decl":{"start":{"line":73,"column":36},"end":{"line":73,"column":42}},"loc":{"start":{"line":73,"column":42},"end":{"line":73,"column":59}},"line":73},"6":{"name":"(anonymous_6)","decl":{"start":{"line":81,"column":38},"end":{"line":81,"column":46}},"loc":{"start":{"line":81,"column":46},"end":{"line":84,"column":3}},"line":81},"7":{"name":"(anonymous_7)","decl":{"start":{"line":82,"column":36},"end":{"line":82,"column":42}},"loc":{"start":{"line":82,"column":42},"end":{"line":82,"column":59}},"line":82},"8":{"name":"(anonymous_8)","decl":{"start":{"line":90,"column":34},"end":{"line":90,"column":42}},"loc":{"start":{"line":90,"column":42},"end":{"line":93,"column":3}},"line":90},"9":{"name":"(anonymous_9)","decl":{"start":{"line":91,"column":36},"end":{"line":91,"column":42}},"loc":{"start":{"line":91,"column":42},"end":{"line":91,"column":59}},"line":91},"10":{"name":"(anonymous_10)","decl":{"start":{"line":99,"column":35},"end":{"line":99,"column":43}},"loc":{"start":{"line":99,"column":43},"end":{"line":102,"column":3}},"line":99},"11":{"name":"(anonymous_11)","decl":{"start":{"line":100,"column":36},"end":{"line":100,"column":42}},"loc":{"start":{"line":100,"column":42},"end":{"line":100,"column":59}},"line":100},"12":{"name":"useUndoRedo","decl":{"start":{"line":113,"column":16},"end":{"line":113,"column":28}},"loc":{"start":{"line":113,"column":74},"end":{"line":271,"column":null}},"line":113},"13":{"name":"(anonymous_13)","decl":{"start":{"line":122,"column":35},"end":{"line":122,"column":36}},"loc":{"start":{"line":122,"column":86},"end":{"line":146,"column":5}},"line":122},"14":{"name":"(anonymous_14)","decl":{"start":{"line":123,"column":12},"end":{"line":123,"column":13}},"loc":{"start":{"line":123,"column":26},"end":{"line":142,"column":5}},"line":123},"15":{"name":"(anonymous_15)","decl":{"start":{"line":149,"column":27},"end":{"line":149,"column":54}},"loc":{"start":{"line":149,"column":54},"end":{"line":170,"column":5}},"line":149},"16":{"name":"(anonymous_16)","decl":{"start":{"line":151,"column":12},"end":{"line":151,"column":13}},"loc":{"start":{"line":151,"column":26},"end":{"line":168,"column":5}},"line":151},"17":{"name":"(anonymous_17)","decl":{"start":{"line":162,"column":16},"end":{"line":162,"column":17}},"loc":{"start":{"line":162,"column":32},"end":{"line":165,"column":7}},"line":162},"18":{"name":"(anonymous_18)","decl":{"start":{"line":173,"column":27},"end":{"line":173,"column":54}},"loc":{"start":{"line":173,"column":54},"end":{"line":194,"column":5}},"line":173},"19":{"name":"(anonymous_19)","decl":{"start":{"line":175,"column":14},"end":{"line":175,"column":15}},"loc":{"start":{"line":175,"column":30},"end":{"line":192,"column":5}},"line":175},"20":{"name":"(anonymous_20)","decl":{"start":{"line":186,"column":14},"end":{"line":186,"column":15}},"loc":{"start":{"line":186,"column":28},"end":{"line":189,"column":7}},"line":186},"21":{"name":"(anonymous_21)","decl":{"start":{"line":197,"column":36},"end":{"line":197,"column":37}},"loc":{"start":{"line":197,"column":95},"end":{"line":225,"column":5}},"line":197},"22":{"name":"(anonymous_22)","decl":{"start":{"line":228,"column":37},"end":{"line":228,"column":89}},"loc":{"start":{"line":228,"column":89},"end":{"line":250,"column":5}},"line":228},"23":{"name":"(anonymous_23)","decl":{"start":{"line":230,"column":18},"end":{"line":230,"column":27}},"loc":{"start":{"line":230,"column":27},"end":{"line":230,"column":57}},"line":230},"24":{"name":"(anonymous_24)","decl":{"start":{"line":245,"column":34},"end":{"line":245,"column":42}},"loc":{"start":{"line":245,"column":42},"end":{"line":247,"column":5}},"line":245},"25":{"name":"(anonymous_25)","decl":{"start":{"line":253,"column":35},"end":{"line":253,"column":41}},"loc":{"start":{"line":253,"column":41},"end":{"line":257,"column":5}},"line":253}},"branchMap":{"0":{"loc":{"start":{"line":31,"column":2},"end":{"line":46,"column":null}},"type":"if","locations":[{"start":{"line":31,"column":2},"end":{"line":46,"column":null}},{"start":{},"end":{}}],"line":31},"1":{"loc":{"start":{"line":33,"column":4},"end":{"line":44,"column":null}},"type":"if","locations":[{"start":{"line":33,"column":4},"end":{"line":44,"column":null}},{"start":{},"end":{}}],"line":33},"2":{"loc":{"start":{"line":36,"column":6},"end":{"line":43,"column":null}},"type":"if","locations":[{"start":{"line":36,"column":6},"end":{"line":43,"column":null}},{"start":{},"end":{}}],"line":36},"3":{"loc":{"start":{"line":39,"column":8},"end":{"line":41,"column":null}},"type":"if","locations":[{"start":{"line":39,"column":8},"end":{"line":41,"column":null}},{"start":{},"end":{}}],"line":39},"4":{"loc":{"start":{"line":49,"column":2},"end":{"line":55,"column":null}},"type":"if","locations":[{"start":{"line":49,"column":2},"end":{"line":55,"column":null}},{"start":{},"end":{}}],"line":49},"5":{"loc":{"start":{"line":51,"column":4},"end":{"line":53,"column":null}},"type":"if","locations":[{"start":{"line":51,"column":4},"end":{"line":53,"column":null}},{"start":{},"end":{}}],"line":51},"6":{"loc":{"start":{"line":58,"column":2},"end":{"line":64,"column":null}},"type":"if","locations":[{"start":{"line":58,"column":2},"end":{"line":64,"column":null}},{"start":{},"end":{}}],"line":58},"7":{"loc":{"start":{"line":60,"column":4},"end":{"line":62,"column":null}},"type":"if","locations":[{"start":{"line":60,"column":4},"end":{"line":62,"column":null}},{"start":{},"end":{}}],"line":60},"8":{"loc":{"start":{"line":67,"column":2},"end":{"line":69,"column":null}},"type":"if","locations":[{"start":{"line":67,"column":2},"end":{"line":69,"column":null}},{"start":{},"end":{}}],"line":67},"9":{"loc":{"start":{"line":74,"column":11},"end":{"line":74,"column":null}},"type":"binary-expr","locations":[{"start":{"line":74,"column":11},"end":{"line":74,"column":23}},{"start":{"line":74,"column":23},"end":{"line":74,"column":null}}],"line":74},"10":{"loc":{"start":{"line":76,"column":2},"end":{"line":78,"column":null}},"type":"if","locations":[{"start":{"line":76,"column":2},"end":{"line":78,"column":null}},{"start":{},"end":{}}],"line":76},"11":{"loc":{"start":{"line":77,"column":69},"end":{"line":77,"column":115}},"type":"cond-expr","locations":[{"start":{"line":77,"column":105},"end":{"line":77,"column":113}},{"start":{"line":77,"column":113},"end":{"line":77,"column":115}}],"line":77},"12":{"loc":{"start":{"line":83,"column":11},"end":{"line":83,"column":null}},"type":"binary-expr","locations":[{"start":{"line":83,"column":11},"end":{"line":83,"column":23}},{"start":{"line":83,"column":23},"end":{"line":83,"column":null}}],"line":83},"13":{"loc":{"start":{"line":85,"column":2},"end":{"line":87,"column":null}},"type":"if","locations":[{"start":{"line":85,"column":2},"end":{"line":87,"column":null}},{"start":{},"end":{}}],"line":85},"14":{"loc":{"start":{"line":92,"column":11},"end":{"line":92,"column":null}},"type":"binary-expr","locations":[{"start":{"line":92,"column":11},"end":{"line":92,"column":23}},{"start":{"line":92,"column":23},"end":{"line":92,"column":null}}],"line":92},"15":{"loc":{"start":{"line":94,"column":2},"end":{"line":96,"column":null}},"type":"if","locations":[{"start":{"line":94,"column":2},"end":{"line":96,"column":null}},{"start":{},"end":{}}],"line":94},"16":{"loc":{"start":{"line":101,"column":11},"end":{"line":101,"column":null}},"type":"binary-expr","locations":[{"start":{"line":101,"column":11},"end":{"line":101,"column":23}},{"start":{"line":101,"column":23},"end":{"line":101,"column":null}}],"line":101},"17":{"loc":{"start":{"line":103,"column":2},"end":{"line":105,"column":null}},"type":"if","locations":[{"start":{"line":103,"column":2},"end":{"line":105,"column":null}},{"start":{},"end":{}}],"line":103},"18":{"loc":{"start":{"line":113,"column":28},"end":{"line":113,"column":74}},"type":"default-arg","locations":[{"start":{"line":113,"column":70},"end":{"line":113,"column":74}}],"line":113},"19":{"loc":{"start":{"line":113,"column":30},"end":{"line":113,"column":46}},"type":"default-arg","locations":[{"start":{"line":113,"column":43},"end":{"line":113,"column":46}}],"line":113},"20":{"loc":{"start":{"line":128,"column":6},"end":{"line":130,"column":null}},"type":"if","locations":[{"start":{"line":128,"column":6},"end":{"line":130,"column":null}},{"start":{},"end":{}}],"line":128},"21":{"loc":{"start":{"line":152,"column":6},"end":{"line":152,"column":null}},"type":"if","locations":[{"start":{"line":152,"column":6},"end":{"line":152,"column":null}},{"start":{},"end":{}}],"line":152},"22":{"loc":{"start":{"line":176,"column":6},"end":{"line":176,"column":null}},"type":"if","locations":[{"start":{"line":176,"column":6},"end":{"line":176,"column":null}},{"start":{},"end":{}}],"line":176},"23":{"loc":{"start":{"line":198,"column":4},"end":{"line":224,"column":null}},"type":"if","locations":[{"start":{"line":198,"column":4},"end":{"line":224,"column":null}},{"start":{"line":211,"column":11},"end":{"line":224,"column":null}}],"line":198},"24":{"loc":{"start":{"line":200,"column":6},"end":{"line":200,"column":null}},"type":"if","locations":[{"start":{"line":200,"column":6},"end":{"line":200,"column":null}},{"start":{},"end":{}}],"line":200},"25":{"loc":{"start":{"line":200,"column":10},"end":{"line":200,"column":45}},"type":"binary-expr","locations":[{"start":{"line":200,"column":10},"end":{"line":200,"column":23}},{"start":{"line":200,"column":23},"end":{"line":200,"column":45}}],"line":200},"26":{"loc":{"start":{"line":213,"column":6},"end":{"line":213,"column":null}},"type":"if","locations":[{"start":{"line":213,"column":6},"end":{"line":213,"column":null}},{"start":{},"end":{}}],"line":213},"27":{"loc":{"start":{"line":213,"column":10},"end":{"line":213,"column":47}},"type":"binary-expr","locations":[{"start":{"line":213,"column":10},"end":{"line":213,"column":23}},{"start":{"line":213,"column":23},"end":{"line":213,"column":47}}],"line":213},"28":{"loc":{"start":{"line":234,"column":4},"end":{"line":242,"column":null}},"type":"if","locations":[{"start":{"line":234,"column":4},"end":{"line":242,"column":null}},{"start":{},"end":{}}],"line":234}},"s":{"0":1,"1":1,"2":1,"3":1,"4":1,"5":0,"6":0,"7":0,"8":0,"9":0,"10":0,"11":0,"12":0,"13":0,"14":0,"15":0,"16":0,"17":0,"18":1,"19":0,"20":0,"21":0,"22":0,"23":1,"24":0,"25":0,"26":0,"27":0,"28":1,"29":0,"30":1,"31":1,"32":1,"33":1,"34":1,"35":1,"36":0,"37":0,"38":0,"39":0,"40":0,"41":0,"42":0,"43":0,"44":0,"45":0,"46":0,"47":0,"48":0,"49":0,"50":0,"51":0,"52":0,"53":0,"54":0,"55":30,"56":30,"57":30,"58":30,"59":30,"60":30,"61":73,"62":73,"63":73,"64":73,"65":1,"66":73,"67":73,"68":73,"69":73,"70":73,"71":30,"72":4,"73":4,"74":4,"75":1,"76":3,"77":3,"78":3,"79":3,"80":3,"81":3,"82":3,"83":4,"84":30,"85":2,"86":2,"87":2,"88":1,"89":1,"90":1,"91":1,"92":1,"93":1,"94":1,"95":1,"96":2,"97":30,"98":1,"99":1,"100":0,"101":1,"102":1,"103":1,"104":1,"105":1,"106":1,"107":1,"108":0,"109":0,"110":0,"111":0,"112":0,"113":0,"114":0,"115":0,"116":0,"117":30,"118":1,"119":1,"120":1,"121":1,"122":1,"123":0,"124":1,"125":30,"126":1,"127":1,"128":1,"129":30},"f":{"0":1,"1":0,"2":0,"3":0,"4":1,"5":1,"6":0,"7":0,"8":0,"9":0,"10":0,"11":0,"12":30,"13":73,"14":73,"15":4,"16":4,"17":3,"18":2,"19":2,"20":1,"21":1,"22":1,"23":1,"24":0,"25":1},"b":{"0":[0,1],"1":[0,0],"2":[0,0],"3":[0,0],"4":[0,1],"5":[0,0],"6":[0,1],"7":[0,0],"8":[0,1],"9":[1,1],"10":[1,0],"11":[0,1],"12":[0,0],"13":[0,0],"14":[0,0],"15":[0,0],"16":[0,0],"17":[0,0],"18":[30],"19":[30],"20":[1,72],"21":[1,3],"22":[1,1],"23":[1,0],"24":[0,1],"25":[1,1],"26":[0,0],"27":[0,0],"28":[1,0]},"meta":{"lastBranch":29,"lastFunction":26,"lastStatement":130,"seen":{"f:19:9:19:Infinity":0,"s:25:24:25:Infinity":0,"s:26:24:26:Infinity":1,"s:27:24:27:Infinity":2,"s:28:24:28:Infinity":3,"b:31:2:46:Infinity:undefined:undefined:undefined:undefined":0,"s:31:2:46:Infinity":4,"s:32:18:32:Infinity":5,"b:33:4:44:Infinity:undefined:undefined:undefined:undefined":1,"s:33:4:44:Infinity":6,"s:35:23:35:Infinity":7,"f:35:40:35:45":1,"s:35:45:35:82":8,"f:35:61:35:67":2,"s:35:67:35:81":9,"b:36:6:43:Infinity:undefined:undefined:undefined:undefined":2,"s:36:6:43:Infinity":10,"s:37:24:37:Infinity":11,"s:38:27:38:Infinity":12,"f:38:42:38:47":3,"s:38:47:38:70":13,"b:39:8:41:Infinity:undefined:undefined:undefined:undefined":3,"s:39:8:41:Infinity":14,"s:40:10:40:Infinity":15,"s:42:8:42:Infinity":16,"s:45:4:45:Infinity":17,"b:49:2:55:Infinity:undefined:undefined:undefined:undefined":4,"s:49:2:55:Infinity":18,"s:50:20:50:Infinity":19,"b:51:4:53:Infinity:undefined:undefined:undefined:undefined":5,"s:51:4:53:Infinity":20,"s:52:6:52:Infinity":21,"s:54:4:54:Infinity":22,"b:58:2:64:Infinity:undefined:undefined:undefined:undefined":6,"s:58:2:64:Infinity":23,"s:59:18:59:Infinity":24,"b:60:4:62:Infinity:undefined:undefined:undefined:undefined":7,"s:60:4:62:Infinity":25,"s:61:6:61:Infinity":26,"s:63:4:63:Infinity":27,"b:67:2:69:Infinity:undefined:undefined:undefined:undefined":8,"s:67:2:69:Infinity":28,"s:68:4:68:Infinity":29,"s:72:21:75:Infinity":30,"f:72:36:72:44":4,"s:73:21:73:Infinity":31,"f:73:36:73:42":5,"s:73:42:73:59":32,"s:74:4:74:Infinity":33,"b:74:11:74:23:74:23:74:Infinity":9,"b:76:2:78:Infinity:undefined:undefined:undefined:undefined":10,"s:76:2:78:Infinity":34,"s:77:4:77:Infinity":35,"b:77:105:77:113:77:113:77:115":11,"s:81:23:84:Infinity":36,"f:81:38:81:46":6,"s:82:21:82:Infinity":37,"f:82:36:82:42":7,"s:82:42:82:59":38,"s:83:4:83:Infinity":39,"b:83:11:83:23:83:23:83:Infinity":12,"b:85:2:87:Infinity:undefined:undefined:undefined:undefined":13,"s:85:2:87:Infinity":40,"s:86:4:86:Infinity":41,"s:90:19:93:Infinity":42,"f:90:34:90:42":8,"s:91:21:91:Infinity":43,"f:91:36:91:42":9,"s:91:42:91:59":44,"s:92:4:92:Infinity":45,"b:92:11:92:23:92:23:92:Infinity":14,"b:94:2:96:Infinity:undefined:undefined:undefined:undefined":15,"s:94:2:96:Infinity":46,"s:95:4:95:Infinity":47,"s:99:20:102:Infinity":48,"f:99:35:99:43":10,"s:100:21:100:Infinity":49,"f:100:36:100:42":11,"s:100:42:100:59":50,"s:101:4:101:Infinity":51,"b:101:11:101:23:101:23:101:Infinity":16,"b:103:2:105:Infinity:undefined:undefined:undefined:undefined":17,"s:103:2:105:Infinity":52,"s:104:4:104:Infinity":53,"s:107:2:107:Infinity":54,"f:113:16:113:28":12,"b:113:70:113:74":18,"b:113:43:113:46":19,"s:114:22:114:Infinity":55,"s:115:26:115:Infinity":56,"s:116:32:116:Infinity":57,"s:118:18:118:Infinity":58,"s:119:18:119:Infinity":59,"s:122:8:146:Infinity":60,"f:122:35:122:36":13,"s:123:4:142:Infinity":61,"f:123:12:123:13":14,"s:124:18:124:Infinity":62,"s:125:24:125:Infinity":63,"b:128:6:130:Infinity:undefined:undefined:undefined:undefined":20,"s:128:6:130:Infinity":64,"s:129:8:129:Infinity":65,"s:132:43:137:Infinity":66,"s:139:22:139:Infinity":67,"s:141:6:141:Infinity":68,"s:144:4:144:Infinity":69,"s:145:4:145:Infinity":70,"s:149:8:170:Infinity":71,"f:149:27:149:54":15,"s:150:38:150:Infinity":72,"s:151:4:168:Infinity":73,"f:151:12:151:13":16,"b:152:6:152:Infinity:undefined:undefined:undefined:undefined":21,"s:152:6:152:Infinity":74,"s:152:33:152:Infinity":75,"s:154:28:154:Infinity":76,"s:155:22:155:Infinity":77,"s:156:6:156:Infinity":78,"s:159:6:159:Infinity":79,"s:162:6:165:Infinity":80,"f:162:16:162:17":17,"s:162:32:165:7":81,"s:167:6:167:Infinity":82,"s:169:4:169:Infinity":83,"s:173:8:194:Infinity":84,"f:173:27:173:54":18,"s:174:38:174:Infinity":85,"s:175:4:192:Infinity":86,"f:175:14:175:15":19,"b:176:6:176:Infinity:undefined:undefined:undefined:undefined":22,"s:176:6:176:Infinity":87,"s:176:35:176:Infinity":88,"s:178:24:178:Infinity":89,"s:179:24:179:Infinity":90,"s:180:6:180:Infinity":91,"s:183:6:183:Infinity":92,"s:186:6:189:Infinity":93,"f:186:14:186:15":20,"s:186:28:189:7":94,"s:191:6:191:Infinity":95,"s:193:4:193:Infinity":96,"s:197:8:225:Infinity":97,"f:197:36:197:37":21,"b:198:4:224:Infinity:211:11:224:Infinity":23,"s:198:4:224:Infinity":98,"b:200:6:200:Infinity:undefined:undefined:undefined:undefined":24,"s:200:6:200:Infinity":99,"b:200:10:200:23:200:23:200:45":25,"s:200:45:200:Infinity":100,"s:202:26:202:Infinity":101,"s:203:27:203:Infinity":102,"s:204:35:204:Infinity":103,"s:206:6:206:Infinity":104,"s:207:6:207:Infinity":105,"s:208:6:208:Infinity":106,"s:210:6:210:Infinity":107,"b:213:6:213:Infinity:undefined:undefined:undefined:undefined":26,"s:213:6:213:Infinity":108,"b:213:10:213:23:213:23:213:47":27,"s:213:47:213:Infinity":109,"s:215:26:215:Infinity":110,"s:216:27:216:Infinity":111,"s:217:33:217:Infinity":112,"s:219:6:219:Infinity":113,"s:220:6:220:Infinity":114,"s:221:6:221:Infinity":115,"s:223:6:223:Infinity":116,"s:228:8:250:Infinity":117,"f:228:37:228:89":22,"s:229:70:231:Infinity":118,"f:230:18:230:27":23,"s:230:27:230:57":119,"b:234:4:242:Infinity:undefined:undefined:undefined:undefined":28,"s:234:4:242:Infinity":120,"s:235:6:241:Infinity":121,"s:245:4:247:Infinity":122,"f:245:34:245:42":24,"s:246:6:246:Infinity":123,"s:249:4:249:Infinity":124,"s:253:8:257:Infinity":125,"f:253:35:253:41":25,"s:254:4:254:Infinity":126,"s:255:4:255:Infinity":127,"s:256:4:256:Infinity":128,"s:259:2:270:Infinity":129}}}
,"/home/davidm/Projects/Mindmap-web/src/utils/mindmapConverter.ts": {"path":"/home/davidm/Projects/Mindmap-web/src/utils/mindmapConverter.ts","statementMap":{"0":{"start":{"line":12,"column":22},"end":{"line":12,"column":null}},"1":{"start":{"line":13,"column":18},"end":{"line":13,"column":null}},"2":{"start":{"line":15,"column":2},"end":{"line":19,"column":null}},"3":{"start":{"line":16,"column":21},"end":{"line":16,"column":null}},"4":{"start":{"line":17,"column":4},"end":{"line":17,"column":null}},"5":{"start":{"line":18,"column":4},"end":{"line":18,"column":null}},"6":{"start":{"line":21,"column":2},"end":{"line":23,"column":null}},"7":{"start":{"line":22,"column":4},"end":{"line":22,"column":null}},"8":{"start":{"line":26,"column":20},"end":{"line":26,"column":null}},"9":{"start":{"line":26,"column":45},"end":{"line":26,"column":53}},"10":{"start":{"line":27,"column":19},"end":{"line":27,"column":null}},"11":{"start":{"line":27,"column":37},"end":{"line":27,"column":57}},"12":{"start":{"line":29,"column":2},"end":{"line":29,"column":null}},"13":{"start":{"line":29,"column":17},"end":{"line":29,"column":null}},"14":{"start":{"line":32,"column":22},"end":{"line":32,"column":null}},"15":{"start":{"line":33,"column":22},"end":{"line":33,"column":null}},"16":{"start":{"line":34,"column":17},"end":{"line":34,"column":null}},"17":{"start":{"line":35,"column":17},"end":{"line":35,"column":null}},"18":{"start":{"line":37,"column":26},"end":{"line":37,"column":null}},"19":{"start":{"line":41,"column":21},"end":{"line":41,"column":null}},"20":{"start":{"line":42,"column":4},"end":{"line":42,"column":null}},"21":{"start":{"line":42,"column":31},"end":{"line":42,"column":null}},"22":{"start":{"line":44,"column":22},"end":{"line":44,"column":null}},"23":{"start":{"line":45,"column":4},"end":{"line":47,"column":null}},"24":{"start":{"line":46,"column":6},"end":{"line":46,"column":null}},"25":{"start":{"line":49,"column":4},"end":{"line":49,"column":null}},"26":{"start":{"line":60,"column":4},"end":{"line":60,"column":null}},"27":{"start":{"line":63,"column":21},"end":{"line":63,"column":null}},"28":{"start":{"line":64,"column":4},"end":{"line":64,"column":null}},"29":{"start":{"line":64,"column":31},"end":{"line":64,"column":null}},"30":{"start":{"line":67,"column":24},"end":{"line":67,"column":null}},"31":{"start":{"line":67,"column":58},"end":{"line":67,"column":91}},"32":{"start":{"line":70,"column":25},"end":{"line":72,"column":null}},"33":{"start":{"line":71,"column":34},"end":{"line":71,"column":57}},"34":{"start":{"line":73,"column":26},"end":{"line":75,"column":null}},"35":{"start":{"line":74,"column":34},"end":{"line":74,"column":58}},"36":{"start":{"line":76,"column":32},"end":{"line":76,"column":null}},"37":{"start":{"line":78,"column":19},"end":{"line":78,"column":null}},"38":{"start":{"line":81,"column":4},"end":{"line":94,"column":null}},"39":{"start":{"line":82,"column":30},"end":{"line":82,"column":null}},"40":{"start":{"line":82,"column":63},"end":{"line":82,"column":91}},"41":{"start":{"line":83,"column":18},"end":{"line":83,"column":null}},"42":{"start":{"line":85,"column":6},"end":{"line":93,"column":null}},"43":{"start":{"line":86,"column":28},"end":{"line":91,"column":null}},"44":{"start":{"line":92,"column":8},"end":{"line":92,"column":null}},"45":{"start":{"line":97,"column":4},"end":{"line":110,"column":null}},"46":{"start":{"line":98,"column":31},"end":{"line":98,"column":null}},"47":{"start":{"line":98,"column":65},"end":{"line":98,"column":93}},"48":{"start":{"line":99,"column":19},"end":{"line":99,"column":null}},"49":{"start":{"line":101,"column":6},"end":{"line":109,"column":null}},"50":{"start":{"line":102,"column":28},"end":{"line":107,"column":null}},"51":{"start":{"line":108,"column":8},"end":{"line":108,"column":null}},"52":{"start":{"line":113,"column":4},"end":{"line":124,"column":null}},"53":{"start":{"line":114,"column":24},"end":{"line":114,"column":null}},"54":{"start":{"line":115,"column":6},"end":{"line":123,"column":null}},"55":{"start":{"line":116,"column":28},"end":{"line":121,"column":null}},"56":{"start":{"line":122,"column":8},"end":{"line":122,"column":null}},"57":{"start":{"line":126,"column":4},"end":{"line":126,"column":null}},"58":{"start":{"line":130,"column":2},"end":{"line":130,"column":null}},"59":{"start":{"line":133,"column":2},"end":{"line":139,"column":null}},"60":{"start":{"line":134,"column":19},"end":{"line":134,"column":null}},"61":{"start":{"line":135,"column":4},"end":{"line":138,"column":null}},"62":{"start":{"line":146,"column":31},"end":{"line":146,"column":null}},"63":{"start":{"line":147,"column":31},"end":{"line":147,"column":null}},"64":{"start":{"line":151,"column":4},"end":{"line":170,"column":null}},"65":{"start":{"line":173,"column":4},"end":{"line":188,"column":null}},"66":{"start":{"line":174,"column":6},"end":{"line":187,"column":null}},"67":{"start":{"line":191,"column":4},"end":{"line":193,"column":null}},"68":{"start":{"line":192,"column":6},"end":{"line":192,"column":null}},"69":{"start":{"line":192,"column":39},"end":{"line":192,"column":74}},"70":{"start":{"line":196,"column":2},"end":{"line":196,"column":null}},"71":{"start":{"line":199,"column":2},"end":{"line":201,"column":null}},"72":{"start":{"line":200,"column":4},"end":{"line":200,"column":null}},"73":{"start":{"line":203,"column":2},"end":{"line":203,"column":null}},"74":{"start":{"line":210,"column":2},"end":{"line":210,"column":null}},"75":{"start":{"line":210,"column":26},"end":{"line":210,"column":null}},"76":{"start":{"line":213,"column":22},"end":{"line":213,"column":null}},"77":{"start":{"line":214,"column":18},"end":{"line":214,"column":null}},"78":{"start":{"line":216,"column":2},"end":{"line":220,"column":null}},"79":{"start":{"line":217,"column":21},"end":{"line":217,"column":null}},"80":{"start":{"line":218,"column":4},"end":{"line":218,"column":null}},"81":{"start":{"line":219,"column":4},"end":{"line":219,"column":null}},"82":{"start":{"line":222,"column":2},"end":{"line":224,"column":null}},"83":{"start":{"line":223,"column":4},"end":{"line":223,"column":null}},"84":{"start":{"line":227,"column":20},"end":{"line":227,"column":null}},"85":{"start":{"line":227,"column":45},"end":{"line":227,"column":53}},"86":{"start":{"line":228,"column":19},"end":{"line":228,"column":null}},"87":{"start":{"line":228,"column":37},"end":{"line":228,"column":57}},"88":{"start":{"line":230,"column":2},"end":{"line":230,"column":null}},"89":{"start":{"line":230,"column":17},"end":{"line":230,"column":null}},"90":{"start":{"line":233,"column":17},"end":{"line":233,"column":null}},"91":{"start":{"line":234,"column":21},"end":{"line":234,"column":null}},"92":{"start":{"line":237,"column":27},"end":{"line":237,"column":null}},"93":{"start":{"line":237,"column":45},"end":{"line":237,"column":64}},"94":{"start":{"line":239,"column":4},"end":{"line":263,"column":null}},"95":{"start":{"line":266,"column":2},"end":{"line":266,"column":null}},"96":{"start":{"line":273,"column":2},"end":{"line":273,"column":null}}},"fnMap":{"0":{"name":"autoLayoutNodes","decl":{"start":{"line":7,"column":16},"end":{"line":7,"column":null}},"loc":{"start":{"line":10,"column":17},"end":{"line":140,"column":null}},"line":10},"1":{"name":"(anonymous_1)","decl":{"start":{"line":15,"column":16},"end":{"line":15,"column":17}},"loc":{"start":{"line":15,"column":26},"end":{"line":19,"column":3}},"line":15},"2":{"name":"(anonymous_2)","decl":{"start":{"line":21,"column":16},"end":{"line":21,"column":17}},"loc":{"start":{"line":21,"column":26},"end":{"line":23,"column":3}},"line":21},"3":{"name":"(anonymous_3)","decl":{"start":{"line":26,"column":38},"end":{"line":26,"column":39}},"loc":{"start":{"line":26,"column":45},"end":{"line":26,"column":53}},"line":26},"4":{"name":"(anonymous_4)","decl":{"start":{"line":27,"column":30},"end":{"line":27,"column":31}},"loc":{"start":{"line":27,"column":37},"end":{"line":27,"column":57}},"line":27},"5":{"name":"getSubtreeHeight","decl":{"start":{"line":40,"column":11},"end":{"line":40,"column":28}},"loc":{"start":{"line":40,"column":52},"end":{"line":50,"column":null}},"line":40},"6":{"name":"(anonymous_6)","decl":{"start":{"line":45,"column":21},"end":{"line":45,"column":22}},"loc":{"start":{"line":45,"column":34},"end":{"line":47,"column":5}},"line":45},"7":{"name":"layoutNode","decl":{"start":{"line":53,"column":11},"end":{"line":53,"column":null}},"loc":{"start":{"line":58,"column":12},"end":{"line":127,"column":null}},"line":58},"8":{"name":"(anonymous_8)","decl":{"start":{"line":67,"column":40},"end":{"line":67,"column":41}},"loc":{"start":{"line":67,"column":58},"end":{"line":67,"column":91}},"line":67},"9":{"name":"(anonymous_9)","decl":{"start":{"line":71,"column":24},"end":{"line":71,"column":25}},"loc":{"start":{"line":71,"column":34},"end":{"line":71,"column":57}},"line":71},"10":{"name":"(anonymous_10)","decl":{"start":{"line":74,"column":24},"end":{"line":74,"column":25}},"loc":{"start":{"line":74,"column":34},"end":{"line":74,"column":58}},"line":74},"11":{"name":"(anonymous_11)","decl":{"start":{"line":82,"column":50},"end":{"line":82,"column":51}},"loc":{"start":{"line":82,"column":63},"end":{"line":82,"column":91}},"line":82},"12":{"name":"(anonymous_12)","decl":{"start":{"line":85,"column":27},"end":{"line":85,"column":28}},"loc":{"start":{"line":85,"column":40},"end":{"line":93,"column":7}},"line":85},"13":{"name":"(anonymous_13)","decl":{"start":{"line":98,"column":52},"end":{"line":98,"column":53}},"loc":{"start":{"line":98,"column":65},"end":{"line":98,"column":93}},"line":98},"14":{"name":"(anonymous_14)","decl":{"start":{"line":101,"column":28},"end":{"line":101,"column":29}},"loc":{"start":{"line":101,"column":41},"end":{"line":109,"column":7}},"line":101},"15":{"name":"(anonymous_15)","decl":{"start":{"line":115,"column":34},"end":{"line":115,"column":35}},"loc":{"start":{"line":115,"column":47},"end":{"line":123,"column":7}},"line":115},"16":{"name":"(anonymous_16)","decl":{"start":{"line":133,"column":19},"end":{"line":133,"column":20}},"loc":{"start":{"line":133,"column":29},"end":{"line":139,"column":3}},"line":133},"17":{"name":"treeToFlow","decl":{"start":{"line":145,"column":16},"end":{"line":145,"column":27}},"loc":{"start":{"line":145,"column":114},"end":{"line":204,"column":null}},"line":145},"18":{"name":"traverse","decl":{"start":{"line":149,"column":11},"end":{"line":149,"column":20}},"loc":{"start":{"line":149,"column":82},"end":{"line":194,"column":null}},"line":149},"19":{"name":"(anonymous_19)","decl":{"start":{"line":192,"column":28},"end":{"line":192,"column":29}},"loc":{"start":{"line":192,"column":39},"end":{"line":192,"column":74}},"line":192},"20":{"name":"flowToTree","decl":{"start":{"line":209,"column":16},"end":{"line":209,"column":27}},"loc":{"start":{"line":209,"column":91},"end":{"line":267,"column":null}},"line":209},"21":{"name":"(anonymous_21)","decl":{"start":{"line":216,"column":16},"end":{"line":216,"column":17}},"loc":{"start":{"line":216,"column":26},"end":{"line":220,"column":3}},"line":216},"22":{"name":"(anonymous_22)","decl":{"start":{"line":222,"column":16},"end":{"line":222,"column":17}},"loc":{"start":{"line":222,"column":26},"end":{"line":224,"column":3}},"line":222},"23":{"name":"(anonymous_23)","decl":{"start":{"line":227,"column":38},"end":{"line":227,"column":39}},"loc":{"start":{"line":227,"column":45},"end":{"line":227,"column":53}},"line":227},"24":{"name":"(anonymous_24)","decl":{"start":{"line":228,"column":30},"end":{"line":228,"column":31}},"loc":{"start":{"line":228,"column":37},"end":{"line":228,"column":57}},"line":228},"25":{"name":"buildTree","decl":{"start":{"line":232,"column":11},"end":{"line":232,"column":21}},"loc":{"start":{"line":232,"column":50},"end":{"line":264,"column":null}},"line":232},"26":{"name":"(anonymous_26)","decl":{"start":{"line":237,"column":38},"end":{"line":237,"column":39}},"loc":{"start":{"line":237,"column":45},"end":{"line":237,"column":64}},"line":237},"27":{"name":"generateId","decl":{"start":{"line":272,"column":16},"end":{"line":272,"column":37}},"loc":{"start":{"line":272,"column":37},"end":{"line":274,"column":null}},"line":272}},"branchMap":{"0":{"loc":{"start":{"line":16,"column":21},"end":{"line":16,"column":null}},"type":"binary-expr","locations":[{"start":{"line":16,"column":21},"end":{"line":16,"column":53}},{"start":{"line":16,"column":53},"end":{"line":16,"column":null}}],"line":16},"1":{"loc":{"start":{"line":29,"column":2},"end":{"line":29,"column":null}},"type":"if","locations":[{"start":{"line":29,"column":2},"end":{"line":29,"column":null}},{"start":{},"end":{}}],"line":29},"2":{"loc":{"start":{"line":41,"column":21},"end":{"line":41,"column":null}},"type":"binary-expr","locations":[{"start":{"line":41,"column":21},"end":{"line":41,"column":48}},{"start":{"line":41,"column":48},"end":{"line":41,"column":null}}],"line":41},"3":{"loc":{"start":{"line":42,"column":4},"end":{"line":42,"column":null}},"type":"if","locations":[{"start":{"line":42,"column":4},"end":{"line":42,"column":null}},{"start":{},"end":{}}],"line":42},"4":{"loc":{"start":{"line":63,"column":21},"end":{"line":63,"column":null}},"type":"binary-expr","locations":[{"start":{"line":63,"column":21},"end":{"line":63,"column":48}},{"start":{"line":63,"column":48},"end":{"line":63,"column":null}}],"line":63},"5":{"loc":{"start":{"line":64,"column":4},"end":{"line":64,"column":null}},"type":"if","locations":[{"start":{"line":64,"column":4},"end":{"line":64,"column":null}},{"start":{},"end":{}}],"line":64},"6":{"loc":{"start":{"line":70,"column":25},"end":{"line":72,"column":null}},"type":"cond-expr","locations":[{"start":{"line":71,"column":8},"end":{"line":71,"column":null}},{"start":{"line":72,"column":8},"end":{"line":72,"column":null}}],"line":70},"7":{"loc":{"start":{"line":73,"column":26},"end":{"line":75,"column":null}},"type":"cond-expr","locations":[{"start":{"line":74,"column":8},"end":{"line":74,"column":null}},{"start":{"line":75,"column":8},"end":{"line":75,"column":null}}],"line":73},"8":{"loc":{"start":{"line":76,"column":32},"end":{"line":76,"column":null}},"type":"cond-expr","locations":[{"start":{"line":76,"column":50},"end":{"line":76,"column":55}},{"start":{"line":76,"column":55},"end":{"line":76,"column":null}}],"line":76},"9":{"loc":{"start":{"line":81,"column":4},"end":{"line":94,"column":null}},"type":"if","locations":[{"start":{"line":81,"column":4},"end":{"line":94,"column":null}},{"start":{},"end":{}}],"line":81},"10":{"loc":{"start":{"line":97,"column":4},"end":{"line":110,"column":null}},"type":"if","locations":[{"start":{"line":97,"column":4},"end":{"line":110,"column":null}},{"start":{},"end":{}}],"line":97},"11":{"loc":{"start":{"line":113,"column":4},"end":{"line":124,"column":null}},"type":"if","locations":[{"start":{"line":113,"column":4},"end":{"line":124,"column":null}},{"start":{},"end":{}}],"line":113},"12":{"loc":{"start":{"line":114,"column":24},"end":{"line":114,"column":null}},"type":"cond-expr","locations":[{"start":{"line":114,"column":42},"end":{"line":114,"column":47}},{"start":{"line":114,"column":47},"end":{"line":114,"column":null}}],"line":114},"13":{"loc":{"start":{"line":137,"column":16},"end":{"line":137,"column":null}},"type":"binary-expr","locations":[{"start":{"line":137,"column":16},"end":{"line":137,"column":26}},{"start":{"line":137,"column":26},"end":{"line":137,"column":null}}],"line":137},"14":{"loc":{"start":{"line":145,"column":46},"end":{"line":145,"column":114}},"type":"default-arg","locations":[{"start":{"line":145,"column":59},"end":{"line":145,"column":114}}],"line":145},"15":{"loc":{"start":{"line":149,"column":39},"end":{"line":149,"column":71}},"type":"default-arg","locations":[{"start":{"line":149,"column":65},"end":{"line":149,"column":71}}],"line":149},"16":{"loc":{"start":{"line":149,"column":71},"end":{"line":149,"column":82}},"type":"default-arg","locations":[{"start":{"line":149,"column":79},"end":{"line":149,"column":82}}],"line":149},"17":{"loc":{"start":{"line":154,"column":16},"end":{"line":154,"column":null}},"type":"binary-expr","locations":[{"start":{"line":154,"column":16},"end":{"line":154,"column":33}},{"start":{"line":154,"column":33},"end":{"line":154,"column":null}}],"line":154},"18":{"loc":{"start":{"line":173,"column":4},"end":{"line":188,"column":null}},"type":"if","locations":[{"start":{"line":173,"column":4},"end":{"line":188,"column":null}},{"start":{},"end":{}}],"line":173},"19":{"loc":{"start":{"line":180,"column":15},"end":{"line":186,"column":null}},"type":"cond-expr","locations":[{"start":{"line":181,"column":12},"end":{"line":185,"column":null}},{"start":{"line":186,"column":12},"end":{"line":186,"column":null}}],"line":180},"20":{"loc":{"start":{"line":180,"column":15},"end":{"line":180,"column":null}},"type":"binary-expr","locations":[{"start":{"line":180,"column":15},"end":{"line":180,"column":40}},{"start":{"line":180,"column":40},"end":{"line":180,"column":65}},{"start":{"line":180,"column":65},"end":{"line":180,"column":null}}],"line":180},"21":{"loc":{"start":{"line":184,"column":31},"end":{"line":184,"column":null}},"type":"cond-expr","locations":[{"start":{"line":184,"column":68},"end":{"line":184,"column":74}},{"start":{"line":184,"column":74},"end":{"line":184,"column":null}}],"line":184},"22":{"loc":{"start":{"line":191,"column":4},"end":{"line":193,"column":null}},"type":"if","locations":[{"start":{"line":191,"column":4},"end":{"line":193,"column":null}},{"start":{},"end":{}}],"line":191},"23":{"loc":{"start":{"line":191,"column":8},"end":{"line":191,"column":42}},"type":"binary-expr","locations":[{"start":{"line":191,"column":8},"end":{"line":191,"column":25}},{"start":{"line":191,"column":25},"end":{"line":191,"column":42}}],"line":191},"24":{"loc":{"start":{"line":199,"column":2},"end":{"line":201,"column":null}},"type":"if","locations":[{"start":{"line":199,"column":2},"end":{"line":201,"column":null}},{"start":{},"end":{}}],"line":199},"25":{"loc":{"start":{"line":210,"column":2},"end":{"line":210,"column":null}},"type":"if","locations":[{"start":{"line":210,"column":2},"end":{"line":210,"column":null}},{"start":{},"end":{}}],"line":210},"26":{"loc":{"start":{"line":217,"column":21},"end":{"line":217,"column":null}},"type":"binary-expr","locations":[{"start":{"line":217,"column":21},"end":{"line":217,"column":53}},{"start":{"line":217,"column":53},"end":{"line":217,"column":null}}],"line":217},"27":{"loc":{"start":{"line":230,"column":2},"end":{"line":230,"column":null}},"type":"if","locations":[{"start":{"line":230,"column":2},"end":{"line":230,"column":null}},{"start":{},"end":{}}],"line":230},"28":{"loc":{"start":{"line":234,"column":21},"end":{"line":234,"column":null}},"type":"binary-expr","locations":[{"start":{"line":234,"column":21},"end":{"line":234,"column":48}},{"start":{"line":234,"column":48},"end":{"line":234,"column":null}}],"line":234},"29":{"loc":{"start":{"line":256,"column":17},"end":{"line":261,"column":null}},"type":"cond-expr","locations":[{"start":{"line":257,"column":10},"end":{"line":260,"column":null}},{"start":{"line":261,"column":10},"end":{"line":261,"column":null}}],"line":256}},"s":{"0":5,"1":5,"2":5,"3":7,"4":7,"5":7,"6":5,"7":11,"8":5,"9":7,"10":5,"11":6,"12":5,"13":1,"14":4,"15":4,"16":4,"17":4,"18":4,"19":10,"20":10,"21":10,"22":0,"23":0,"24":0,"25":0,"26":9,"27":9,"28":9,"29":6,"30":3,"31":5,"32":3,"33":5,"34":9,"35":5,"36":9,"37":9,"38":9,"39":3,"40":3,"41":3,"42":3,"43":3,"44":3,"45":3,"46":2,"47":2,"48":2,"49":2,"50":2,"51":2,"52":3,"53":0,"54":0,"55":0,"56":0,"57":3,"58":4,"59":4,"60":9,"61":9,"62":11,"63":11,"64":22,"65":22,"66":11,"67":22,"68":21,"69":11,"70":11,"71":11,"72":1,"73":10,"74":5,"75":1,"76":4,"77":4,"78":4,"79":2,"80":2,"81":2,"82":4,"83":6,"84":4,"85":2,"86":4,"87":5,"88":4,"89":0,"90":6,"91":6,"92":6,"93":4,"94":6,"95":4,"96":26},"f":{"0":5,"1":7,"2":11,"3":7,"4":6,"5":10,"6":0,"7":9,"8":5,"9":5,"10":5,"11":3,"12":3,"13":2,"14":2,"15":0,"16":9,"17":11,"18":22,"19":11,"20":5,"21":2,"22":6,"23":2,"24":5,"25":6,"26":4,"27":26},"b":{"0":[7,5],"1":[1,4],"2":[10,10],"3":[10,0],"4":[9,6],"5":[6,3],"6":[3,0],"7":[3,0],"8":[3,0],"9":[3,6],"10":[2,1],"11":[0,3],"12":[0,0],"13":[9,0],"14":[11],"15":[22],"16":[22],"17":[22,21],"18":[11,11],"19":[0,11],"20":[11,11,11],"21":[0,0],"22":[21,1],"23":[22,22],"24":[1,10],"25":[1,4],"26":[2,2],"27":[0,4],"28":[6,4],"29":[0,6]},"meta":{"lastBranch":30,"lastFunction":28,"lastStatement":97,"seen":{"f:7:16:7:Infinity":0,"s:12:22:12:Infinity":0,"s:13:18:13:Infinity":1,"s:15:2:19:Infinity":2,"f:15:16:15:17":1,"s:16:21:16:Infinity":3,"b:16:21:16:53:16:53:16:Infinity":0,"s:17:4:17:Infinity":4,"s:18:4:18:Infinity":5,"s:21:2:23:Infinity":6,"f:21:16:21:17":2,"s:22:4:22:Infinity":7,"s:26:20:26:Infinity":8,"f:26:38:26:39":3,"s:26:45:26:53":9,"s:27:19:27:Infinity":10,"f:27:30:27:31":4,"s:27:37:27:57":11,"b:29:2:29:Infinity:undefined:undefined:undefined:undefined":1,"s:29:2:29:Infinity":12,"s:29:17:29:Infinity":13,"s:32:22:32:Infinity":14,"s:33:22:33:Infinity":15,"s:34:17:34:Infinity":16,"s:35:17:35:Infinity":17,"s:37:26:37:Infinity":18,"f:40:11:40:28":5,"s:41:21:41:Infinity":19,"b:41:21:41:48:41:48:41:Infinity":2,"b:42:4:42:Infinity:undefined:undefined:undefined:undefined":3,"s:42:4:42:Infinity":20,"s:42:31:42:Infinity":21,"s:44:22:44:Infinity":22,"s:45:4:47:Infinity":23,"f:45:21:45:22":6,"s:46:6:46:Infinity":24,"s:49:4:49:Infinity":25,"f:53:11:53:Infinity":7,"s:60:4:60:Infinity":26,"s:63:21:63:Infinity":27,"b:63:21:63:48:63:48:63:Infinity":4,"b:64:4:64:Infinity:undefined:undefined:undefined:undefined":5,"s:64:4:64:Infinity":28,"s:64:31:64:Infinity":29,"s:67:24:67:Infinity":30,"f:67:40:67:41":8,"s:67:58:67:91":31,"s:70:25:72:Infinity":32,"b:71:8:71:Infinity:72:8:72:Infinity":6,"f:71:24:71:25":9,"s:71:34:71:57":33,"s:73:26:75:Infinity":34,"b:74:8:74:Infinity:75:8:75:Infinity":7,"f:74:24:74:25":10,"s:74:34:74:58":35,"s:76:32:76:Infinity":36,"b:76:50:76:55:76:55:76:Infinity":8,"s:78:19:78:Infinity":37,"b:81:4:94:Infinity:undefined:undefined:undefined:undefined":9,"s:81:4:94:Infinity":38,"s:82:30:82:Infinity":39,"f:82:50:82:51":11,"s:82:63:82:91":40,"s:83:18:83:Infinity":41,"s:85:6:93:Infinity":42,"f:85:27:85:28":12,"s:86:28:91:Infinity":43,"s:92:8:92:Infinity":44,"b:97:4:110:Infinity:undefined:undefined:undefined:undefined":10,"s:97:4:110:Infinity":45,"s:98:31:98:Infinity":46,"f:98:52:98:53":13,"s:98:65:98:93":47,"s:99:19:99:Infinity":48,"s:101:6:109:Infinity":49,"f:101:28:101:29":14,"s:102:28:107:Infinity":50,"s:108:8:108:Infinity":51,"b:113:4:124:Infinity:undefined:undefined:undefined:undefined":11,"s:113:4:124:Infinity":52,"s:114:24:114:Infinity":53,"b:114:42:114:47:114:47:114:Infinity":12,"s:115:6:123:Infinity":54,"f:115:34:115:35":15,"s:116:28:121:Infinity":55,"s:122:8:122:Infinity":56,"s:126:4:126:Infinity":57,"s:130:2:130:Infinity":58,"s:133:2:139:Infinity":59,"f:133:19:133:20":16,"s:134:19:134:Infinity":60,"s:135:4:138:Infinity":61,"b:137:16:137:26:137:26:137:Infinity":13,"f:145:16:145:27":17,"b:145:59:145:114":14,"s:146:31:146:Infinity":62,"s:147:31:147:Infinity":63,"f:149:11:149:20":18,"b:149:65:149:71":15,"b:149:79:149:82":16,"s:151:4:170:Infinity":64,"b:154:16:154:33:154:33:154:Infinity":17,"b:173:4:188:Infinity:undefined:undefined:undefined:undefined":18,"s:173:4:188:Infinity":65,"s:174:6:187:Infinity":66,"b:181:12:185:Infinity:186:12:186:Infinity":19,"b:180:15:180:40:180:40:180:65:180:65:180:Infinity":20,"b:184:68:184:74:184:74:184:Infinity":21,"b:191:4:193:Infinity:undefined:undefined:undefined:undefined":22,"s:191:4:193:Infinity":67,"b:191:8:191:25:191:25:191:42":23,"s:192:6:192:Infinity":68,"f:192:28:192:29":19,"s:192:39:192:74":69,"s:196:2:196:Infinity":70,"b:199:2:201:Infinity:undefined:undefined:undefined:undefined":24,"s:199:2:201:Infinity":71,"s:200:4:200:Infinity":72,"s:203:2:203:Infinity":73,"f:209:16:209:27":20,"b:210:2:210:Infinity:undefined:undefined:undefined:undefined":25,"s:210:2:210:Infinity":74,"s:210:26:210:Infinity":75,"s:213:22:213:Infinity":76,"s:214:18:214:Infinity":77,"s:216:2:220:Infinity":78,"f:216:16:216:17":21,"s:217:21:217:Infinity":79,"b:217:21:217:53:217:53:217:Infinity":26,"s:218:4:218:Infinity":80,"s:219:4:219:Infinity":81,"s:222:2:224:Infinity":82,"f:222:16:222:17":22,"s:223:4:223:Infinity":83,"s:227:20:227:Infinity":84,"f:227:38:227:39":23,"s:227:45:227:53":85,"s:228:19:228:Infinity":86,"f:228:30:228:31":24,"s:228:37:228:57":87,"b:230:2:230:Infinity:undefined:undefined:undefined:undefined":27,"s:230:2:230:Infinity":88,"s:230:17:230:Infinity":89,"f:232:11:232:21":25,"s:233:17:233:Infinity":90,"s:234:21:234:Infinity":91,"b:234:21:234:48:234:48:234:Infinity":28,"s:237:27:237:Infinity":92,"f:237:38:237:39":26,"s:237:45:237:64":93,"s:239:4:263:Infinity":94,"b:257:10:260:Infinity:261:10:261:Infinity":29,"s:266:2:266:Infinity":95,"f:272:16:272:37":27,"s:273:2:273:Infinity":96}}}
,"/home/davidm/Projects/Mindmap-web/src/utils/sanitize.ts": {"path":"/home/davidm/Projects/Mindmap-web/src/utils/sanitize.ts","statementMap":{"0":{"start":{"line":4,"column":21},"end":{"line":11,"column":null}},"1":{"start":{"line":18,"column":2},"end":{"line":18,"column":null}},"2":{"start":{"line":18,"column":13},"end":{"line":18,"column":null}},"3":{"start":{"line":20,"column":2},"end":{"line":20,"column":null}},"4":{"start":{"line":27,"column":2},"end":{"line":27,"column":null}},"5":{"start":{"line":27,"column":13},"end":{"line":27,"column":null}},"6":{"start":{"line":29,"column":2},"end":{"line":33,"column":null}},"7":{"start":{"line":40,"column":2},"end":{"line":40,"column":null}},"8":{"start":{"line":40,"column":13},"end":{"line":40,"column":null}},"9":{"start":{"line":42,"column":14},"end":{"line":42,"column":null}},"10":{"start":{"line":43,"column":2},"end":{"line":43,"column":null}}},"fnMap":{"0":{"name":"sanitizeHtml","decl":{"start":{"line":17,"column":16},"end":{"line":17,"column":29}},"loc":{"start":{"line":17,"column":51},"end":{"line":21,"column":null}},"line":17},"1":{"name":"sanitizeHtmlWithLinks","decl":{"start":{"line":26,"column":16},"end":{"line":26,"column":38}},"loc":{"start":{"line":26,"column":60},"end":{"line":34,"column":null}},"line":26},"2":{"name":"stripHtml","decl":{"start":{"line":39,"column":16},"end":{"line":39,"column":26}},"loc":{"start":{"line":39,"column":48},"end":{"line":44,"column":null}},"line":39}},"branchMap":{"0":{"loc":{"start":{"line":18,"column":2},"end":{"line":18,"column":null}},"type":"if","locations":[{"start":{"line":18,"column":2},"end":{"line":18,"column":null}},{"start":{},"end":{}}],"line":18},"1":{"loc":{"start":{"line":27,"column":2},"end":{"line":27,"column":null}},"type":"if","locations":[{"start":{"line":27,"column":2},"end":{"line":27,"column":null}},{"start":{},"end":{}}],"line":27},"2":{"loc":{"start":{"line":40,"column":2},"end":{"line":40,"column":null}},"type":"if","locations":[{"start":{"line":40,"column":2},"end":{"line":40,"column":null}},{"start":{},"end":{}}],"line":40},"3":{"loc":{"start":{"line":43,"column":9},"end":{"line":43,"column":null}},"type":"binary-expr","locations":[{"start":{"line":43,"column":9},"end":{"line":43,"column":33}},{"start":{"line":43,"column":33},"end":{"line":43,"column":null}}],"line":43}},"s":{"0":1,"1":8,"2":2,"3":6,"4":0,"5":0,"6":0,"7":5,"8":1,"9":4,"10":4},"f":{"0":8,"1":0,"2":5},"b":{"0":[2,6],"1":[0,0],"2":[1,4],"3":[4,0]},"meta":{"lastBranch":4,"lastFunction":3,"lastStatement":11,"seen":{"s:4:21:11:Infinity":0,"f:17:16:17:29":0,"b:18:2:18:Infinity:undefined:undefined:undefined:undefined":0,"s:18:2:18:Infinity":1,"s:18:13:18:Infinity":2,"s:20:2:20:Infinity":3,"f:26:16:26:38":1,"b:27:2:27:Infinity:undefined:undefined:undefined:undefined":1,"s:27:2:27:Infinity":4,"s:27:13:27:Infinity":5,"s:29:2:33:Infinity":6,"f:39:16:39:26":2,"b:40:2:40:Infinity:undefined:undefined:undefined:undefined":2,"s:40:2:40:Infinity":7,"s:40:13:40:Infinity":8,"s:42:14:42:Infinity":9,"s:43:2:43:Infinity":10,"b:43:9:43:33:43:33:43:Infinity":3}}}
,"/home/davidm/Projects/Mindmap-web/src/utils/theme.ts": {"path":"/home/davidm/Projects/Mindmap-web/src/utils/theme.ts","statementMap":{"0":{"start":{"line":30,"column":43},"end":{"line":211,"column":null}},"1":{"start":{"line":217,"column":16},"end":{"line":217,"column":null}},"2":{"start":{"line":218,"column":2},"end":{"line":218,"column":null}},"3":{"start":{"line":225,"column":2},"end":{"line":225,"column":null}},"4":{"start":{"line":226,"column":2},"end":{"line":226,"column":null}},"5":{"start":{"line":233,"column":18},"end":{"line":233,"column":null}},"6":{"start":{"line":234,"column":29},"end":{"line":234,"column":null}},"7":{"start":{"line":235,"column":2},"end":{"line":235,"column":null}},"8":{"start":{"line":242,"column":15},"end":{"line":242,"column":null}},"9":{"start":{"line":243,"column":2},"end":{"line":245,"column":null}},"10":{"start":{"line":244,"column":4},"end":{"line":244,"column":null}},"11":{"start":{"line":246,"column":2},"end":{"line":246,"column":null}},"12":{"start":{"line":253,"column":16},"end":{"line":253,"column":null}},"13":{"start":{"line":254,"column":2},"end":{"line":254,"column":null}},"14":{"start":{"line":254,"column":32},"end":{"line":254,"column":46}},"15":{"start":{"line":261,"column":17},"end":{"line":261,"column":null}},"16":{"start":{"line":261,"column":40},"end":{"line":261,"column":57}},"17":{"start":{"line":262,"column":2},"end":{"line":265,"column":null}},"18":{"start":{"line":263,"column":4},"end":{"line":263,"column":null}},"19":{"start":{"line":264,"column":4},"end":{"line":264,"column":null}},"20":{"start":{"line":272,"column":15},"end":{"line":272,"column":null}},"21":{"start":{"line":274,"column":2},"end":{"line":279,"column":null}},"22":{"start":{"line":275,"column":24},"end":{"line":275,"column":null}},"23":{"start":{"line":276,"column":4},"end":{"line":276,"column":null}},"24":{"start":{"line":278,"column":4},"end":{"line":278,"column":null}},"25":{"start":{"line":286,"column":15},"end":{"line":286,"column":null}},"26":{"start":{"line":287,"column":17},"end":{"line":287,"column":null}},"27":{"start":{"line":289,"column":2},"end":{"line":289,"column":null}},"28":{"start":{"line":290,"column":2},"end":{"line":290,"column":null}},"29":{"start":{"line":291,"column":2},"end":{"line":291,"column":null}},"30":{"start":{"line":292,"column":2},"end":{"line":292,"column":null}},"31":{"start":{"line":293,"column":2},"end":{"line":293,"column":null}},"32":{"start":{"line":294,"column":2},"end":{"line":294,"column":null}},"33":{"start":{"line":295,"column":2},"end":{"line":295,"column":null}},"34":{"start":{"line":296,"column":2},"end":{"line":296,"column":null}},"35":{"start":{"line":297,"column":2},"end":{"line":297,"column":null}},"36":{"start":{"line":298,"column":2},"end":{"line":298,"column":null}},"37":{"start":{"line":305,"column":15},"end":{"line":305,"column":null}},"38":{"start":{"line":306,"column":17},"end":{"line":306,"column":null}},"39":{"start":{"line":308,"column":2},"end":{"line":308,"column":null}},"40":{"start":{"line":309,"column":2},"end":{"line":309,"column":null}},"41":{"start":{"line":316,"column":21},"end":{"line":316,"column":null}},"42":{"start":{"line":318,"column":18},"end":{"line":322,"column":null}},"43":{"start":{"line":319,"column":4},"end":{"line":321,"column":null}},"44":{"start":{"line":320,"column":6},"end":{"line":320,"column":null}},"45":{"start":{"line":324,"column":2},"end":{"line":324,"column":null}},"46":{"start":{"line":326,"column":2},"end":{"line":328,"column":null}},"47":{"start":{"line":327,"column":4},"end":{"line":327,"column":null}},"48":{"start":{"line":338,"column":24},"end":{"line":338,"column":null}},"49":{"start":{"line":340,"column":2},"end":{"line":349,"column":null}},"50":{"start":{"line":356,"column":24},"end":{"line":356,"column":null}},"51":{"start":{"line":357,"column":2},"end":{"line":357,"column":null}},"52":{"start":{"line":358,"column":2},"end":{"line":358,"column":null}},"53":{"start":{"line":365,"column":2},"end":{"line":370,"column":null}},"54":{"start":{"line":366,"column":18},"end":{"line":366,"column":null}},"55":{"start":{"line":367,"column":4},"end":{"line":367,"column":null}},"56":{"start":{"line":369,"column":4},"end":{"line":369,"column":null}},"57":{"start":{"line":377,"column":24},"end":{"line":377,"column":null}},"58":{"start":{"line":378,"column":19},"end":{"line":378,"column":null}},"59":{"start":{"line":378,"column":45},"end":{"line":378,"column":62}},"60":{"start":{"line":379,"column":2},"end":{"line":379,"column":null}},"61":{"start":{"line":386,"column":19},"end":{"line":390,"column":null}},"62":{"start":{"line":392,"column":2},"end":{"line":392,"column":null}},"63":{"start":{"line":399,"column":2},"end":{"line":417,"column":null}},"64":{"start":{"line":400,"column":21},"end":{"line":400,"column":null}},"65":{"start":{"line":402,"column":4},"end":{"line":404,"column":null}},"66":{"start":{"line":403,"column":6},"end":{"line":403,"column":null}},"67":{"start":{"line":406,"column":4},"end":{"line":408,"column":null}},"68":{"start":{"line":407,"column":6},"end":{"line":407,"column":null}},"69":{"start":{"line":410,"column":4},"end":{"line":412,"column":null}},"70":{"start":{"line":411,"column":6},"end":{"line":411,"column":null}},"71":{"start":{"line":414,"column":4},"end":{"line":414,"column":null}},"72":{"start":{"line":416,"column":4},"end":{"line":416,"column":null}}},"fnMap":{"0":{"name":"getThemeMode","decl":{"start":{"line":216,"column":16},"end":{"line":216,"column":42}},"loc":{"start":{"line":216,"column":42},"end":{"line":219,"column":null}},"line":216},"1":{"name":"setThemeMode","decl":{"start":{"line":224,"column":16},"end":{"line":224,"column":29}},"loc":{"start":{"line":224,"column":52},"end":{"line":227,"column":null}},"line":224},"2":{"name":"toggleDarkMode","decl":{"start":{"line":232,"column":16},"end":{"line":232,"column":39}},"loc":{"start":{"line":232,"column":39},"end":{"line":236,"column":null}},"line":232},"3":{"name":"getEffectiveTheme","decl":{"start":{"line":241,"column":16},"end":{"line":241,"column":54}},"loc":{"start":{"line":241,"column":54},"end":{"line":247,"column":null}},"line":241},"4":{"name":"getColorScheme","decl":{"start":{"line":252,"column":16},"end":{"line":252,"column":46}},"loc":{"start":{"line":252,"column":46},"end":{"line":255,"column":null}},"line":252},"5":{"name":"(anonymous_5)","decl":{"start":{"line":254,"column":27},"end":{"line":254,"column":32}},"loc":{"start":{"line":254,"column":32},"end":{"line":254,"column":46}},"line":254},"6":{"name":"setColorScheme","decl":{"start":{"line":260,"column":16},"end":{"line":260,"column":31}},"loc":{"start":{"line":260,"column":55},"end":{"line":266,"column":null}},"line":260},"7":{"name":"(anonymous_7)","decl":{"start":{"line":261,"column":35},"end":{"line":261,"column":40}},"loc":{"start":{"line":261,"column":40},"end":{"line":261,"column":57}},"line":261},"8":{"name":"applyTheme","decl":{"start":{"line":271,"column":16},"end":{"line":271,"column":27}},"loc":{"start":{"line":271,"column":50},"end":{"line":280,"column":null}},"line":271},"9":{"name":"applyColorScheme","decl":{"start":{"line":285,"column":16},"end":{"line":285,"column":33}},"loc":{"start":{"line":285,"column":60},"end":{"line":299,"column":null}},"line":285},"10":{"name":"initializeTheme","decl":{"start":{"line":304,"column":16},"end":{"line":304,"column":40}},"loc":{"start":{"line":304,"column":40},"end":{"line":310,"column":null}},"line":304},"11":{"name":"watchSystemTheme","decl":{"start":{"line":315,"column":16},"end":{"line":315,"column":33}},"loc":{"start":{"line":315,"column":89},"end":{"line":329,"column":null}},"line":315},"12":{"name":"(anonymous_12)","decl":{"start":{"line":318,"column":18},"end":{"line":318,"column":19}},"loc":{"start":{"line":318,"column":46},"end":{"line":322,"column":null}},"line":318},"13":{"name":"(anonymous_13)","decl":{"start":{"line":326,"column":9},"end":{"line":326,"column":15}},"loc":{"start":{"line":326,"column":15},"end":{"line":328,"column":null}},"line":326},"14":{"name":"createCustomColorScheme","decl":{"start":{"line":334,"column":16},"end":{"line":334,"column":null}},"loc":{"start":{"line":337,"column":15},"end":{"line":350,"column":null}},"line":337},"15":{"name":"saveCustomColorScheme","decl":{"start":{"line":355,"column":16},"end":{"line":355,"column":38}},"loc":{"start":{"line":355,"column":65},"end":{"line":359,"column":null}},"line":355},"16":{"name":"getCustomColorSchemes","decl":{"start":{"line":364,"column":16},"end":{"line":364,"column":55}},"loc":{"start":{"line":364,"column":55},"end":{"line":371,"column":null}},"line":364},"17":{"name":"deleteCustomColorScheme","decl":{"start":{"line":376,"column":16},"end":{"line":376,"column":40}},"loc":{"start":{"line":376,"column":64},"end":{"line":380,"column":null}},"line":376},"18":{"name":"(anonymous_18)","decl":{"start":{"line":378,"column":40},"end":{"line":378,"column":45}},"loc":{"start":{"line":378,"column":45},"end":{"line":378,"column":62}},"line":378},"19":{"name":"exportThemeSettings","decl":{"start":{"line":385,"column":16},"end":{"line":385,"column":46}},"loc":{"start":{"line":385,"column":46},"end":{"line":393,"column":null}},"line":385},"20":{"name":"importThemeSettings","decl":{"start":{"line":398,"column":16},"end":{"line":398,"column":36}},"loc":{"start":{"line":398,"column":59},"end":{"line":418,"column":null}},"line":398}},"branchMap":{"0":{"loc":{"start":{"line":218,"column":10},"end":{"line":218,"column":null}},"type":"binary-expr","locations":[{"start":{"line":218,"column":10},"end":{"line":218,"column":33}},{"start":{"line":218,"column":33},"end":{"line":218,"column":null}}],"line":218},"1":{"loc":{"start":{"line":234,"column":29},"end":{"line":234,"column":null}},"type":"cond-expr","locations":[{"start":{"line":234,"column":50},"end":{"line":234,"column":60}},{"start":{"line":234,"column":60},"end":{"line":234,"column":null}}],"line":234},"2":{"loc":{"start":{"line":243,"column":2},"end":{"line":245,"column":null}},"type":"if","locations":[{"start":{"line":243,"column":2},"end":{"line":245,"column":null}},{"start":{},"end":{}}],"line":243},"3":{"loc":{"start":{"line":244,"column":11},"end":{"line":244,"column":null}},"type":"cond-expr","locations":[{"start":{"line":244,"column":71},"end":{"line":244,"column":80}},{"start":{"line":244,"column":80},"end":{"line":244,"column":null}}],"line":244},"4":{"loc":{"start":{"line":254,"column":9},"end":{"line":254,"column":null}},"type":"binary-expr","locations":[{"start":{"line":254,"column":9},"end":{"line":254,"column":51}},{"start":{"line":254,"column":51},"end":{"line":254,"column":null}}],"line":254},"5":{"loc":{"start":{"line":262,"column":2},"end":{"line":265,"column":null}},"type":"if","locations":[{"start":{"line":262,"column":2},"end":{"line":265,"column":null}},{"start":{},"end":{}}],"line":262},"6":{"loc":{"start":{"line":274,"column":2},"end":{"line":279,"column":null}},"type":"if","locations":[{"start":{"line":274,"column":2},"end":{"line":279,"column":null}},{"start":{"line":277,"column":9},"end":{"line":279,"column":null}}],"line":274},"7":{"loc":{"start":{"line":276,"column":36},"end":{"line":276,"column":66}},"type":"cond-expr","locations":[{"start":{"line":276,"column":50},"end":{"line":276,"column":59}},{"start":{"line":276,"column":59},"end":{"line":276,"column":66}}],"line":276},"8":{"loc":{"start":{"line":319,"column":4},"end":{"line":321,"column":null}},"type":"if","locations":[{"start":{"line":319,"column":4},"end":{"line":321,"column":null}},{"start":{},"end":{}}],"line":319},"9":{"loc":{"start":{"line":320,"column":15},"end":{"line":320,"column":43}},"type":"cond-expr","locations":[{"start":{"line":320,"column":27},"end":{"line":320,"column":36}},{"start":{"line":320,"column":36},"end":{"line":320,"column":43}}],"line":320},"10":{"loc":{"start":{"line":344,"column":14},"end":{"line":344,"column":62}},"type":"binary-expr","locations":[{"start":{"line":344,"column":14},"end":{"line":344,"column":32}},{"start":{"line":344,"column":32},"end":{"line":344,"column":62}}],"line":344},"11":{"loc":{"start":{"line":344,"column":62},"end":{"line":344,"column":112}},"type":"binary-expr","locations":[{"start":{"line":344,"column":62},"end":{"line":344,"column":82}},{"start":{"line":344,"column":82},"end":{"line":344,"column":112}}],"line":344},"12":{"loc":{"start":{"line":367,"column":11},"end":{"line":367,"column":null}},"type":"cond-expr","locations":[{"start":{"line":367,"column":19},"end":{"line":367,"column":39}},{"start":{"line":367,"column":39},"end":{"line":367,"column":null}}],"line":367},"13":{"loc":{"start":{"line":402,"column":4},"end":{"line":404,"column":null}},"type":"if","locations":[{"start":{"line":402,"column":4},"end":{"line":404,"column":null}},{"start":{},"end":{}}],"line":402},"14":{"loc":{"start":{"line":406,"column":4},"end":{"line":408,"column":null}},"type":"if","locations":[{"start":{"line":406,"column":4},"end":{"line":408,"column":null}},{"start":{},"end":{}}],"line":406},"15":{"loc":{"start":{"line":410,"column":4},"end":{"line":412,"column":null}},"type":"if","locations":[{"start":{"line":410,"column":4},"end":{"line":412,"column":null}},{"start":{},"end":{}}],"line":410},"16":{"loc":{"start":{"line":410,"column":8},"end":{"line":410,"column":73}},"type":"binary-expr","locations":[{"start":{"line":410,"column":8},"end":{"line":410,"column":34}},{"start":{"line":410,"column":34},"end":{"line":410,"column":73}}],"line":410}},"s":{"0":1,"1":14,"2":14,"3":14,"4":14,"5":3,"6":3,"7":3,"8":3,"9":3,"10":1,"11":2,"12":5,"13":5,"14":34,"15":2,"16":5,"17":2,"18":2,"19":2,"20":19,"21":19,"22":4,"23":4,"24":15,"25":5,"26":5,"27":5,"28":5,"29":5,"30":5,"31":5,"32":5,"33":5,"34":5,"35":5,"36":5,"37":2,"38":2,"39":2,"40":2,"41":0,"42":0,"43":0,"44":0,"45":0,"46":0,"47":0,"48":0,"49":0,"50":0,"51":0,"52":0,"53":0,"54":0,"55":0,"56":0,"57":0,"58":0,"59":0,"60":0,"61":0,"62":0,"63":0,"64":0,"65":0,"66":0,"67":0,"68":0,"69":0,"70":0,"71":0,"72":0},"f":{"0":14,"1":14,"2":3,"3":3,"4":5,"5":34,"6":2,"7":5,"8":19,"9":5,"10":2,"11":0,"12":0,"13":0,"14":0,"15":0,"16":0,"17":0,"18":0,"19":0,"20":0},"b":{"0":[14,2],"1":[1,2],"2":[1,2],"3":[0,1],"4":[5,3],"5":[2,0],"6":[4,15],"7":[0,4],"8":[0,0],"9":[0,0],"10":[0,0],"11":[0,0],"12":[0,0],"13":[0,0],"14":[0,0],"15":[0,0],"16":[0,0]},"meta":{"lastBranch":17,"lastFunction":21,"lastStatement":73,"seen":{"s:30:43:211:Infinity":0,"f:216:16:216:42":0,"s:217:16:217:Infinity":1,"s:218:2:218:Infinity":2,"b:218:10:218:33:218:33:218:Infinity":0,"f:224:16:224:29":1,"s:225:2:225:Infinity":3,"s:226:2:226:Infinity":4,"f:232:16:232:39":2,"s:233:18:233:Infinity":5,"s:234:29:234:Infinity":6,"b:234:50:234:60:234:60:234:Infinity":1,"s:235:2:235:Infinity":7,"f:241:16:241:54":3,"s:242:15:242:Infinity":8,"b:243:2:245:Infinity:undefined:undefined:undefined:undefined":2,"s:243:2:245:Infinity":9,"s:244:4:244:Infinity":10,"b:244:71:244:80:244:80:244:Infinity":3,"s:246:2:246:Infinity":11,"f:252:16:252:46":4,"s:253:16:253:Infinity":12,"s:254:2:254:Infinity":13,"b:254:9:254:51:254:51:254:Infinity":4,"f:254:27:254:32":5,"s:254:32:254:46":14,"f:260:16:260:31":6,"s:261:17:261:Infinity":15,"f:261:35:261:40":7,"s:261:40:261:57":16,"b:262:2:265:Infinity:undefined:undefined:undefined:undefined":5,"s:262:2:265:Infinity":17,"s:263:4:263:Infinity":18,"s:264:4:264:Infinity":19,"f:271:16:271:27":8,"s:272:15:272:Infinity":20,"b:274:2:279:Infinity:277:9:279:Infinity":6,"s:274:2:279:Infinity":21,"s:275:24:275:Infinity":22,"s:276:4:276:Infinity":23,"b:276:50:276:59:276:59:276:66":7,"s:278:4:278:Infinity":24,"f:285:16:285:33":9,"s:286:15:286:Infinity":25,"s:287:17:287:Infinity":26,"s:289:2:289:Infinity":27,"s:290:2:290:Infinity":28,"s:291:2:291:Infinity":29,"s:292:2:292:Infinity":30,"s:293:2:293:Infinity":31,"s:294:2:294:Infinity":32,"s:295:2:295:Infinity":33,"s:296:2:296:Infinity":34,"s:297:2:297:Infinity":35,"s:298:2:298:Infinity":36,"f:304:16:304:40":10,"s:305:15:305:Infinity":37,"s:306:17:306:Infinity":38,"s:308:2:308:Infinity":39,"s:309:2:309:Infinity":40,"f:315:16:315:33":11,"s:316:21:316:Infinity":41,"s:318:18:322:Infinity":42,"f:318:18:318:19":12,"b:319:4:321:Infinity:undefined:undefined:undefined:undefined":8,"s:319:4:321:Infinity":43,"s:320:6:320:Infinity":44,"b:320:27:320:36:320:36:320:43":9,"s:324:2:324:Infinity":45,"s:326:2:328:Infinity":46,"f:326:9:326:15":13,"s:327:4:327:Infinity":47,"f:334:16:334:Infinity":14,"s:338:24:338:Infinity":48,"s:340:2:349:Infinity":49,"b:344:14:344:32:344:32:344:62":10,"b:344:62:344:82:344:82:344:112":11,"f:355:16:355:38":15,"s:356:24:356:Infinity":50,"s:357:2:357:Infinity":51,"s:358:2:358:Infinity":52,"f:364:16:364:55":16,"s:365:2:370:Infinity":53,"s:366:18:366:Infinity":54,"s:367:4:367:Infinity":55,"b:367:19:367:39:367:39:367:Infinity":12,"s:369:4:369:Infinity":56,"f:376:16:376:40":17,"s:377:24:377:Infinity":57,"s:378:19:378:Infinity":58,"f:378:40:378:45":18,"s:378:45:378:62":59,"s:379:2:379:Infinity":60,"f:385:16:385:46":19,"s:386:19:390:Infinity":61,"s:392:2:392:Infinity":62,"f:398:16:398:36":20,"s:399:2:417:Infinity":63,"s:400:21:400:Infinity":64,"b:402:4:404:Infinity:undefined:undefined:undefined:undefined":13,"s:402:4:404:Infinity":65,"s:403:6:403:Infinity":66,"b:406:4:408:Infinity:undefined:undefined:undefined:undefined":14,"s:406:4:408:Infinity":67,"s:407:6:407:Infinity":68,"b:410:4:412:Infinity:undefined:undefined:undefined:undefined":15,"s:410:4:412:Infinity":69,"b:410:8:410:34:410:34:410:73":16,"s:411:6:411:Infinity":70,"s:414:4:414:Infinity":71,"s:416:4:416:Infinity":72}}}
,"/home/davidm/Projects/Mindmap-web/src/utils/formats/freemindFormat.ts": {"path":"/home/davidm/Projects/Mindmap-web/src/utils/formats/freemindFormat.ts","statementMap":{"0":{"start":{"line":9,"column":17},"end":{"line":9,"column":null}},"1":{"start":{"line":10,"column":14},"end":{"line":10,"column":null}},"2":{"start":{"line":12,"column":22},"end":{"line":12,"column":null}},"3":{"start":{"line":13,"column":2},"end":{"line":15,"column":null}},"4":{"start":{"line":14,"column":4},"end":{"line":14,"column":null}},"5":{"start":{"line":17,"column":2},"end":{"line":17,"column":null}},"6":{"start":{"line":21,"column":34},"end":{"line":21,"column":null}},"7":{"start":{"line":22,"column":21},"end":{"line":22,"column":null}},"8":{"start":{"line":24,"column":2},"end":{"line":29,"column":null}},"9":{"start":{"line":24,"column":15},"end":{"line":24,"column":18}},"10":{"start":{"line":25,"column":18},"end":{"line":25,"column":null}},"11":{"start":{"line":26,"column":4},"end":{"line":28,"column":null}},"12":{"start":{"line":27,"column":6},"end":{"line":27,"column":null}},"13":{"start":{"line":40,"column":2},"end":{"line":60,"column":null}},"14":{"start":{"line":40,"column":15},"end":{"line":40,"column":18}},"15":{"start":{"line":41,"column":18},"end":{"line":41,"column":null}},"16":{"start":{"line":42,"column":4},"end":{"line":59,"column":null}},"17":{"start":{"line":43,"column":6},"end":{"line":43,"column":null}},"18":{"start":{"line":44,"column":4},"end":{"line":59,"column":null}},"19":{"start":{"line":45,"column":6},"end":{"line":49,"column":null}},"20":{"start":{"line":50,"column":4},"end":{"line":59,"column":null}},"21":{"start":{"line":51,"column":6},"end":{"line":51,"column":null}},"22":{"start":{"line":52,"column":6},"end":{"line":52,"column":null}},"23":{"start":{"line":53,"column":6},"end":{"line":53,"column":null}},"24":{"start":{"line":54,"column":6},"end":{"line":54,"column":null}},"25":{"start":{"line":55,"column":4},"end":{"line":59,"column":null}},"26":{"start":{"line":56,"column":6},"end":{"line":58,"column":null}},"27":{"start":{"line":62,"column":2},"end":{"line":81,"column":null}},"28":{"start":{"line":89,"column":19},"end":{"line":89,"column":null}},"29":{"start":{"line":92,"column":18},"end":{"line":100,"column":null}},"30":{"start":{"line":102,"column":14},"end":{"line":102,"column":null}},"31":{"start":{"line":105,"column":4},"end":{"line":107,"column":null}},"32":{"start":{"line":106,"column":6},"end":{"line":106,"column":null}},"33":{"start":{"line":110,"column":4},"end":{"line":119,"column":null}},"34":{"start":{"line":111,"column":24},"end":{"line":115,"column":null}},"35":{"start":{"line":116,"column":6},"end":{"line":118,"column":null}},"36":{"start":{"line":117,"column":8},"end":{"line":117,"column":null}},"37":{"start":{"line":122,"column":4},"end":{"line":132,"column":null}},"38":{"start":{"line":123,"column":24},"end":{"line":128,"column":null}},"39":{"start":{"line":129,"column":6},"end":{"line":131,"column":null}},"40":{"start":{"line":130,"column":8},"end":{"line":130,"column":null}},"41":{"start":{"line":135,"column":4},"end":{"line":140,"column":null}},"42":{"start":{"line":136,"column":25},"end":{"line":138,"column":null}},"43":{"start":{"line":139,"column":6},"end":{"line":139,"column":null}},"44":{"start":{"line":143,"column":4},"end":{"line":147,"column":null}},"45":{"start":{"line":144,"column":6},"end":{"line":146,"column":null}},"46":{"start":{"line":145,"column":8},"end":{"line":145,"column":null}},"47":{"start":{"line":149,"column":4},"end":{"line":149,"column":null}},"48":{"start":{"line":150,"column":4},"end":{"line":150,"column":null}},"49":{"start":{"line":153,"column":18},"end":{"line":153,"column":null}},"50":{"start":{"line":154,"column":2},"end":{"line":156,"column":null}},"51":{"start":{"line":160,"column":2},"end":{"line":165,"column":null}}},"fnMap":{"0":{"name":"parseFreeMind","decl":{"start":{"line":8,"column":16},"end":{"line":8,"column":30}},"loc":{"start":{"line":8,"column":62},"end":{"line":18,"column":null}},"line":8},"1":{"name":"parseNode","decl":{"start":{"line":20,"column":9},"end":{"line":20,"column":19}},"loc":{"start":{"line":20,"column":50},"end":{"line":82,"column":null}},"line":20},"2":{"name":"toFreeMind","decl":{"start":{"line":87,"column":16},"end":{"line":87,"column":27}},"loc":{"start":{"line":87,"column":54},"end":{"line":157,"column":null}},"line":87},"3":{"name":"buildNode","decl":{"start":{"line":88,"column":11},"end":{"line":88,"column":21}},"loc":{"start":{"line":88,"column":59},"end":{"line":151,"column":null}},"line":88},"4":{"name":"(anonymous_4)","decl":{"start":{"line":144,"column":28},"end":{"line":144,"column":29}},"loc":{"start":{"line":144,"column":39},"end":{"line":146,"column":7}},"line":144},"5":{"name":"escapeXml","decl":{"start":{"line":159,"column":9},"end":{"line":159,"column":19}},"loc":{"start":{"line":159,"column":40},"end":{"line":166,"column":null}},"line":159}},"branchMap":{"0":{"loc":{"start":{"line":13,"column":2},"end":{"line":15,"column":null}},"type":"if","locations":[{"start":{"line":13,"column":2},"end":{"line":15,"column":null}},{"start":{},"end":{}}],"line":13},"1":{"loc":{"start":{"line":26,"column":4},"end":{"line":28,"column":null}},"type":"if","locations":[{"start":{"line":26,"column":4},"end":{"line":28,"column":null}},{"start":{},"end":{}}],"line":26},"2":{"loc":{"start":{"line":42,"column":4},"end":{"line":59,"column":null}},"type":"if","locations":[{"start":{"line":42,"column":4},"end":{"line":59,"column":null}},{"start":{"line":44,"column":4},"end":{"line":59,"column":null}}],"line":42},"3":{"loc":{"start":{"line":43,"column":13},"end":{"line":43,"column":null}},"type":"binary-expr","locations":[{"start":{"line":43,"column":13},"end":{"line":43,"column":46}},{"start":{"line":43,"column":46},"end":{"line":43,"column":null}}],"line":43},"4":{"loc":{"start":{"line":44,"column":4},"end":{"line":59,"column":null}},"type":"if","locations":[{"start":{"line":44,"column":4},"end":{"line":59,"column":null}},{"start":{"line":50,"column":4},"end":{"line":59,"column":null}}],"line":44},"5":{"loc":{"start":{"line":46,"column":15},"end":{"line":46,"column":null}},"type":"binary-expr","locations":[{"start":{"line":46,"column":15},"end":{"line":46,"column":46}},{"start":{"line":46,"column":46},"end":{"line":46,"column":null}}],"line":46},"6":{"loc":{"start":{"line":47,"column":15},"end":{"line":47,"column":null}},"type":"cond-expr","locations":[{"start":{"line":47,"column":45},"end":{"line":47,"column":90}},{"start":{"line":47,"column":90},"end":{"line":47,"column":null}}],"line":47},"7":{"loc":{"start":{"line":48,"column":16},"end":{"line":48,"column":null}},"type":"binary-expr","locations":[{"start":{"line":48,"column":16},"end":{"line":48,"column":112}},{"start":{"line":48,"column":112},"end":{"line":48,"column":null}}],"line":48},"8":{"loc":{"start":{"line":50,"column":4},"end":{"line":59,"column":null}},"type":"if","locations":[{"start":{"line":50,"column":4},"end":{"line":59,"column":null}},{"start":{"line":55,"column":4},"end":{"line":59,"column":null}}],"line":50},"9":{"loc":{"start":{"line":51,"column":17},"end":{"line":51,"column":null}},"type":"binary-expr","locations":[{"start":{"line":51,"column":17},"end":{"line":51,"column":47}},{"start":{"line":51,"column":47},"end":{"line":51,"column":null}}],"line":51},"10":{"loc":{"start":{"line":52,"column":17},"end":{"line":52,"column":null}},"type":"cond-expr","locations":[{"start":{"line":52,"column":46},"end":{"line":52,"column":90}},{"start":{"line":52,"column":90},"end":{"line":52,"column":null}}],"line":52},"11":{"loc":{"start":{"line":55,"column":4},"end":{"line":59,"column":null}},"type":"if","locations":[{"start":{"line":55,"column":4},"end":{"line":59,"column":null}},{"start":{},"end":{}}],"line":55},"12":{"loc":{"start":{"line":57,"column":15},"end":{"line":57,"column":null}},"type":"binary-expr","locations":[{"start":{"line":57,"column":15},"end":{"line":57,"column":46}},{"start":{"line":57,"column":46},"end":{"line":57,"column":null}}],"line":57},"13":{"loc":{"start":{"line":64,"column":13},"end":{"line":64,"column":null}},"type":"binary-expr","locations":[{"start":{"line":64,"column":13},"end":{"line":64,"column":45}},{"start":{"line":64,"column":45},"end":{"line":64,"column":null}}],"line":64},"14":{"loc":{"start":{"line":67,"column":13},"end":{"line":67,"column":null}},"type":"binary-expr","locations":[{"start":{"line":67,"column":13},"end":{"line":67,"column":46}},{"start":{"line":67,"column":46},"end":{"line":67,"column":null}}],"line":67},"15":{"loc":{"start":{"line":68,"column":23},"end":{"line":68,"column":null}},"type":"binary-expr","locations":[{"start":{"line":68,"column":23},"end":{"line":68,"column":67}},{"start":{"line":68,"column":67},"end":{"line":68,"column":null}}],"line":68},"16":{"loc":{"start":{"line":75,"column":10},"end":{"line":75,"column":null}},"type":"binary-expr","locations":[{"start":{"line":75,"column":10},"end":{"line":75,"column":42}},{"start":{"line":75,"column":42},"end":{"line":75,"column":null}}],"line":75},"17":{"loc":{"start":{"line":76,"column":13},"end":{"line":76,"column":null}},"type":"cond-expr","locations":[{"start":{"line":76,"column":47},"end":{"line":76,"column":96}},{"start":{"line":76,"column":96},"end":{"line":76,"column":null}}],"line":76},"18":{"loc":{"start":{"line":77,"column":14},"end":{"line":77,"column":null}},"type":"cond-expr","locations":[{"start":{"line":77,"column":49},"end":{"line":77,"column":99}},{"start":{"line":77,"column":99},"end":{"line":77,"column":null}}],"line":77},"19":{"loc":{"start":{"line":88,"column":40},"end":{"line":88,"column":59}},"type":"default-arg","locations":[{"start":{"line":88,"column":48},"end":{"line":88,"column":59}}],"line":88},"20":{"loc":{"start":{"line":94,"column":6},"end":{"line":94,"column":null}},"type":"cond-expr","locations":[{"start":{"line":94,"column":26},"end":{"line":94,"column":58}},{"start":{"line":94,"column":58},"end":{"line":94,"column":null}}],"line":94},"21":{"loc":{"start":{"line":95,"column":6},"end":{"line":95,"column":null}},"type":"cond-expr","locations":[{"start":{"line":95,"column":36},"end":{"line":95,"column":89}},{"start":{"line":95,"column":89},"end":{"line":95,"column":null}}],"line":95},"22":{"loc":{"start":{"line":96,"column":6},"end":{"line":96,"column":null}},"type":"cond-expr","locations":[{"start":{"line":96,"column":23},"end":{"line":96,"column":41}},{"start":{"line":96,"column":41},"end":{"line":96,"column":null}}],"line":96},"23":{"loc":{"start":{"line":97,"column":6},"end":{"line":97,"column":null}},"type":"cond-expr","locations":[{"start":{"line":97,"column":18},"end":{"line":97,"column":53}},{"start":{"line":97,"column":53},"end":{"line":97,"column":null}}],"line":97},"24":{"loc":{"start":{"line":98,"column":6},"end":{"line":98,"column":null}},"type":"cond-expr","locations":[{"start":{"line":98,"column":21},"end":{"line":98,"column":51}},{"start":{"line":98,"column":51},"end":{"line":98,"column":null}}],"line":98},"25":{"loc":{"start":{"line":99,"column":6},"end":{"line":99,"column":null}},"type":"cond-expr","locations":[{"start":{"line":99,"column":22},"end":{"line":99,"column":54}},{"start":{"line":99,"column":54},"end":{"line":99,"column":null}}],"line":99},"26":{"loc":{"start":{"line":105,"column":4},"end":{"line":107,"column":null}},"type":"if","locations":[{"start":{"line":105,"column":4},"end":{"line":107,"column":null}},{"start":{},"end":{}}],"line":105},"27":{"loc":{"start":{"line":110,"column":4},"end":{"line":119,"column":null}},"type":"if","locations":[{"start":{"line":110,"column":4},"end":{"line":119,"column":null}},{"start":{},"end":{}}],"line":110},"28":{"loc":{"start":{"line":112,"column":8},"end":{"line":112,"column":null}},"type":"cond-expr","locations":[{"start":{"line":112,"column":31},"end":{"line":112,"column":67}},{"start":{"line":112,"column":67},"end":{"line":112,"column":null}}],"line":112},"29":{"loc":{"start":{"line":113,"column":8},"end":{"line":113,"column":null}},"type":"cond-expr","locations":[{"start":{"line":113,"column":31},"end":{"line":113,"column":67}},{"start":{"line":113,"column":67},"end":{"line":113,"column":null}}],"line":113},"30":{"loc":{"start":{"line":114,"column":8},"end":{"line":114,"column":null}},"type":"cond-expr","locations":[{"start":{"line":114,"column":31},"end":{"line":114,"column":67}},{"start":{"line":114,"column":67},"end":{"line":114,"column":null}}],"line":114},"31":{"loc":{"start":{"line":116,"column":6},"end":{"line":118,"column":null}},"type":"if","locations":[{"start":{"line":116,"column":6},"end":{"line":118,"column":null}},{"start":{},"end":{}}],"line":116},"32":{"loc":{"start":{"line":122,"column":4},"end":{"line":132,"column":null}},"type":"if","locations":[{"start":{"line":122,"column":4},"end":{"line":132,"column":null}},{"start":{},"end":{}}],"line":122},"33":{"loc":{"start":{"line":122,"column":8},"end":{"line":122,"column":138}},"type":"binary-expr","locations":[{"start":{"line":122,"column":8},"end":{"line":122,"column":32}},{"start":{"line":122,"column":32},"end":{"line":122,"column":70}},{"start":{"line":122,"column":70},"end":{"line":122,"column":104}},{"start":{"line":122,"column":104},"end":{"line":122,"column":138}}],"line":122},"34":{"loc":{"start":{"line":124,"column":8},"end":{"line":124,"column":null}},"type":"cond-expr","locations":[{"start":{"line":124,"column":30},"end":{"line":124,"column":75}},{"start":{"line":124,"column":75},"end":{"line":124,"column":null}}],"line":124},"35":{"loc":{"start":{"line":125,"column":8},"end":{"line":125,"column":null}},"type":"cond-expr","locations":[{"start":{"line":125,"column":44},"end":{"line":125,"column":78}},{"start":{"line":125,"column":78},"end":{"line":125,"column":null}}],"line":125},"36":{"loc":{"start":{"line":126,"column":8},"end":{"line":126,"column":null}},"type":"cond-expr","locations":[{"start":{"line":126,"column":40},"end":{"line":126,"column":70}},{"start":{"line":126,"column":70},"end":{"line":126,"column":null}}],"line":126},"37":{"loc":{"start":{"line":127,"column":8},"end":{"line":127,"column":null}},"type":"cond-expr","locations":[{"start":{"line":127,"column":42},"end":{"line":127,"column":76}},{"start":{"line":127,"column":76},"end":{"line":127,"column":null}}],"line":127},"38":{"loc":{"start":{"line":129,"column":6},"end":{"line":131,"column":null}},"type":"if","locations":[{"start":{"line":129,"column":6},"end":{"line":131,"column":null}},{"start":{},"end":{}}],"line":129},"39":{"loc":{"start":{"line":135,"column":4},"end":{"line":140,"column":null}},"type":"if","locations":[{"start":{"line":135,"column":4},"end":{"line":140,"column":null}},{"start":{},"end":{}}],"line":135},"40":{"loc":{"start":{"line":137,"column":8},"end":{"line":137,"column":null}},"type":"cond-expr","locations":[{"start":{"line":137,"column":27},"end":{"line":137,"column":59}},{"start":{"line":137,"column":59},"end":{"line":137,"column":null}}],"line":137},"41":{"loc":{"start":{"line":143,"column":4},"end":{"line":147,"column":null}},"type":"if","locations":[{"start":{"line":143,"column":4},"end":{"line":147,"column":null}},{"start":{},"end":{}}],"line":143}},"s":{"0":13,"1":13,"2":13,"3":13,"4":1,"5":12,"6":23,"7":23,"8":23,"9":23,"10":14,"11":14,"12":11,"13":23,"14":23,"15":14,"16":14,"17":1,"18":13,"19":1,"20":12,"21":1,"22":1,"23":1,"24":1,"25":11,"26":0,"27":23,"28":18,"29":18,"30":18,"31":18,"32":1,"33":18,"34":1,"35":1,"36":1,"37":18,"38":1,"39":1,"40":1,"41":18,"42":0,"43":0,"44":18,"45":5,"46":7,"47":18,"48":18,"49":11,"50":11,"51":21},"f":{"0":13,"1":23,"2":11,"3":18,"4":7,"5":21},"b":{"0":[1,12],"1":[11,3],"2":[1,13],"3":[1,0],"4":[1,12],"5":[1,0],"6":[1,0],"7":[1,0],"8":[1,11],"9":[1,0],"10":[1,0],"11":[0,11],"12":[0,0],"13":[23,0],"14":[23,20],"15":[23,22],"16":[23,22],"17":[1,22],"18":[1,22],"19":[18],"20":[2,16],"21":[1,17],"22":[1,17],"23":[1,17],"24":[1,17],"25":[1,17],"26":[1,17],"27":[1,17],"28":[1,0],"29":[1,0],"30":[1,0],"31":[1,0],"32":[1,17],"33":[18,17,17,17],"34":[1,0],"35":[1,0],"36":[1,0],"37":[1,0],"38":[1,0],"39":[0,18],"40":[0,0],"41":[5,13]},"meta":{"lastBranch":42,"lastFunction":6,"lastStatement":52,"seen":{"f:8:16:8:30":0,"s:9:17:9:Infinity":0,"s:10:14:10:Infinity":1,"s:12:22:12:Infinity":2,"b:13:2:15:Infinity:undefined:undefined:undefined:undefined":0,"s:13:2:15:Infinity":3,"s:14:4:14:Infinity":4,"s:17:2:17:Infinity":5,"f:20:9:20:19":1,"s:21:34:21:Infinity":6,"s:22:21:22:Infinity":7,"s:24:2:29:Infinity":8,"s:24:15:24:18":9,"s:25:18:25:Infinity":10,"b:26:4:28:Infinity:undefined:undefined:undefined:undefined":1,"s:26:4:28:Infinity":11,"s:27:6:27:Infinity":12,"s:40:2:60:Infinity":13,"s:40:15:40:18":14,"s:41:18:41:Infinity":15,"b:42:4:59:Infinity:44:4:59:Infinity":2,"s:42:4:59:Infinity":16,"s:43:6:43:Infinity":17,"b:43:13:43:46:43:46:43:Infinity":3,"b:44:4:59:Infinity:50:4:59:Infinity":4,"s:44:4:59:Infinity":18,"s:45:6:49:Infinity":19,"b:46:15:46:46:46:46:46:Infinity":5,"b:47:45:47:90:47:90:47:Infinity":6,"b:48:16:48:112:48:112:48:Infinity":7,"b:50:4:59:Infinity:55:4:59:Infinity":8,"s:50:4:59:Infinity":20,"s:51:6:51:Infinity":21,"b:51:17:51:47:51:47:51:Infinity":9,"s:52:6:52:Infinity":22,"b:52:46:52:90:52:90:52:Infinity":10,"s:53:6:53:Infinity":23,"s:54:6:54:Infinity":24,"b:55:4:59:Infinity:undefined:undefined:undefined:undefined":11,"s:55:4:59:Infinity":25,"s:56:6:58:Infinity":26,"b:57:15:57:46:57:46:57:Infinity":12,"s:62:2:81:Infinity":27,"b:64:13:64:45:64:45:64:Infinity":13,"b:67:13:67:46:67:46:67:Infinity":14,"b:68:23:68:67:68:67:68:Infinity":15,"b:75:10:75:42:75:42:75:Infinity":16,"b:76:47:76:96:76:96:76:Infinity":17,"b:77:49:77:99:77:99:77:Infinity":18,"f:87:16:87:27":2,"f:88:11:88:21":3,"b:88:48:88:59":19,"s:89:19:89:Infinity":28,"s:92:18:100:Infinity":29,"b:94:26:94:58:94:58:94:Infinity":20,"b:95:36:95:89:95:89:95:Infinity":21,"b:96:23:96:41:96:41:96:Infinity":22,"b:97:18:97:53:97:53:97:Infinity":23,"b:98:21:98:51:98:51:98:Infinity":24,"b:99:22:99:54:99:54:99:Infinity":25,"s:102:14:102:Infinity":30,"b:105:4:107:Infinity:undefined:undefined:undefined:undefined":26,"s:105:4:107:Infinity":31,"s:106:6:106:Infinity":32,"b:110:4:119:Infinity:undefined:undefined:undefined:undefined":27,"s:110:4:119:Infinity":33,"s:111:24:115:Infinity":34,"b:112:31:112:67:112:67:112:Infinity":28,"b:113:31:113:67:113:67:113:Infinity":29,"b:114:31:114:67:114:67:114:Infinity":30,"b:116:6:118:Infinity:undefined:undefined:undefined:undefined":31,"s:116:6:118:Infinity":35,"s:117:8:117:Infinity":36,"b:122:4:132:Infinity:undefined:undefined:undefined:undefined":32,"s:122:4:132:Infinity":37,"b:122:8:122:32:122:32:122:70:122:70:122:104:122:104:122:138":33,"s:123:24:128:Infinity":38,"b:124:30:124:75:124:75:124:Infinity":34,"b:125:44:125:78:125:78:125:Infinity":35,"b:126:40:126:70:126:70:126:Infinity":36,"b:127:42:127:76:127:76:127:Infinity":37,"b:129:6:131:Infinity:undefined:undefined:undefined:undefined":38,"s:129:6:131:Infinity":39,"s:130:8:130:Infinity":40,"b:135:4:140:Infinity:undefined:undefined:undefined:undefined":39,"s:135:4:140:Infinity":41,"s:136:25:138:Infinity":42,"b:137:27:137:59:137:59:137:Infinity":40,"s:139:6:139:Infinity":43,"b:143:4:147:Infinity:undefined:undefined:undefined:undefined":41,"s:143:4:147:Infinity":44,"s:144:6:146:Infinity":45,"f:144:28:144:29":4,"s:145:8:145:Infinity":46,"s:149:4:149:Infinity":47,"s:150:4:150:Infinity":48,"s:153:18:153:Infinity":49,"s:154:2:156:Infinity":50,"f:159:9:159:19":5,"s:160:2:165:Infinity":51}}}
}
